{"numFailedTestSuites":0,"numFailedTests":0,"numPassedTestSuites":11,"numPassedTests":144,"numPendingTestSuites":0,"numPendingTests":0,"numRuntimeErrorTestSuites":0,"numTodoTests":0,"numTotalTestSuites":11,"numTotalTests":144,"openHandles":[],"snapshot":{"added":0,"didUpdate":false,"failure":false,"filesAdded":0,"filesRemoved":0,"filesRemovedList":[],"filesUnmatched":0,"filesUpdated":0,"matched":0,"total":0,"unchecked":0,"uncheckedKeysByFile":[],"unmatched":0,"updated":0},"startTime":1769866274258,"success":true,"testResults":[{"assertionResults":[{"ancestorTitles":["Tests d'intégration - Protection anti-brute force"],"duration":404,"failureDetails":[],"failureMessages":[],"fullName":"Tests d'intégration - Protection anti-brute force Blocage après 5 tentatives échouées","invocations":1,"location":null,"numPassingAsserts":14,"retryReasons":[],"status":"passed","title":"Blocage après 5 tentatives échouées"},{"ancestorTitles":["Tests d'intégration - Protection anti-brute force"],"duration":254,"failureDetails":[],"failureMessages":[],"fullName":"Tests d'intégration - Protection anti-brute force Compteur de tentatives décrémente correctement","invocations":1,"location":null,"numPassingAsserts":3,"retryReasons":[],"status":"passed","title":"Compteur de tentatives décrémente correctement"},{"ancestorTitles":["Tests d'intégration - Protection anti-brute force"],"duration":315,"failureDetails":[],"failureMessages":[],"fullName":"Tests d'intégration - Protection anti-brute force Réinitialisation du compteur après connexion réussie","invocations":1,"location":null,"numPassingAsserts":4,"retryReasons":[],"status":"passed","title":"Réinitialisation du compteur après connexion réussie"},{"ancestorTitles":["Tests d'intégration - Protection anti-brute force"],"duration":65,"failureDetails":[],"failureMessages":[],"fullName":"Tests d'intégration - Protection anti-brute force Le compte reste bloqué pendant toute la durée du lockout","invocations":1,"location":null,"numPassingAsserts":3,"retryReasons":[],"status":"passed","title":"Le compte reste bloqué pendant toute la durée du lockout"},{"ancestorTitles":["Tests d'intégration - Protection anti-brute force"],"duration":126,"failureDetails":[],"failureMessages":[],"fullName":"Tests d'intégration - Protection anti-brute force Le blocage expire après le délai configuré","invocations":1,"location":null,"numPassingAsserts":1,"retryReasons":[],"status":"passed","title":"Le blocage expire après le délai configuré"},{"ancestorTitles":["Tests d'intégration - Protection anti-brute force"],"duration":375,"failureDetails":[],"failureMessages":[],"fullName":"Tests d'intégration - Protection anti-brute force Chaque email a son propre compteur de tentatives","invocations":1,"location":null,"numPassingAsserts":2,"retryReasons":[],"status":"passed","title":"Chaque email a son propre compteur de tentatives"},{"ancestorTitles":["Tests d'intégration - Protection anti-brute force"],"duration":288,"failureDetails":[],"failureMessages":[],"fullName":"Tests d'intégration - Protection anti-brute force Le timestamp last_attempt est mis à jour à chaque tentative","invocations":1,"location":null,"numPassingAsserts":1,"retryReasons":[],"status":"passed","title":"Le timestamp last_attempt est mis à jour à chaque tentative"},{"ancestorTitles":["Tests d'intégration - Protection anti-brute force"],"duration":374,"failureDetails":[],"failureMessages":[],"fullName":"Tests d'intégration - Protection anti-brute force Protection contre les attaques par dictionnaire","invocations":1,"location":null,"numPassingAsserts":6,"retryReasons":[],"status":"passed","title":"Protection contre les attaques par dictionnaire"}],"endTime":1769866276927,"message":"","name":"/Users/bilelazz/Documents/edge/demo/PolytechTours-PadelStarterKit/backend/__tests__/integration/bruteforce.test.js","startTime":1769866274279,"status":"passed","summary":""},{"assertionResults":[{"ancestorTitles":["Tests d'intégration - Authentification","POST /api/v1/auth/register"],"duration":76,"failureDetails":[],"failureMessages":[],"fullName":"Tests d'intégration - Authentification POST /api/v1/auth/register Inscription réussie avec email et mot de passe valides","invocations":1,"location":null,"numPassingAsserts":7,"retryReasons":[],"status":"passed","title":"Inscription réussie avec email et mot de passe valides"},{"ancestorTitles":["Tests d'intégration - Authentification","POST /api/v1/auth/register"],"duration":66,"failureDetails":[],"failureMessages":[],"fullName":"Tests d'intégration - Authentification POST /api/v1/auth/register Inscription échouée - email déjà utilisé","invocations":1,"location":null,"numPassingAsserts":2,"retryReasons":[],"status":"passed","title":"Inscription échouée - email déjà utilisé"},{"ancestorTitles":["Tests d'intégration - Authentification","POST /api/v1/auth/register"],"duration":2,"failureDetails":[],"failureMessages":[],"fullName":"Tests d'intégration - Authentification POST /api/v1/auth/register Inscription échouée - email invalide","invocations":1,"location":null,"numPassingAsserts":2,"retryReasons":[],"status":"passed","title":"Inscription échouée - email invalide"},{"ancestorTitles":["Tests d'intégration - Authentification","POST /api/v1/auth/register"],"duration":3,"failureDetails":[],"failureMessages":[],"fullName":"Tests d'intégration - Authentification POST /api/v1/auth/register Inscription échouée - mot de passe trop court","invocations":1,"location":null,"numPassingAsserts":2,"retryReasons":[],"status":"passed","title":"Inscription échouée - mot de passe trop court"},{"ancestorTitles":["Tests d'intégration - Authentification","POST /api/v1/auth/register"],"duration":2,"failureDetails":[],"failureMessages":[],"fullName":"Tests d'intégration - Authentification POST /api/v1/auth/register Inscription échouée - champs manquants","invocations":1,"location":null,"numPassingAsserts":2,"retryReasons":[],"status":"passed","title":"Inscription échouée - champs manquants"},{"ancestorTitles":["Tests d'intégration - Authentification","POST /api/v1/auth/login"],"duration":124,"failureDetails":[],"failureMessages":[],"fullName":"Tests d'intégration - Authentification POST /api/v1/auth/login Connexion réussie avec credentials valides","invocations":1,"location":null,"numPassingAsserts":4,"retryReasons":[],"status":"passed","title":"Connexion réussie avec credentials valides"},{"ancestorTitles":["Tests d'intégration - Authentification","POST /api/v1/auth/login"],"duration":4,"failureDetails":[],"failureMessages":[],"fullName":"Tests d'intégration - Authentification POST /api/v1/auth/login Connexion échouée - email incorrect","invocations":1,"location":null,"numPassingAsserts":3,"retryReasons":[],"status":"passed","title":"Connexion échouée - email incorrect"},{"ancestorTitles":["Tests d'intégration - Authentification","POST /api/v1/auth/login"],"duration":126,"failureDetails":[],"failureMessages":[],"fullName":"Tests d'intégration - Authentification POST /api/v1/auth/login Connexion échouée - mot de passe incorrect","invocations":1,"location":null,"numPassingAsserts":3,"retryReasons":[],"status":"passed","title":"Connexion échouée - mot de passe incorrect"},{"ancestorTitles":["Tests d'intégration - Authentification","POST /api/v1/auth/login"],"duration":125,"failureDetails":[],"failureMessages":[],"fullName":"Tests d'intégration - Authentification POST /api/v1/auth/login Connexion échouée - compte désactivé","invocations":1,"location":null,"numPassingAsserts":2,"retryReasons":[],"status":"passed","title":"Connexion échouée - compte désactivé"},{"ancestorTitles":["Tests d'intégration - Authentification","POST /api/v1/auth/change-password"],"duration":314,"failureDetails":[],"failureMessages":[],"fullName":"Tests d'intégration - Authentification POST /api/v1/auth/change-password Changement de mot de passe réussi","invocations":1,"location":null,"numPassingAsserts":3,"retryReasons":[],"status":"passed","title":"Changement de mot de passe réussi"},{"ancestorTitles":["Tests d'intégration - Authentification","POST /api/v1/auth/change-password"],"duration":124,"failureDetails":[],"failureMessages":[],"fullName":"Tests d'intégration - Authentification POST /api/v1/auth/change-password Changement échoué - mot de passe actuel incorrect","invocations":1,"location":null,"numPassingAsserts":2,"retryReasons":[],"status":"passed","title":"Changement échoué - mot de passe actuel incorrect"},{"ancestorTitles":["Tests d'intégration - Authentification","POST /api/v1/auth/change-password"],"duration":183,"failureDetails":[],"failureMessages":[],"fullName":"Tests d'intégration - Authentification POST /api/v1/auth/change-password Changement échoué - nouveau mot de passe identique à l'ancien","invocations":1,"location":null,"numPassingAsserts":2,"retryReasons":[],"status":"passed","title":"Changement échoué - nouveau mot de passe identique à l'ancien"},{"ancestorTitles":["Tests d'intégration - Authentification","POST /api/v1/auth/change-password"],"duration":4,"failureDetails":[],"failureMessages":[],"fullName":"Tests d'intégration - Authentification POST /api/v1/auth/change-password Changement échoué - sans authentification","invocations":1,"location":null,"numPassingAsserts":1,"retryReasons":[],"status":"passed","title":"Changement échoué - sans authentification"},{"ancestorTitles":["Tests d'intégration - Authentification","POST /api/v1/auth/change-password"],"duration":2,"failureDetails":[],"failureMessages":[],"fullName":"Tests d'intégration - Authentification POST /api/v1/auth/change-password Changement échoué - token invalide","invocations":1,"location":null,"numPassingAsserts":1,"retryReasons":[],"status":"passed","title":"Changement échoué - token invalide"},{"ancestorTitles":["Tests d'intégration - Authentification","POST /api/v1/auth/logout"],"duration":64,"failureDetails":[],"failureMessages":[],"fullName":"Tests d'intégration - Authentification POST /api/v1/auth/logout Déconnexion réussie avec token valide","invocations":1,"location":null,"numPassingAsserts":2,"retryReasons":[],"status":"passed","title":"Déconnexion réussie avec token valide"},{"ancestorTitles":["Tests d'intégration - Authentification","POST /api/v1/auth/logout"],"duration":2,"failureDetails":[],"failureMessages":[],"fullName":"Tests d'intégration - Authentification POST /api/v1/auth/logout Déconnexion échouée - sans token","invocations":1,"location":null,"numPassingAsserts":1,"retryReasons":[],"status":"passed","title":"Déconnexion échouée - sans token"},{"ancestorTitles":["Tests d'intégration - Authentification","POST /api/v1/auth/logout"],"duration":2,"failureDetails":[],"failureMessages":[],"fullName":"Tests d'intégration - Authentification POST /api/v1/auth/logout Déconnexion échouée - token invalide","invocations":1,"location":null,"numPassingAsserts":1,"retryReasons":[],"status":"passed","title":"Déconnexion échouée - token invalide"}],"endTime":1769866278280,"message":"","name":"/Users/bilelazz/Documents/edge/demo/PolytechTours-PadelStarterKit/backend/__tests__/integration/auth.test.js","startTime":1769866276931,"status":"passed","summary":""},{"assertionResults":[{"ancestorTitles":["Tests d'intégration - Validation des entrées","Validation de l'email"],"duration":259,"failureDetails":[],"failureMessages":[],"fullName":"Tests d'intégration - Validation des entrées Validation de l'email Email valide - formats acceptés","invocations":1,"location":null,"numPassingAsserts":4,"retryReasons":[],"status":"passed","title":"Email valide - formats acceptés"},{"ancestorTitles":["Tests d'intégration - Validation des entrées","Validation de l'email"],"duration":7,"failureDetails":[],"failureMessages":[],"fullName":"Tests d'intégration - Validation des entrées Validation de l'email Email invalide - formats rejetés","invocations":1,"location":null,"numPassingAsserts":14,"retryReasons":[],"status":"passed","title":"Email invalide - formats rejetés"},{"ancestorTitles":["Tests d'intégration - Validation des entrées","Validation de l'email"],"duration":3,"failureDetails":[],"failureMessages":[],"fullName":"Tests d'intégration - Validation des entrées Validation de l'email Email manquant","invocations":1,"location":null,"numPassingAsserts":2,"retryReasons":[],"status":"passed","title":"Email manquant"},{"ancestorTitles":["Tests d'intégration - Validation des entrées","Validation de l'email"],"duration":2,"failureDetails":[],"failureMessages":[],"fullName":"Tests d'intégration - Validation des entrées Validation de l'email Email null ou vide","invocations":1,"location":null,"numPassingAsserts":2,"retryReasons":[],"status":"passed","title":"Email null ou vide"},{"ancestorTitles":["Tests d'intégration - Validation des entrées","Validation du mot de passe"],"duration":188,"failureDetails":[],"failureMessages":[],"fullName":"Tests d'intégration - Validation des entrées Validation du mot de passe Mot de passe valide - longueur minimale respectée","invocations":1,"location":null,"numPassingAsserts":3,"retryReasons":[],"status":"passed","title":"Mot de passe valide - longueur minimale respectée"},{"ancestorTitles":["Tests d'intégration - Validation des entrées","Validation du mot de passe"],"duration":4,"failureDetails":[],"failureMessages":[],"fullName":"Tests d'intégration - Validation des entrées Validation du mot de passe Mot de passe invalide - trop court","invocations":1,"location":null,"numPassingAsserts":6,"retryReasons":[],"status":"passed","title":"Mot de passe invalide - trop court"},{"ancestorTitles":["Tests d'intégration - Validation des entrées","Validation du mot de passe"],"duration":2,"failureDetails":[],"failureMessages":[],"fullName":"Tests d'intégration - Validation des entrées Validation du mot de passe Mot de passe manquant","invocations":1,"location":null,"numPassingAsserts":2,"retryReasons":[],"status":"passed","title":"Mot de passe manquant"},{"ancestorTitles":["Tests d'intégration - Validation des entrées","Validation du mot de passe"],"duration":4,"failureDetails":[],"failureMessages":[],"fullName":"Tests d'intégration - Validation des entrées Validation du mot de passe Mot de passe null ou vide","invocations":1,"location":null,"numPassingAsserts":2,"retryReasons":[],"status":"passed","title":"Mot de passe null ou vide"},{"ancestorTitles":["Tests d'intégration - Validation des entrées","Protection contre les injections"],"duration":12,"failureDetails":[],"failureMessages":[],"fullName":"Tests d'intégration - Validation des entrées Protection contre les injections Protection SQL injection - email","invocations":1,"location":null,"numPassingAsserts":8,"retryReasons":[],"status":"passed","title":"Protection SQL injection - email"},{"ancestorTitles":["Tests d'intégration - Validation des entrées","Protection contre les injections"],"duration":3,"failureDetails":[],"failureMessages":[],"fullName":"Tests d'intégration - Validation des entrées Protection contre les injections Protection XSS - email","invocations":1,"location":null,"numPassingAsserts":6,"retryReasons":[],"status":"passed","title":"Protection XSS - email"},{"ancestorTitles":["Tests d'intégration - Validation des entrées","Protection contre les injections"],"duration":4,"failureDetails":[],"failureMessages":[],"fullName":"Tests d'intégration - Validation des entrées Protection contre les injections Protection contre les caractères spéciaux malveillants","invocations":1,"location":null,"numPassingAsserts":5,"retryReasons":[],"status":"passed","title":"Protection contre les caractères spéciaux malveillants"},{"ancestorTitles":["Tests d'intégration - Validation des entrées","Validation des données de changement de mot de passe"],"duration":309,"failureDetails":[],"failureMessages":[],"fullName":"Tests d'intégration - Validation des entrées Validation des données de changement de mot de passe Nouveau mot de passe trop court devrait être rejeté","invocations":1,"location":null,"numPassingAsserts":0,"retryReasons":[],"status":"passed","title":"Nouveau mot de passe trop court devrait être rejeté"},{"ancestorTitles":["Tests d'intégration - Validation des entrées","Sanitization des sorties"],"duration":4,"failureDetails":[],"failureMessages":[],"fullName":"Tests d'intégration - Validation des entrées Sanitization des sorties Les messages d'erreur ne doivent pas contenir d'informations sensibles","invocations":1,"location":null,"numPassingAsserts":4,"retryReasons":[],"status":"passed","title":"Les messages d'erreur ne doivent pas contenir d'informations sensibles"},{"ancestorTitles":["Tests d'intégration - Validation des entrées","Sanitization des sorties"],"duration":63,"failureDetails":[],"failureMessages":[],"fullName":"Tests d'intégration - Validation des entrées Sanitization des sorties Les réponses ne doivent pas contenir de hash de mot de passe","invocations":1,"location":null,"numPassingAsserts":3,"retryReasons":[],"status":"passed","title":"Les réponses ne doivent pas contenir de hash de mot de passe"}],"endTime":1769866279282,"message":"","name":"/Users/bilelazz/Documents/edge/demo/PolytechTours-PadelStarterKit/backend/__tests__/integration/validation.test.js","startTime":1769866278284,"status":"passed","summary":""},{"assertionResults":[{"ancestorTitles":["Tests de sécurité complets (SC11)","TC069 - Protection contre l'injection SQL"],"duration":21,"failureDetails":[],"failureMessages":[],"fullName":"Tests de sécurité complets (SC11) TC069 - Protection contre l'injection SQL Injection SQL dans email bloquée","invocations":1,"location":null,"numPassingAsserts":20,"retryReasons":[],"status":"passed","title":"Injection SQL dans email bloquée"},{"ancestorTitles":["Tests de sécurité complets (SC11)","TC069 - Protection contre l'injection SQL"],"duration":5,"failureDetails":[],"failureMessages":[],"fullName":"Tests de sécurité complets (SC11) TC069 - Protection contre l'injection SQL Injection SQL dans password bloquée","invocations":1,"location":null,"numPassingAsserts":2,"retryReasons":[],"status":"passed","title":"Injection SQL dans password bloquée"},{"ancestorTitles":["Tests de sécurité complets (SC11)","TC070 - Protection contre XSS"],"duration":6,"failureDetails":[],"failureMessages":[],"fullName":"Tests de sécurité complets (SC11) TC070 - Protection contre XSS Script XSS échappé dans les réponses","invocations":1,"location":null,"numPassingAsserts":5,"retryReasons":[],"status":"passed","title":"Script XSS échappé dans les réponses"},{"ancestorTitles":["Tests de sécurité complets (SC11)","TC070 - Protection contre XSS"],"duration":2,"failureDetails":[],"failureMessages":[],"fullName":"Tests de sécurité complets (SC11) TC070 - Protection contre XSS Caractères dangereux rejetés dans l'email","invocations":1,"location":null,"numPassingAsserts":1,"retryReasons":[],"status":"passed","title":"Caractères dangereux rejetés dans l'email"},{"ancestorTitles":["Tests de sécurité complets (SC11)","TC071 - Headers de sécurité présents"],"duration":4,"failureDetails":[],"failureMessages":[],"fullName":"Tests de sécurité complets (SC11) TC071 - Headers de sécurité présents X-Content-Type-Options présent","invocations":1,"location":null,"numPassingAsserts":1,"retryReasons":[],"status":"passed","title":"X-Content-Type-Options présent"},{"ancestorTitles":["Tests de sécurité complets (SC11)","TC071 - Headers de sécurité présents"],"duration":3,"failureDetails":[],"failureMessages":[],"fullName":"Tests de sécurité complets (SC11) TC071 - Headers de sécurité présents X-Frame-Options présent","invocations":1,"location":null,"numPassingAsserts":1,"retryReasons":[],"status":"passed","title":"X-Frame-Options présent"},{"ancestorTitles":["Tests de sécurité complets (SC11)","TC071 - Headers de sécurité présents"],"duration":3,"failureDetails":[],"failureMessages":[],"fullName":"Tests de sécurité complets (SC11) TC071 - Headers de sécurité présents X-XSS-Protection présent","invocations":1,"location":null,"numPassingAsserts":1,"retryReasons":[],"status":"passed","title":"X-XSS-Protection présent"},{"ancestorTitles":["Tests de sécurité complets (SC11)","TC071 - Headers de sécurité présents"],"duration":4,"failureDetails":[],"failureMessages":[],"fullName":"Tests de sécurité complets (SC11) TC071 - Headers de sécurité présents X-Powered-By absent","invocations":1,"location":null,"numPassingAsserts":1,"retryReasons":[],"status":"passed","title":"X-Powered-By absent"},{"ancestorTitles":["Tests de sécurité complets (SC11)","TC072 - Mots de passe hashés en base"],"duration":71,"failureDetails":[],"failureMessages":[],"fullName":"Tests de sécurité complets (SC11) TC072 - Mots de passe hashés en base Le mot de passe n'est jamais stocké en clair","invocations":1,"location":null,"numPassingAsserts":4,"retryReasons":[],"status":"passed","title":"Le mot de passe n'est jamais stocké en clair"},{"ancestorTitles":["Tests de sécurité complets (SC11)","TC072 - Mots de passe hashés en base"],"duration":126,"failureDetails":[],"failureMessages":[],"fullName":"Tests de sécurité complets (SC11) TC072 - Mots de passe hashés en base Deux utilisateurs avec le même mot de passe ont des hashes différents","invocations":1,"location":null,"numPassingAsserts":1,"retryReasons":[],"status":"passed","title":"Deux utilisateurs avec le même mot de passe ont des hashes différents"},{"ancestorTitles":["Tests de sécurité complets (SC11)","TC073 - Validation du token JWT"],"duration":65,"failureDetails":[],"failureMessages":[],"fullName":"Tests de sécurité complets (SC11) TC073 - Validation du token JWT Token JWT modifié manuellement retourne 401","invocations":1,"location":null,"numPassingAsserts":1,"retryReasons":[],"status":"passed","title":"Token JWT modifié manuellement retourne 401"},{"ancestorTitles":["Tests de sécurité complets (SC11)","TC073 - Validation du token JWT"],"duration":2,"failureDetails":[],"failureMessages":[],"fullName":"Tests de sécurité complets (SC11) TC073 - Validation du token JWT Token JWT malformé retourne 401","invocations":1,"location":null,"numPassingAsserts":1,"retryReasons":[],"status":"passed","title":"Token JWT malformé retourne 401"},{"ancestorTitles":["Tests de sécurité complets (SC11)","TC073 - Validation du token JWT"],"duration":2,"failureDetails":[],"failureMessages":[],"fullName":"Tests de sécurité complets (SC11) TC073 - Validation du token JWT Token JWT avec payload modifié retourne 401","invocations":1,"location":null,"numPassingAsserts":1,"retryReasons":[],"status":"passed","title":"Token JWT avec payload modifié retourne 401"},{"ancestorTitles":["Tests de sécurité complets (SC11)","TC074 - Gestion sécurisée des erreurs"],"duration":4,"failureDetails":[],"failureMessages":[],"fullName":"Tests de sécurité complets (SC11) TC074 - Gestion sécurisée des erreurs Erreurs ne révèlent pas d'infos sensibles (stack trace)","invocations":1,"location":null,"numPassingAsserts":4,"retryReasons":[],"status":"passed","title":"Erreurs ne révèlent pas d'infos sensibles (stack trace)"},{"ancestorTitles":["Tests de sécurité complets (SC11)","TC074 - Gestion sécurisée des erreurs"],"duration":6,"failureDetails":[],"failureMessages":[],"fullName":"Tests de sécurité complets (SC11) TC074 - Gestion sécurisée des erreurs Erreurs ne révèlent pas d'infos sur la base de données","invocations":1,"location":null,"numPassingAsserts":5,"retryReasons":[],"status":"passed","title":"Erreurs ne révèlent pas d'infos sur la base de données"},{"ancestorTitles":["Tests de sécurité complets (SC11)","TC074 - Gestion sécurisée des erreurs"],"duration":4,"failureDetails":[],"failureMessages":[],"fullName":"Tests de sécurité complets (SC11) TC074 - Gestion sécurisée des erreurs Message d'erreur générique pour login échoué","invocations":1,"location":null,"numPassingAsserts":2,"retryReasons":[],"status":"passed","title":"Message d'erreur générique pour login échoué"},{"ancestorTitles":["Tests de sécurité complets (SC11)","TC075 - Variables d'environnement"],"duration":4,"failureDetails":[],"failureMessages":[],"fullName":"Tests de sécurité complets (SC11) TC075 - Variables d'environnement SECRET_KEY n'est pas exposé dans les réponses","invocations":1,"location":null,"numPassingAsserts":2,"retryReasons":[],"status":"passed","title":"SECRET_KEY n'est pas exposé dans les réponses"},{"ancestorTitles":["Tests de sécurité complets (SC11)","TC075 - Variables d'environnement"],"duration":127,"failureDetails":[],"failureMessages":[],"fullName":"Tests de sécurité complets (SC11) TC075 - Variables d'environnement Les tokens JWT ne contiennent pas de données sensibles","invocations":1,"location":null,"numPassingAsserts":6,"retryReasons":[],"status":"passed","title":"Les tokens JWT ne contiennent pas de données sensibles"},{"ancestorTitles":["Tests de sécurité complets (SC11)","TC001-TC006 - Tests d'authentification"],"duration":126,"failureDetails":[],"failureMessages":[],"fullName":"Tests de sécurité complets (SC11) TC001-TC006 - Tests d'authentification TC001 - Connexion réussie avec credentials valides","invocations":1,"location":null,"numPassingAsserts":3,"retryReasons":[],"status":"passed","title":"TC001 - Connexion réussie avec credentials valides"},{"ancestorTitles":["Tests de sécurité complets (SC11)","TC001-TC006 - Tests d'authentification"],"duration":128,"failureDetails":[],"failureMessages":[],"fullName":"Tests de sécurité complets (SC11) TC001-TC006 - Tests d'authentification TC002 - Mot de passe invalide affiche erreur et décrémente compteur","invocations":1,"location":null,"numPassingAsserts":4,"retryReasons":[],"status":"passed","title":"TC002 - Mot de passe invalide affiche erreur et décrémente compteur"},{"ancestorTitles":["Tests de sécurité complets (SC11)","TC001-TC006 - Tests d'authentification"],"duration":3,"failureDetails":[],"failureMessages":[],"fullName":"Tests de sécurité complets (SC11) TC001-TC006 - Tests d'authentification TC005 - Token JWT expiré retourne 401","invocations":1,"location":null,"numPassingAsserts":1,"retryReasons":[],"status":"passed","title":"TC005 - Token JWT expiré retourne 401"},{"ancestorTitles":["Tests de sécurité complets (SC11)","TC001-TC006 - Tests d'authentification"],"duration":2,"failureDetails":[],"failureMessages":[],"fullName":"Tests de sécurité complets (SC11) TC001-TC006 - Tests d'authentification TC006 - Requête sans token retourne 401","invocations":1,"location":null,"numPassingAsserts":1,"retryReasons":[],"status":"passed","title":"TC006 - Requête sans token retourne 401"}],"endTime":1769866280174,"message":"","name":"/Users/bilelazz/Documents/edge/demo/PolytechTours-PadelStarterKit/backend/__tests__/integration/security-complete.test.js","startTime":1769866279285,"status":"passed","summary":""},{"assertionResults":[{"ancestorTitles":["Tests d'intégration - Inscription (Register)","POST /api/v1/auth/register - Cas de succès"],"duration":77,"failureDetails":[],"failureMessages":[],"fullName":"Tests d'intégration - Inscription (Register) POST /api/v1/auth/register - Cas de succès Inscription réussie avec email et mot de passe valides","invocations":1,"location":null,"numPassingAsserts":7,"retryReasons":[],"status":"passed","title":"Inscription réussie avec email et mot de passe valides"},{"ancestorTitles":["Tests d'intégration - Inscription (Register)","POST /api/v1/auth/register - Cas de succès"],"duration":64,"failureDetails":[],"failureMessages":[],"fullName":"Tests d'intégration - Inscription (Register) POST /api/v1/auth/register - Cas de succès Le nouvel utilisateur reçoit le rôle JOUEUR par défaut","invocations":1,"location":null,"numPassingAsserts":2,"retryReasons":[],"status":"passed","title":"Le nouvel utilisateur reçoit le rôle JOUEUR par défaut"},{"ancestorTitles":["Tests d'intégration - Inscription (Register)","POST /api/v1/auth/register - Cas de succès"],"duration":67,"failureDetails":[],"failureMessages":[],"fullName":"Tests d'intégration - Inscription (Register) POST /api/v1/auth/register - Cas de succès Le token JWT est retourné après inscription","invocations":1,"location":null,"numPassingAsserts":4,"retryReasons":[],"status":"passed","title":"Le token JWT est retourné après inscription"},{"ancestorTitles":["Tests d'intégration - Inscription (Register)","POST /api/v1/auth/register - Cas de succès"],"duration":68,"failureDetails":[],"failureMessages":[],"fullName":"Tests d'intégration - Inscription (Register) POST /api/v1/auth/register - Cas de succès Le mot de passe n'est pas retourné dans la réponse","invocations":1,"location":null,"numPassingAsserts":4,"retryReasons":[],"status":"passed","title":"Le mot de passe n'est pas retourné dans la réponse"},{"ancestorTitles":["Tests d'intégration - Inscription (Register)","POST /api/v1/auth/register - Validation email"],"duration":64,"failureDetails":[],"failureMessages":[],"fullName":"Tests d'intégration - Inscription (Register) POST /api/v1/auth/register - Validation email Inscription échouée - email déjà utilisé","invocations":1,"location":null,"numPassingAsserts":2,"retryReasons":[],"status":"passed","title":"Inscription échouée - email déjà utilisé"},{"ancestorTitles":["Tests d'intégration - Inscription (Register)","POST /api/v1/auth/register - Validation email"],"duration":2,"failureDetails":[],"failureMessages":[],"fullName":"Tests d'intégration - Inscription (Register) POST /api/v1/auth/register - Validation email Inscription échouée - email invalide (pas de @)","invocations":1,"location":null,"numPassingAsserts":2,"retryReasons":[],"status":"passed","title":"Inscription échouée - email invalide (pas de @)"},{"ancestorTitles":["Tests d'intégration - Inscription (Register)","POST /api/v1/auth/register - Validation email"],"duration":1,"failureDetails":[],"failureMessages":[],"fullName":"Tests d'intégration - Inscription (Register) POST /api/v1/auth/register - Validation email Inscription échouée - email invalide (pas de domaine)","invocations":1,"location":null,"numPassingAsserts":2,"retryReasons":[],"status":"passed","title":"Inscription échouée - email invalide (pas de domaine)"},{"ancestorTitles":["Tests d'intégration - Inscription (Register)","POST /api/v1/auth/register - Validation email"],"duration":3,"failureDetails":[],"failureMessages":[],"fullName":"Tests d'intégration - Inscription (Register) POST /api/v1/auth/register - Validation email Inscription échouée - email manquant","invocations":1,"location":null,"numPassingAsserts":2,"retryReasons":[],"status":"passed","title":"Inscription échouée - email manquant"},{"ancestorTitles":["Tests d'intégration - Inscription (Register)","POST /api/v1/auth/register - Validation email"],"duration":2,"failureDetails":[],"failureMessages":[],"fullName":"Tests d'intégration - Inscription (Register) POST /api/v1/auth/register - Validation email Inscription échouée - email vide","invocations":1,"location":null,"numPassingAsserts":1,"retryReasons":[],"status":"passed","title":"Inscription échouée - email vide"},{"ancestorTitles":["Tests d'intégration - Inscription (Register)","POST /api/v1/auth/register - Validation email"],"duration":4,"failureDetails":[],"failureMessages":[],"fullName":"Tests d'intégration - Inscription (Register) POST /api/v1/auth/register - Validation email Inscription échouée - email avec caractères XSS","invocations":1,"location":null,"numPassingAsserts":3,"retryReasons":[],"status":"passed","title":"Inscription échouée - email avec caractères XSS"},{"ancestorTitles":["Tests d'intégration - Inscription (Register)","POST /api/v1/auth/register - Validation mot de passe"],"duration":2,"failureDetails":[],"failureMessages":[],"fullName":"Tests d'intégration - Inscription (Register) POST /api/v1/auth/register - Validation mot de passe Inscription échouée - mot de passe trop court","invocations":1,"location":null,"numPassingAsserts":2,"retryReasons":[],"status":"passed","title":"Inscription échouée - mot de passe trop court"},{"ancestorTitles":["Tests d'intégration - Inscription (Register)","POST /api/v1/auth/register - Validation mot de passe"],"duration":2,"failureDetails":[],"failureMessages":[],"fullName":"Tests d'intégration - Inscription (Register) POST /api/v1/auth/register - Validation mot de passe Inscription échouée - mot de passe manquant","invocations":1,"location":null,"numPassingAsserts":2,"retryReasons":[],"status":"passed","title":"Inscription échouée - mot de passe manquant"},{"ancestorTitles":["Tests d'intégration - Inscription (Register)","POST /api/v1/auth/register - Validation mot de passe"],"duration":2,"failureDetails":[],"failureMessages":[],"fullName":"Tests d'intégration - Inscription (Register) POST /api/v1/auth/register - Validation mot de passe Inscription échouée - mot de passe vide","invocations":1,"location":null,"numPassingAsserts":1,"retryReasons":[],"status":"passed","title":"Inscription échouée - mot de passe vide"},{"ancestorTitles":["Tests d'intégration - Inscription (Register)","POST /api/v1/auth/register - Validation mot de passe"],"duration":64,"failureDetails":[],"failureMessages":[],"fullName":"Tests d'intégration - Inscription (Register) POST /api/v1/auth/register - Validation mot de passe Inscription réussie avec mot de passe de 8 caractères exactement","invocations":1,"location":null,"numPassingAsserts":1,"retryReasons":[],"status":"passed","title":"Inscription réussie avec mot de passe de 8 caractères exactement"},{"ancestorTitles":["Tests d'intégration - Inscription (Register)","POST /api/v1/auth/register - Sécurité"],"duration":65,"failureDetails":[],"failureMessages":[],"fullName":"Tests d'intégration - Inscription (Register) POST /api/v1/auth/register - Sécurité Le mot de passe est hashé en base de données","invocations":1,"location":null,"numPassingAsserts":3,"retryReasons":[],"status":"passed","title":"Le mot de passe est hashé en base de données"},{"ancestorTitles":["Tests d'intégration - Inscription (Register)","POST /api/v1/auth/register - Sécurité"],"duration":4,"failureDetails":[],"failureMessages":[],"fullName":"Tests d'intégration - Inscription (Register) POST /api/v1/auth/register - Sécurité Protection contre l'injection SQL dans l'email","invocations":1,"location":null,"numPassingAsserts":6,"retryReasons":[],"status":"passed","title":"Protection contre l'injection SQL dans l'email"},{"ancestorTitles":["Tests d'intégration - Inscription (Register)","POST /api/v1/auth/register - Connexion après inscription"],"duration":128,"failureDetails":[],"failureMessages":[],"fullName":"Tests d'intégration - Inscription (Register) POST /api/v1/auth/register - Connexion après inscription L'utilisateur peut se connecter après inscription","invocations":1,"location":null,"numPassingAsserts":3,"retryReasons":[],"status":"passed","title":"L'utilisateur peut se connecter après inscription"}],"endTime":1769866280921,"message":"","name":"/Users/bilelazz/Documents/edge/demo/PolytechTours-PadelStarterKit/backend/__tests__/integration/register.test.js","startTime":1769866280178,"status":"passed","summary":""},{"assertionResults":[{"ancestorTitles":["Tests unitaires de sécurité","Hashing bcrypt"],"duration":66,"failureDetails":[],"failureMessages":[],"fullName":"Tests unitaires de sécurité Hashing bcrypt Le hash ne doit pas être identique au mot de passe en clair","invocations":1,"location":null,"numPassingAsserts":2,"retryReasons":[],"status":"passed","title":"Le hash ne doit pas être identique au mot de passe en clair"},{"ancestorTitles":["Tests unitaires de sécurité","Hashing bcrypt"],"duration":121,"failureDetails":[],"failureMessages":[],"fullName":"Tests unitaires de sécurité Hashing bcrypt Le même mot de passe doit générer des hashes différents","invocations":1,"location":null,"numPassingAsserts":1,"retryReasons":[],"status":"passed","title":"Le même mot de passe doit générer des hashes différents"},{"ancestorTitles":["Tests unitaires de sécurité","Hashing bcrypt"],"duration":119,"failureDetails":[],"failureMessages":[],"fullName":"Tests unitaires de sécurité Hashing bcrypt La vérification du mot de passe doit fonctionner","invocations":1,"location":null,"numPassingAsserts":1,"retryReasons":[],"status":"passed","title":"La vérification du mot de passe doit fonctionner"},{"ancestorTitles":["Tests unitaires de sécurité","Hashing bcrypt"],"duration":126,"failureDetails":[],"failureMessages":[],"fullName":"Tests unitaires de sécurité Hashing bcrypt Un mauvais mot de passe ne doit pas passer la vérification","invocations":1,"location":null,"numPassingAsserts":1,"retryReasons":[],"status":"passed","title":"Un mauvais mot de passe ne doit pas passer la vérification"},{"ancestorTitles":["Tests unitaires de sécurité","Hashing bcrypt"],"duration":62,"failureDetails":[],"failureMessages":[],"fullName":"Tests unitaires de sécurité Hashing bcrypt Le coût de hashing doit être suffisant (>= 10)","invocations":1,"location":null,"numPassingAsserts":1,"retryReasons":[],"status":"passed","title":"Le coût de hashing doit être suffisant (>= 10)"},{"ancestorTitles":["Tests unitaires de sécurité","JWT (JSON Web Tokens)"],"duration":3,"failureDetails":[],"failureMessages":[],"fullName":"Tests unitaires de sécurité JWT (JSON Web Tokens) Création de token JWT","invocations":1,"location":null,"numPassingAsserts":3,"retryReasons":[],"status":"passed","title":"Création de token JWT"},{"ancestorTitles":["Tests unitaires de sécurité","JWT (JSON Web Tokens)"],"duration":2,"failureDetails":[],"failureMessages":[],"fullName":"Tests unitaires de sécurité JWT (JSON Web Tokens) Décodage de token JWT valide","invocations":1,"location":null,"numPassingAsserts":4,"retryReasons":[],"status":"passed","title":"Décodage de token JWT valide"},{"ancestorTitles":["Tests unitaires de sécurité","JWT (JSON Web Tokens)"],"duration":3,"failureDetails":[],"failureMessages":[],"fullName":"Tests unitaires de sécurité JWT (JSON Web Tokens) Token invalide doit lever une erreur","invocations":1,"location":null,"numPassingAsserts":1,"retryReasons":[],"status":"passed","title":"Token invalide doit lever une erreur"},{"ancestorTitles":["Tests unitaires de sécurité","JWT (JSON Web Tokens)"],"duration":2,"failureDetails":[],"failureMessages":[],"fullName":"Tests unitaires de sécurité JWT (JSON Web Tokens) Token avec mauvaise signature doit lever une erreur","invocations":1,"location":null,"numPassingAsserts":1,"retryReasons":[],"status":"passed","title":"Token avec mauvaise signature doit lever une erreur"},{"ancestorTitles":["Tests unitaires de sécurité","JWT (JSON Web Tokens)"],"duration":2,"failureDetails":[],"failureMessages":[],"fullName":"Tests unitaires de sécurité JWT (JSON Web Tokens) Token expiré doit lever une erreur","invocations":1,"location":null,"numPassingAsserts":1,"retryReasons":[],"status":"passed","title":"Token expiré doit lever une erreur"},{"ancestorTitles":["Tests unitaires de sécurité","JWT (JSON Web Tokens)"],"duration":2,"failureDetails":[],"failureMessages":[],"fullName":"Tests unitaires de sécurité JWT (JSON Web Tokens) Le payload du token ne doit pas contenir de données sensibles","invocations":1,"location":null,"numPassingAsserts":2,"retryReasons":[],"status":"passed","title":"Le payload du token ne doit pas contenir de données sensibles"},{"ancestorTitles":["Tests unitaires de sécurité","Validation des entrées"],"duration":1,"failureDetails":[],"failureMessages":[],"fullName":"Tests unitaires de sécurité Validation des entrées Validation email - format valide","invocations":1,"location":null,"numPassingAsserts":3,"retryReasons":[],"status":"passed","title":"Validation email - format valide"},{"ancestorTitles":["Tests unitaires de sécurité","Validation des entrées"],"duration":1,"failureDetails":[],"failureMessages":[],"fullName":"Tests unitaires de sécurité Validation des entrées Validation email - format invalide","invocations":1,"location":null,"numPassingAsserts":4,"retryReasons":[],"status":"passed","title":"Validation email - format invalide"},{"ancestorTitles":["Tests unitaires de sécurité","Validation des entrées"],"duration":1,"failureDetails":[],"failureMessages":[],"fullName":"Tests unitaires de sécurité Validation des entrées Validation mot de passe - longueur minimale","invocations":1,"location":null,"numPassingAsserts":4,"retryReasons":[],"status":"passed","title":"Validation mot de passe - longueur minimale"}],"endTime":1769866281532,"message":"","name":"/Users/bilelazz/Documents/edge/demo/PolytechTours-PadelStarterKit/backend/__tests__/unit/security.test.js","startTime":1769866280924,"status":"passed","summary":""},{"assertionResults":[{"ancestorTitles":["Tests unitaires - Création d'administrateur","Création d'un administrateur via le modèle User"],"duration":129,"failureDetails":[],"failureMessages":[],"fullName":"Tests unitaires - Création d'administrateur Création d'un administrateur via le modèle User Création d'un admin avec des données valides","invocations":1,"location":null,"numPassingAsserts":6,"retryReasons":[],"status":"passed","title":"Création d'un admin avec des données valides"},{"ancestorTitles":["Tests unitaires - Création d'administrateur","Création d'un administrateur via le modèle User"],"duration":63,"failureDetails":[],"failureMessages":[],"fullName":"Tests unitaires - Création d'administrateur Création d'un administrateur via le modèle User Le rôle admin doit être ADMINISTRATEUR","invocations":1,"location":null,"numPassingAsserts":2,"retryReasons":[],"status":"passed","title":"Le rôle admin doit être ADMINISTRATEUR"},{"ancestorTitles":["Tests unitaires - Création d'administrateur","Création d'un administrateur via le modèle User"],"duration":61,"failureDetails":[],"failureMessages":[],"fullName":"Tests unitaires - Création d'administrateur Création d'un administrateur via le modèle User Le hash du mot de passe admin doit être sécurisé","invocations":1,"location":null,"numPassingAsserts":3,"retryReasons":[],"status":"passed","title":"Le hash du mot de passe admin doit être sécurisé"},{"ancestorTitles":["Tests unitaires - Création d'administrateur","Création d'un administrateur via le modèle User"],"duration":63,"failureDetails":[],"failureMessages":[],"fullName":"Tests unitaires - Création d'administrateur Création d'un administrateur via le modèle User Email admin doit être unique","invocations":1,"location":null,"numPassingAsserts":1,"retryReasons":[],"status":"passed","title":"Email admin doit être unique"},{"ancestorTitles":["Tests unitaires - Création d'administrateur","Création d'un administrateur via le modèle User"],"duration":62,"failureDetails":[],"failureMessages":[],"fullName":"Tests unitaires - Création d'administrateur Création d'un administrateur via le modèle User Admin peut être désactivé","invocations":1,"location":null,"numPassingAsserts":1,"retryReasons":[],"status":"passed","title":"Admin peut être désactivé"},{"ancestorTitles":["Tests unitaires - Création d'administrateur","Validation des données admin"],"duration":63,"failureDetails":[],"failureMessages":[],"fullName":"Tests unitaires - Création d'administrateur Validation des données admin Email requis pour créer un admin","invocations":1,"location":null,"numPassingAsserts":1,"retryReasons":[],"status":"passed","title":"Email requis pour créer un admin"},{"ancestorTitles":["Tests unitaires - Création d'administrateur","Validation des données admin"],"duration":1,"failureDetails":[],"failureMessages":[],"fullName":"Tests unitaires - Création d'administrateur Validation des données admin Password hash requis pour créer un admin","invocations":1,"location":null,"numPassingAsserts":1,"retryReasons":[],"status":"passed","title":"Password hash requis pour créer un admin"},{"ancestorTitles":["Tests unitaires - Création d'administrateur","Validation des données admin"],"duration":62,"failureDetails":[],"failureMessages":[],"fullName":"Tests unitaires - Création d'administrateur Validation des données admin Rôle requis pour créer un admin","invocations":1,"location":null,"numPassingAsserts":1,"retryReasons":[],"status":"passed","title":"Rôle requis pour créer un admin"}],"endTime":1769866282129,"message":"","name":"/Users/bilelazz/Documents/edge/demo/PolytechTours-PadelStarterKit/backend/__tests__/unit/createAdmin.test.js","startTime":1769866281534,"status":"passed","summary":""},{"assertionResults":[{"ancestorTitles":["Tests d'intégration - Gestion des poules (SC04)","TC019 - Création de poule avec 6 équipes"],"duration":54,"failureDetails":[],"failureMessages":[],"fullName":"Tests d'intégration - Gestion des poules (SC04) TC019 - Création de poule avec 6 équipes Admin crée une poule avec exactement 6 équipes - code 201","invocations":1,"location":null,"numPassingAsserts":4,"retryReasons":[],"status":"passed","title":"Admin crée une poule avec exactement 6 équipes - code 201"},{"ancestorTitles":["Tests d'intégration - Gestion des poules (SC04)","TC020 - Validation: exactement 6 équipes (trop peu)"],"duration":30,"failureDetails":[],"failureMessages":[],"fullName":"Tests d'intégration - Gestion des poules (SC04) TC020 - Validation: exactement 6 équipes (trop peu) Erreur 400 si moins de 6 équipes (5 équipes)","invocations":1,"location":null,"numPassingAsserts":1,"retryReasons":[],"status":"passed","title":"Erreur 400 si moins de 6 équipes (5 équipes)"},{"ancestorTitles":["Tests d'intégration - Gestion des poules (SC04)","TC021 - Validation: exactement 6 équipes (trop)"],"duration":36,"failureDetails":[],"failureMessages":[],"fullName":"Tests d'intégration - Gestion des poules (SC04) TC021 - Validation: exactement 6 équipes (trop) Erreur 400 si plus de 6 équipes (7 équipes)","invocations":1,"location":null,"numPassingAsserts":1,"retryReasons":[],"status":"passed","title":"Erreur 400 si plus de 6 équipes (7 équipes)"},{"ancestorTitles":["Tests d'intégration - Gestion des poules (SC04)","TC022 - Unicité du nom de poule"],"duration":67,"failureDetails":[],"failureMessages":[],"fullName":"Tests d'intégration - Gestion des poules (SC04) TC022 - Unicité du nom de poule Erreur si nom de poule déjà existant","invocations":1,"location":null,"numPassingAsserts":1,"retryReasons":[],"status":"passed","title":"Erreur si nom de poule déjà existant"},{"ancestorTitles":["Tests d'intégration - Gestion des poules (SC04)","TC023 - Suppression de poule avec matchs"],"duration":40,"failureDetails":[],"failureMessages":[],"fullName":"Tests d'intégration - Gestion des poules (SC04) TC023 - Suppression de poule avec matchs Impossible de supprimer une poule avec des matchs joués","invocations":1,"location":null,"numPassingAsserts":2,"retryReasons":[],"status":"passed","title":"Impossible de supprimer une poule avec des matchs joués"},{"ancestorTitles":["Tests d'intégration - Gestion des poules (SC04)","TC023 - Suppression de poule avec matchs"],"duration":37,"failureDetails":[],"failureMessages":[],"fullName":"Tests d'intégration - Gestion des poules (SC04) TC023 - Suppression de poule avec matchs Suppression réussie d'une poule sans matchs","invocations":1,"location":null,"numPassingAsserts":2,"retryReasons":[],"status":"passed","title":"Suppression réussie d'une poule sans matchs"},{"ancestorTitles":["Tests d'intégration - Gestion des poules (SC04)","Liste et récupération des poules"],"duration":5,"failureDetails":[],"failureMessages":[],"fullName":"Tests d'intégration - Gestion des poules (SC04) Liste et récupération des poules Liste des poules retourne les données","invocations":1,"location":null,"numPassingAsserts":3,"retryReasons":[],"status":"passed","title":"Liste des poules retourne les données"}],"endTime":1769866282533,"message":"","name":"/Users/bilelazz/Documents/edge/demo/PolytechTours-PadelStarterKit/backend/__tests__/integration/pools.test.js","startTime":1769866282131,"status":"passed","summary":""},{"assertionResults":[{"ancestorTitles":["Tests d'intégration - Headers de sécurité","X-Content-Type-Options"],"duration":3,"failureDetails":[],"failureMessages":[],"fullName":"Tests d'intégration - Headers de sécurité X-Content-Type-Options Header X-Content-Type-Options doit être présent","invocations":1,"location":null,"numPassingAsserts":1,"retryReasons":[],"status":"passed","title":"Header X-Content-Type-Options doit être présent"},{"ancestorTitles":["Tests d'intégration - Headers de sécurité","X-Content-Type-Options"],"duration":75,"failureDetails":[],"failureMessages":[],"fullName":"Tests d'intégration - Headers de sécurité X-Content-Type-Options X-Content-Type-Options présent sur toutes les routes","invocations":1,"location":null,"numPassingAsserts":2,"retryReasons":[],"status":"passed","title":"X-Content-Type-Options présent sur toutes les routes"},{"ancestorTitles":["Tests d'intégration - Headers de sécurité","X-Frame-Options"],"duration":2,"failureDetails":[],"failureMessages":[],"fullName":"Tests d'intégration - Headers de sécurité X-Frame-Options Header X-Frame-Options doit être DENY","invocations":1,"location":null,"numPassingAsserts":1,"retryReasons":[],"status":"passed","title":"Header X-Frame-Options doit être DENY"},{"ancestorTitles":["Tests d'intégration - Headers de sécurité","X-Frame-Options"],"duration":2,"failureDetails":[],"failureMessages":[],"fullName":"Tests d'intégration - Headers de sécurité X-Frame-Options Protection contre le clickjacking activée","invocations":1,"location":null,"numPassingAsserts":1,"retryReasons":[],"status":"passed","title":"Protection contre le clickjacking activée"},{"ancestorTitles":["Tests d'intégration - Headers de sécurité","X-XSS-Protection"],"duration":2,"failureDetails":[],"failureMessages":[],"fullName":"Tests d'intégration - Headers de sécurité X-XSS-Protection Header X-XSS-Protection doit être activé","invocations":1,"location":null,"numPassingAsserts":1,"retryReasons":[],"status":"passed","title":"Header X-XSS-Protection doit être activé"},{"ancestorTitles":["Tests d'intégration - Headers de sécurité","X-XSS-Protection"],"duration":5,"failureDetails":[],"failureMessages":[],"fullName":"Tests d'intégration - Headers de sécurité X-XSS-Protection Protection XSS en mode blocage","invocations":1,"location":null,"numPassingAsserts":2,"retryReasons":[],"status":"passed","title":"Protection XSS en mode blocage"},{"ancestorTitles":["Tests d'intégration - Headers de sécurité","CORS Headers"],"duration":2,"failureDetails":[],"failureMessages":[],"fullName":"Tests d'intégration - Headers de sécurité CORS Headers CORS doit permettre les credentials","invocations":1,"location":null,"numPassingAsserts":1,"retryReasons":[],"status":"passed","title":"CORS doit permettre les credentials"},{"ancestorTitles":["Tests d'intégration - Headers de sécurité","CORS Headers"],"duration":2,"failureDetails":[],"failureMessages":[],"fullName":"Tests d'intégration - Headers de sécurité CORS Headers CORS doit refléter l'origine de la requête","invocations":1,"location":null,"numPassingAsserts":1,"retryReasons":[],"status":"passed","title":"CORS doit refléter l'origine de la requête"},{"ancestorTitles":["Tests d'intégration - Headers de sécurité","CORS Headers"],"duration":2,"failureDetails":[],"failureMessages":[],"fullName":"Tests d'intégration - Headers de sécurité CORS Headers Preflight request OPTIONS doit être supporté","invocations":1,"location":null,"numPassingAsserts":2,"retryReasons":[],"status":"passed","title":"Preflight request OPTIONS doit être supporté"},{"ancestorTitles":["Tests d'intégration - Headers de sécurité","Content-Type Header"],"duration":2,"failureDetails":[],"failureMessages":[],"fullName":"Tests d'intégration - Headers de sécurité Content-Type Header Les réponses JSON doivent avoir le bon Content-Type","invocations":1,"location":null,"numPassingAsserts":1,"retryReasons":[],"status":"passed","title":"Les réponses JSON doivent avoir le bon Content-Type"},{"ancestorTitles":["Tests d'intégration - Headers de sécurité","Content-Type Header"],"duration":66,"failureDetails":[],"failureMessages":[],"fullName":"Tests d'intégration - Headers de sécurité Content-Type Header Content-Type correct pour toutes les routes API","invocations":1,"location":null,"numPassingAsserts":1,"retryReasons":[],"status":"passed","title":"Content-Type correct pour toutes les routes API"},{"ancestorTitles":["Tests d'intégration - Headers de sécurité","Headers de sécurité recommandés supplémentaires"],"duration":2,"failureDetails":[],"failureMessages":[],"fullName":"Tests d'intégration - Headers de sécurité Headers de sécurité recommandés supplémentaires Documentation: Strict-Transport-Security (HSTS) devrait être ajouté","invocations":1,"location":null,"numPassingAsserts":0,"retryReasons":[],"status":"passed","title":"Documentation: Strict-Transport-Security (HSTS) devrait être ajouté"},{"ancestorTitles":["Tests d'intégration - Headers de sécurité","Headers de sécurité recommandés supplémentaires"],"duration":2,"failureDetails":[],"failureMessages":[],"fullName":"Tests d'intégration - Headers de sécurité Headers de sécurité recommandés supplémentaires Documentation: Content-Security-Policy (CSP) devrait être ajouté","invocations":1,"location":null,"numPassingAsserts":0,"retryReasons":[],"status":"passed","title":"Documentation: Content-Security-Policy (CSP) devrait être ajouté"},{"ancestorTitles":["Tests d'intégration - Headers de sécurité","Headers de sécurité recommandés supplémentaires"],"duration":2,"failureDetails":[],"failureMessages":[],"fullName":"Tests d'intégration - Headers de sécurité Headers de sécurité recommandés supplémentaires Documentation: Permissions-Policy devrait être ajouté","invocations":1,"location":null,"numPassingAsserts":0,"retryReasons":[],"status":"passed","title":"Documentation: Permissions-Policy devrait être ajouté"},{"ancestorTitles":["Tests d'intégration - Headers de sécurité","Headers de sécurité recommandés supplémentaires"],"duration":2,"failureDetails":[],"failureMessages":[],"fullName":"Tests d'intégration - Headers de sécurité Headers de sécurité recommandés supplémentaires Documentation: Referrer-Policy devrait être ajouté","invocations":1,"location":null,"numPassingAsserts":0,"retryReasons":[],"status":"passed","title":"Documentation: Referrer-Policy devrait être ajouté"},{"ancestorTitles":["Tests d'intégration - Headers de sécurité","Headers sensibles ne doivent pas être exposés"],"duration":2,"failureDetails":[],"failureMessages":[],"fullName":"Tests d'intégration - Headers de sécurité Headers sensibles ne doivent pas être exposés Le header Server ne doit pas révéler la version d'Express","invocations":1,"location":null,"numPassingAsserts":0,"retryReasons":[],"status":"passed","title":"Le header Server ne doit pas révéler la version d'Express"},{"ancestorTitles":["Tests d'intégration - Headers de sécurité","Headers sensibles ne doivent pas être exposés"],"duration":4,"failureDetails":[],"failureMessages":[],"fullName":"Tests d'intégration - Headers de sécurité Headers sensibles ne doivent pas être exposés Les headers X-Powered-By ne doivent pas être présents","invocations":1,"location":null,"numPassingAsserts":1,"retryReasons":[],"status":"passed","title":"Les headers X-Powered-By ne doivent pas être présents"},{"ancestorTitles":["Tests d'intégration - Headers de sécurité","Headers sensibles ne doivent pas être exposés"],"duration":3,"failureDetails":[],"failureMessages":[],"fullName":"Tests d'intégration - Headers de sécurité Headers sensibles ne doivent pas être exposés Aucune information de débogage dans les headers","invocations":1,"location":null,"numPassingAsserts":2,"retryReasons":[],"status":"passed","title":"Aucune information de débogage dans les headers"},{"ancestorTitles":["Tests d'intégration - Headers de sécurité","Sécurité des cookies (si utilisés)"],"duration":1,"failureDetails":[],"failureMessages":[],"fullName":"Tests d'intégration - Headers de sécurité Sécurité des cookies (si utilisés) Les cookies doivent avoir le flag HttpOnly","invocations":1,"location":null,"numPassingAsserts":0,"retryReasons":[],"status":"passed","title":"Les cookies doivent avoir le flag HttpOnly"},{"ancestorTitles":["Tests d'intégration - Headers de sécurité","Sécurité des cookies (si utilisés)"],"duration":1,"failureDetails":[],"failureMessages":[],"fullName":"Tests d'intégration - Headers de sécurité Sécurité des cookies (si utilisés) Les cookies doivent avoir le flag Secure en production","invocations":1,"location":null,"numPassingAsserts":0,"retryReasons":[],"status":"passed","title":"Les cookies doivent avoir le flag Secure en production"},{"ancestorTitles":["Tests d'intégration - Headers de sécurité","Sécurité des cookies (si utilisés)"],"duration":2,"failureDetails":[],"failureMessages":[],"fullName":"Tests d'intégration - Headers de sécurité Sécurité des cookies (si utilisés) Les cookies doivent avoir SameSite","invocations":1,"location":null,"numPassingAsserts":0,"retryReasons":[],"status":"passed","title":"Les cookies doivent avoir SameSite"}],"endTime":1769866282845,"message":"","name":"/Users/bilelazz/Documents/edge/demo/PolytechTours-PadelStarterKit/backend/__tests__/integration/security-headers.test.js","startTime":1769866282537,"status":"passed","summary":""},{"assertionResults":[{"ancestorTitles":["Tests d'intégration - Gestion des équipes (SC03)","TC014 - Création d'équipe avec 2 joueurs même entreprise"],"duration":17,"failureDetails":[],"failureMessages":[],"fullName":"Tests d'intégration - Gestion des équipes (SC03) TC014 - Création d'équipe avec 2 joueurs même entreprise Admin crée une équipe avec 2 joueurs de la même entreprise - code 201","invocations":1,"location":null,"numPassingAsserts":4,"retryReasons":[],"status":"passed","title":"Admin crée une équipe avec 2 joueurs de la même entreprise - code 201"},{"ancestorTitles":["Tests d'intégration - Gestion des équipes (SC03)","TC015 - Validation entreprise des joueurs"],"duration":7,"failureDetails":[],"failureMessages":[],"fullName":"Tests d'intégration - Gestion des équipes (SC03) TC015 - Validation entreprise des joueurs Erreur 400 si joueurs d'entreprises différentes","invocations":1,"location":null,"numPassingAsserts":2,"retryReasons":[],"status":"passed","title":"Erreur 400 si joueurs d'entreprises différentes"},{"ancestorTitles":["Tests d'intégration - Gestion des équipes (SC03)","TC016 - Un joueur ne peut être que dans une seule équipe"],"duration":9,"failureDetails":[],"failureMessages":[],"fullName":"Tests d'intégration - Gestion des équipes (SC03) TC016 - Un joueur ne peut être que dans une seule équipe Erreur 400 si joueur déjà dans une équipe","invocations":1,"location":null,"numPassingAsserts":2,"retryReasons":[],"status":"passed","title":"Erreur 400 si joueur déjà dans une équipe"},{"ancestorTitles":["Tests d'intégration - Gestion des équipes (SC03)","TC017 - Suppression d'équipe avec matchs"],"duration":15,"failureDetails":[],"failureMessages":[],"fullName":"Tests d'intégration - Gestion des équipes (SC03) TC017 - Suppression d'équipe avec matchs Impossible de supprimer une équipe ayant joué des matchs","invocations":1,"location":null,"numPassingAsserts":2,"retryReasons":[],"status":"passed","title":"Impossible de supprimer une équipe ayant joué des matchs"},{"ancestorTitles":["Tests d'intégration - Gestion des équipes (SC03)","TC018 - Validation player1 != player2"],"duration":4,"failureDetails":[],"failureMessages":[],"fullName":"Tests d'intégration - Gestion des équipes (SC03) TC018 - Validation player1 != player2 Erreur si player1Id === player2Id","invocations":1,"location":null,"numPassingAsserts":1,"retryReasons":[],"status":"passed","title":"Erreur si player1Id === player2Id"},{"ancestorTitles":["Tests d'intégration - Gestion des équipes (SC03)","Liste et récupération des équipes"],"duration":6,"failureDetails":[],"failureMessages":[],"fullName":"Tests d'intégration - Gestion des équipes (SC03) Liste et récupération des équipes Liste des équipes retourne les données","invocations":1,"location":null,"numPassingAsserts":3,"retryReasons":[],"status":"passed","title":"Liste des équipes retourne les données"},{"ancestorTitles":["Tests d'intégration - Gestion des équipes (SC03)","Liste et récupération des équipes"],"duration":10,"failureDetails":[],"failureMessages":[],"fullName":"Tests d'intégration - Gestion des équipes (SC03) Liste et récupération des équipes Récupération d'une équipe par ID","invocations":1,"location":null,"numPassingAsserts":2,"retryReasons":[],"status":"passed","title":"Récupération d'une équipe par ID"}],"endTime":1769866283025,"message":"","name":"/Users/bilelazz/Documents/edge/demo/PolytechTours-PadelStarterKit/backend/__tests__/integration/teams.test.js","startTime":1769866282848,"status":"passed","summary":""},{"assertionResults":[{"ancestorTitles":["Tests d'intégration - Gestion des joueurs (SC02)","TC007 - Création de joueur avec champs valides"],"duration":11,"failureDetails":[],"failureMessages":[],"fullName":"Tests d'intégration - Gestion des joueurs (SC02) TC007 - Création de joueur avec champs valides Admin crée un joueur avec tous les champs valides - code 201","invocations":1,"location":null,"numPassingAsserts":7,"retryReasons":[],"status":"passed","title":"Admin crée un joueur avec tous les champs valides - code 201"},{"ancestorTitles":["Tests d'intégration - Gestion des joueurs (SC02)","TC008 - Validation numéro de licence"],"duration":7,"failureDetails":[],"failureMessages":[],"fullName":"Tests d'intégration - Gestion des joueurs (SC02) TC008 - Validation numéro de licence Licence invalide (mauvais format) retourne erreur 400","invocations":1,"location":null,"numPassingAsserts":1,"retryReasons":[],"status":"passed","title":"Licence invalide (mauvais format) retourne erreur 400"},{"ancestorTitles":["Tests d'intégration - Gestion des joueurs (SC02)","TC008 - Validation numéro de licence"],"duration":4,"failureDetails":[],"failureMessages":[],"fullName":"Tests d'intégration - Gestion des joueurs (SC02) TC008 - Validation numéro de licence Licence valide (format LXXXXXX) acceptée","invocations":1,"location":null,"numPassingAsserts":1,"retryReasons":[],"status":"passed","title":"Licence valide (format LXXXXXX) acceptée"},{"ancestorTitles":["Tests d'intégration - Gestion des joueurs (SC02)","TC010 - Validation nom/prénom (2-50 caractères)"],"duration":3,"failureDetails":[],"failureMessages":[],"fullName":"Tests d'intégration - Gestion des joueurs (SC02) TC010 - Validation nom/prénom (2-50 caractères) Prénom trop court (< 2 caractères) retourne erreur 400","invocations":1,"location":null,"numPassingAsserts":1,"retryReasons":[],"status":"passed","title":"Prénom trop court (< 2 caractères) retourne erreur 400"},{"ancestorTitles":["Tests d'intégration - Gestion des joueurs (SC02)","TC010 - Validation nom/prénom (2-50 caractères)"],"duration":2,"failureDetails":[],"failureMessages":[],"fullName":"Tests d'intégration - Gestion des joueurs (SC02) TC010 - Validation nom/prénom (2-50 caractères) Nom trop court (< 2 caractères) retourne erreur 400","invocations":1,"location":null,"numPassingAsserts":1,"retryReasons":[],"status":"passed","title":"Nom trop court (< 2 caractères) retourne erreur 400"},{"ancestorTitles":["Tests d'intégration - Gestion des joueurs (SC02)","TC011 - Modification d'un joueur"],"duration":5,"failureDetails":[],"failureMessages":[],"fullName":"Tests d'intégration - Gestion des joueurs (SC02) TC011 - Modification d'un joueur Admin modifie les informations d'un joueur - code 200","invocations":1,"location":null,"numPassingAsserts":3,"retryReasons":[],"status":"passed","title":"Admin modifie les informations d'un joueur - code 200"},{"ancestorTitles":["Tests d'intégration - Gestion des joueurs (SC02)","TC012 - Suppression d'un joueur dans une équipe"],"duration":12,"failureDetails":[],"failureMessages":[],"fullName":"Tests d'intégration - Gestion des joueurs (SC02) TC012 - Suppression d'un joueur dans une équipe Impossible de supprimer un joueur appartenant à une équipe active - code 400","invocations":1,"location":null,"numPassingAsserts":2,"retryReasons":[],"status":"passed","title":"Impossible de supprimer un joueur appartenant à une équipe active - code 400"},{"ancestorTitles":["Tests d'intégration - Gestion des joueurs (SC02)","TC012 - Suppression d'un joueur dans une équipe"],"duration":7,"failureDetails":[],"failureMessages":[],"fullName":"Tests d'intégration - Gestion des joueurs (SC02) TC012 - Suppression d'un joueur dans une équipe Suppression réussie d'un joueur sans équipe","invocations":1,"location":null,"numPassingAsserts":2,"retryReasons":[],"status":"passed","title":"Suppression réussie d'un joueur sans équipe"},{"ancestorTitles":["Tests d'intégration - Gestion des joueurs (SC02)","TC013 - Droits d'accès aux joueurs"],"duration":3,"failureDetails":[],"failureMessages":[],"fullName":"Tests d'intégration - Gestion des joueurs (SC02) TC013 - Droits d'accès aux joueurs Liste des joueurs accessible","invocations":1,"location":null,"numPassingAsserts":2,"retryReasons":[],"status":"passed","title":"Liste des joueurs accessible"}],"endTime":1769866283210,"message":"","name":"/Users/bilelazz/Documents/edge/demo/PolytechTours-PadelStarterKit/backend/__tests__/integration/players.test.js","startTime":1769866283028,"status":"passed","summary":""}],"wasInterrupted":false,"coverageMap":{"/Users/bilelazz/Documents/edge/demo/PolytechTours-PadelStarterKit/backend/models/index.js":{"path":"/Users/bilelazz/Documents/edge/demo/PolytechTours-PadelStarterKit/backend/models/index.js","statementMap":{"0":{"start":{"line":1,"column":22},"end":{"line":1,"column":42}},"1":{"start":{"line":2,"column":18},"end":{"line":2,"column":47}},"2":{"start":{"line":5,"column":13},"end":{"line":5,"column":62}},"3":{"start":{"line":6,"column":21},"end":{"line":6,"column":78}},"4":{"start":{"line":7,"column":16},"end":{"line":7,"column":68}},"5":{"start":{"line":8,"column":15},"end":{"line":8,"column":66}},"6":{"start":{"line":9,"column":13},"end":{"line":9,"column":62}},"7":{"start":{"line":10,"column":13},"end":{"line":10,"column":62}},"8":{"start":{"line":11,"column":14},"end":{"line":11,"column":64}},"9":{"start":{"line":12,"column":14},"end":{"line":12,"column":64}},"10":{"start":{"line":14,"column":11},"end":{"line":25,"column":1}},"11":{"start":{"line":28,"column":0},"end":{"line":32,"column":3}},"12":{"start":{"line":29,"column":4},"end":{"line":31,"column":5}},"13":{"start":{"line":30,"column":8},"end":{"line":30,"column":36}},"14":{"start":{"line":34,"column":0},"end":{"line":34,"column":20}}},"fnMap":{"0":{"name":"(anonymous_0)","decl":{"start":{"line":28,"column":24},"end":{"line":28,"column":25}},"loc":{"start":{"line":28,"column":39},"end":{"line":32,"column":1}},"line":28}},"branchMap":{"0":{"loc":{"start":{"line":29,"column":4},"end":{"line":31,"column":5}},"type":"if","locations":[{"start":{"line":29,"column":4},"end":{"line":31,"column":5}},{"start":{},"end":{}}],"line":29}},"s":{"0":11,"1":11,"2":11,"3":11,"4":11,"5":11,"6":11,"7":11,"8":11,"9":11,"10":11,"11":11,"12":110,"13":66,"14":11},"f":{"0":110},"b":{"0":[66,44]},"_coverageSchema":"1a1c01bbd47fc00a2c39e90264f33305004495a9","hash":"280ae1727a438f43ff81fd500bfec6f0167ec5da"},"/Users/bilelazz/Documents/edge/demo/PolytechTours-PadelStarterKit/backend/models/User.js":{"path":"/Users/bilelazz/Documents/edge/demo/PolytechTours-PadelStarterKit/backend/models/User.js","statementMap":{"0":{"start":{"line":1,"column":0},"end":{"line":43,"column":2}},"1":{"start":{"line":2,"column":17},"end":{"line":40,"column":6}},"2":{"start":{"line":42,"column":4},"end":{"line":42,"column":16}}},"fnMap":{"0":{"name":"(anonymous_0)","decl":{"start":{"line":1,"column":17},"end":{"line":1,"column":18}},"loc":{"start":{"line":1,"column":43},"end":{"line":43,"column":1}},"line":1}},"branchMap":{},"s":{"0":11,"1":11,"2":11},"f":{"0":11},"b":{},"_coverageSchema":"1a1c01bbd47fc00a2c39e90264f33305004495a9","hash":"055088b8ef9ed691839947a8867f682eb694a53c"},"/Users/bilelazz/Documents/edge/demo/PolytechTours-PadelStarterKit/backend/models/LoginAttempt.js":{"path":"/Users/bilelazz/Documents/edge/demo/PolytechTours-PadelStarterKit/backend/models/LoginAttempt.js","statementMap":{"0":{"start":{"line":1,"column":0},"end":{"line":28,"column":2}},"1":{"start":{"line":2,"column":25},"end":{"line":25,"column":6}},"2":{"start":{"line":27,"column":4},"end":{"line":27,"column":24}}},"fnMap":{"0":{"name":"(anonymous_0)","decl":{"start":{"line":1,"column":17},"end":{"line":1,"column":18}},"loc":{"start":{"line":1,"column":43},"end":{"line":28,"column":1}},"line":1}},"branchMap":{},"s":{"0":11,"1":11,"2":11},"f":{"0":11},"b":{},"_coverageSchema":"1a1c01bbd47fc00a2c39e90264f33305004495a9","hash":"0d9fb8634adfe0bad497b0ff921780ffcbd9dac9"},"/Users/bilelazz/Documents/edge/demo/PolytechTours-PadelStarterKit/backend/models/Company.js":{"path":"/Users/bilelazz/Documents/edge/demo/PolytechTours-PadelStarterKit/backend/models/Company.js","statementMap":{"0":{"start":{"line":5,"column":0},"end":{"line":67,"column":2}},"1":{"start":{"line":6,"column":20},"end":{"line":50,"column":6}},"2":{"start":{"line":52,"column":4},"end":{"line":64,"column":6}},"3":{"start":{"line":54,"column":8},"end":{"line":57,"column":11}},"4":{"start":{"line":60,"column":8},"end":{"line":63,"column":11}},"5":{"start":{"line":66,"column":4},"end":{"line":66,"column":19}}},"fnMap":{"0":{"name":"(anonymous_0)","decl":{"start":{"line":5,"column":17},"end":{"line":5,"column":18}},"loc":{"start":{"line":5,"column":43},"end":{"line":67,"column":1}},"line":5},"1":{"name":"(anonymous_1)","decl":{"start":{"line":52,"column":24},"end":{"line":52,"column":25}},"loc":{"start":{"line":52,"column":36},"end":{"line":64,"column":5}},"line":52}},"branchMap":{},"s":{"0":11,"1":11,"2":11,"3":11,"4":11,"5":11},"f":{"0":11,"1":11},"b":{},"_coverageSchema":"1a1c01bbd47fc00a2c39e90264f33305004495a9","hash":"d76970c5d6f650d64b92dc984f1683e769657a33"},"/Users/bilelazz/Documents/edge/demo/PolytechTours-PadelStarterKit/backend/models/Player.js":{"path":"/Users/bilelazz/Documents/edge/demo/PolytechTours-PadelStarterKit/backend/models/Player.js","statementMap":{"0":{"start":{"line":5,"column":0},"end":{"line":102,"column":2}},"1":{"start":{"line":6,"column":19},"end":{"line":73,"column":6}},"2":{"start":{"line":75,"column":4},"end":{"line":99,"column":6}},"3":{"start":{"line":77,"column":8},"end":{"line":80,"column":11}},"4":{"start":{"line":83,"column":8},"end":{"line":86,"column":11}},"5":{"start":{"line":89,"column":8},"end":{"line":92,"column":11}},"6":{"start":{"line":95,"column":8},"end":{"line":98,"column":11}},"7":{"start":{"line":101,"column":4},"end":{"line":101,"column":18}}},"fnMap":{"0":{"name":"(anonymous_0)","decl":{"start":{"line":5,"column":17},"end":{"line":5,"column":18}},"loc":{"start":{"line":5,"column":43},"end":{"line":102,"column":1}},"line":5},"1":{"name":"(anonymous_1)","decl":{"start":{"line":75,"column":23},"end":{"line":75,"column":24}},"loc":{"start":{"line":75,"column":35},"end":{"line":99,"column":5}},"line":75}},"branchMap":{},"s":{"0":11,"1":11,"2":11,"3":11,"4":11,"5":11,"6":11,"7":11},"f":{"0":11,"1":11},"b":{},"_coverageSchema":"1a1c01bbd47fc00a2c39e90264f33305004495a9","hash":"e1bf5d2d3a88d5cf4d375b7433a466a48b79b909"},"/Users/bilelazz/Documents/edge/demo/PolytechTours-PadelStarterKit/backend/models/Team.js":{"path":"/Users/bilelazz/Documents/edge/demo/PolytechTours-PadelStarterKit/backend/models/Team.js","statementMap":{"0":{"start":{"line":5,"column":0},"end":{"line":113,"column":2}},"1":{"start":{"line":6,"column":17},"end":{"line":72,"column":6}},"2":{"start":{"line":67,"column":16},"end":{"line":69,"column":17}},"3":{"start":{"line":68,"column":20},"end":{"line":68,"column":80}},"4":{"start":{"line":74,"column":4},"end":{"line":110,"column":6}},"5":{"start":{"line":76,"column":8},"end":{"line":79,"column":11}},"6":{"start":{"line":82,"column":8},"end":{"line":85,"column":11}},"7":{"start":{"line":88,"column":8},"end":{"line":91,"column":11}},"8":{"start":{"line":94,"column":8},"end":{"line":97,"column":11}},"9":{"start":{"line":100,"column":8},"end":{"line":103,"column":11}},"10":{"start":{"line":106,"column":8},"end":{"line":109,"column":11}},"11":{"start":{"line":112,"column":4},"end":{"line":112,"column":16}}},"fnMap":{"0":{"name":"(anonymous_0)","decl":{"start":{"line":5,"column":17},"end":{"line":5,"column":18}},"loc":{"start":{"line":5,"column":43},"end":{"line":113,"column":1}},"line":5},"1":{"name":"(anonymous_1)","decl":{"start":{"line":66,"column":12},"end":{"line":66,"column":13}},"loc":{"start":{"line":66,"column":31},"end":{"line":70,"column":13}},"line":66},"2":{"name":"(anonymous_2)","decl":{"start":{"line":74,"column":21},"end":{"line":74,"column":22}},"loc":{"start":{"line":74,"column":33},"end":{"line":110,"column":5}},"line":74}},"branchMap":{"0":{"loc":{"start":{"line":67,"column":16},"end":{"line":69,"column":17}},"type":"if","locations":[{"start":{"line":67,"column":16},"end":{"line":69,"column":17}},{"start":{},"end":{}}],"line":67},"1":{"loc":{"start":{"line":67,"column":20},"end":{"line":67,"column":89}},"type":"binary-expr","locations":[{"start":{"line":67,"column":20},"end":{"line":67,"column":34}},{"start":{"line":67,"column":38},"end":{"line":67,"column":52}},{"start":{"line":67,"column":56},"end":{"line":67,"column":89}}],"line":67}},"s":{"0":11,"1":11,"2":53,"3":0,"4":11,"5":11,"6":11,"7":11,"8":11,"9":11,"10":11,"11":11},"f":{"0":11,"1":53,"2":11},"b":{"0":[0,53],"1":[53,48,48]},"_coverageSchema":"1a1c01bbd47fc00a2c39e90264f33305004495a9","hash":"f05bb16e406fe7d2e7962fcf3a5998aedefc4140"},"/Users/bilelazz/Documents/edge/demo/PolytechTours-PadelStarterKit/backend/models/Pool.js":{"path":"/Users/bilelazz/Documents/edge/demo/PolytechTours-PadelStarterKit/backend/models/Pool.js","statementMap":{"0":{"start":{"line":5,"column":0},"end":{"line":32,"column":2}},"1":{"start":{"line":6,"column":17},"end":{"line":21,"column":6}},"2":{"start":{"line":23,"column":4},"end":{"line":29,"column":6}},"3":{"start":{"line":25,"column":8},"end":{"line":28,"column":11}},"4":{"start":{"line":31,"column":4},"end":{"line":31,"column":16}}},"fnMap":{"0":{"name":"(anonymous_0)","decl":{"start":{"line":5,"column":17},"end":{"line":5,"column":18}},"loc":{"start":{"line":5,"column":43},"end":{"line":32,"column":1}},"line":5},"1":{"name":"(anonymous_1)","decl":{"start":{"line":23,"column":21},"end":{"line":23,"column":22}},"loc":{"start":{"line":23,"column":33},"end":{"line":29,"column":5}},"line":23}},"branchMap":{},"s":{"0":11,"1":11,"2":11,"3":11,"4":11},"f":{"0":11,"1":11},"b":{},"_coverageSchema":"1a1c01bbd47fc00a2c39e90264f33305004495a9","hash":"3027c10102238eafdd7b5d9c502665d57dfa8b21"},"/Users/bilelazz/Documents/edge/demo/PolytechTours-PadelStarterKit/backend/models/Event.js":{"path":"/Users/bilelazz/Documents/edge/demo/PolytechTours-PadelStarterKit/backend/models/Event.js","statementMap":{"0":{"start":{"line":5,"column":0},"end":{"line":38,"column":2}},"1":{"start":{"line":6,"column":18},"end":{"line":26,"column":6}},"2":{"start":{"line":28,"column":4},"end":{"line":35,"column":6}},"3":{"start":{"line":30,"column":8},"end":{"line":34,"column":11}},"4":{"start":{"line":37,"column":4},"end":{"line":37,"column":17}}},"fnMap":{"0":{"name":"(anonymous_0)","decl":{"start":{"line":5,"column":17},"end":{"line":5,"column":18}},"loc":{"start":{"line":5,"column":43},"end":{"line":38,"column":1}},"line":5},"1":{"name":"(anonymous_1)","decl":{"start":{"line":28,"column":22},"end":{"line":28,"column":23}},"loc":{"start":{"line":28,"column":34},"end":{"line":35,"column":5}},"line":28}},"branchMap":{},"s":{"0":11,"1":11,"2":11,"3":11,"4":11},"f":{"0":11,"1":11},"b":{},"_coverageSchema":"1a1c01bbd47fc00a2c39e90264f33305004495a9","hash":"3165759a4687eb22b2ff0b0ea236cf0c7ddafe96"},"/Users/bilelazz/Documents/edge/demo/PolytechTours-PadelStarterKit/backend/models/Match.js":{"path":"/Users/bilelazz/Documents/edge/demo/PolytechTours-PadelStarterKit/backend/models/Match.js","statementMap":{"0":{"start":{"line":5,"column":0},"end":{"line":100,"column":2}},"1":{"start":{"line":6,"column":18},"end":{"line":77,"column":6}},"2":{"start":{"line":72,"column":16},"end":{"line":74,"column":17}},"3":{"start":{"line":73,"column":20},"end":{"line":73,"column":85}},"4":{"start":{"line":79,"column":4},"end":{"line":97,"column":6}},"5":{"start":{"line":81,"column":8},"end":{"line":84,"column":11}},"6":{"start":{"line":87,"column":8},"end":{"line":90,"column":11}},"7":{"start":{"line":93,"column":8},"end":{"line":96,"column":11}},"8":{"start":{"line":99,"column":4},"end":{"line":99,"column":17}}},"fnMap":{"0":{"name":"(anonymous_0)","decl":{"start":{"line":5,"column":17},"end":{"line":5,"column":18}},"loc":{"start":{"line":5,"column":43},"end":{"line":100,"column":1}},"line":5},"1":{"name":"(anonymous_1)","decl":{"start":{"line":71,"column":12},"end":{"line":71,"column":13}},"loc":{"start":{"line":71,"column":29},"end":{"line":75,"column":13}},"line":71},"2":{"name":"(anonymous_2)","decl":{"start":{"line":79,"column":22},"end":{"line":79,"column":23}},"loc":{"start":{"line":79,"column":34},"end":{"line":97,"column":5}},"line":79}},"branchMap":{"0":{"loc":{"start":{"line":72,"column":16},"end":{"line":74,"column":17}},"type":"if","locations":[{"start":{"line":72,"column":16},"end":{"line":74,"column":17}},{"start":{},"end":{}}],"line":72}},"s":{"0":11,"1":11,"2":2,"3":0,"4":11,"5":11,"6":11,"7":11,"8":11},"f":{"0":11,"1":2,"2":11},"b":{"0":[0,2]},"_coverageSchema":"1a1c01bbd47fc00a2c39e90264f33305004495a9","hash":"f0aa657849df96e4dc67f6d40f8f18400aed2aa0"},"/Users/bilelazz/Documents/edge/demo/PolytechTours-PadelStarterKit/backend/routes/auth.js":{"path":"/Users/bilelazz/Documents/edge/demo/PolytechTours-PadelStarterKit/backend/routes/auth.js","statementMap":{"0":{"start":{"line":1,"column":16},"end":{"line":1,"column":34}},"1":{"start":{"line":2,"column":12},"end":{"line":2,"column":35}},"2":{"start":{"line":3,"column":15},"end":{"line":3,"column":34}},"3":{"start":{"line":4,"column":31},"end":{"line":4,"column":51}},"4":{"start":{"line":5,"column":20},"end":{"line":5,"column":49}},"5":{"start":{"line":6,"column":15},"end":{"line":6,"column":31}},"6":{"start":{"line":8,"column":21},"end":{"line":8,"column":22}},"7":{"start":{"line":9,"column":24},"end":{"line":9,"column":26}},"8":{"start":{"line":10,"column":19},"end":{"line":10,"column":89}},"9":{"start":{"line":14,"column":20},"end":{"line":14,"column":68}},"10":{"start":{"line":16,"column":4},"end":{"line":18,"column":5}},"11":{"start":{"line":17,"column":8},"end":{"line":17,"column":33}},"12":{"start":{"line":20,"column":16},"end":{"line":20,"column":26}},"13":{"start":{"line":21,"column":4},"end":{"line":29,"column":5}},"14":{"start":{"line":22,"column":33},"end":{"line":22,"column":86}},"15":{"start":{"line":23,"column":8},"end":{"line":28,"column":10}},"16":{"start":{"line":31,"column":4},"end":{"line":31,"column":29}},"17":{"start":{"line":36,"column":18},"end":{"line":36,"column":66}},"18":{"start":{"line":38,"column":4},"end":{"line":40,"column":5}},"19":{"start":{"line":39,"column":8},"end":{"line":39,"column":55}},"20":{"start":{"line":42,"column":16},"end":{"line":42,"column":26}},"21":{"start":{"line":44,"column":4},"end":{"line":52,"column":5}},"22":{"start":{"line":45,"column":33},"end":{"line":45,"column":86}},"23":{"start":{"line":46,"column":8},"end":{"line":51,"column":10}},"24":{"start":{"line":54,"column":4},"end":{"line":76,"column":5}},"25":{"start":{"line":55,"column":8},"end":{"line":55,"column":35}},"26":{"start":{"line":56,"column":8},"end":{"line":56,"column":36}},"27":{"start":{"line":57,"column":8},"end":{"line":57,"column":29}},"28":{"start":{"line":58,"column":8},"end":{"line":58,"column":33}},"29":{"start":{"line":60,"column":8},"end":{"line":60,"column":36}},"30":{"start":{"line":61,"column":8},"end":{"line":61,"column":35}},"31":{"start":{"line":63,"column":8},"end":{"line":72,"column":9}},"32":{"start":{"line":64,"column":12},"end":{"line":64,"column":85}},"33":{"start":{"line":65,"column":12},"end":{"line":65,"column":33}},"34":{"start":{"line":66,"column":12},"end":{"line":71,"column":14}},"35":{"start":{"line":74,"column":8},"end":{"line":74,"column":29}},"36":{"start":{"line":75,"column":8},"end":{"line":75,"column":92}},"37":{"start":{"line":82,"column":4},"end":{"line":84,"column":5}},"38
[...]
umn":40},"end":{"line":9,"column":77}},"5":{"start":{"line":15,"column":4},"end":{"line":15,"column":32}},"6":{"start":{"line":21,"column":4},"end":{"line":21,"column":44}},"7":{"start":{"line":22,"column":15},"end":{"line":22,"column":35}},"8":{"start":{"line":25,"column":0},"end":{"line":134,"column":2}},"9":{"start":{"line":29,"column":40},"end":{"line":29,"column":70}},"10":{"start":{"line":30,"column":65},"end":{"line":30,"column":74}},"11":{"start":{"line":32,"column":22},"end":{"line":32,"column":24}},"12":{"start":{"line":34,"column":8},"end":{"line":36,"column":9}},"13":{"start":{"line":35,"column":12},"end":{"line":35,"column":36}},"14":{"start":{"line":38,"column":8},"end":{"line":40,"column":9}},"15":{"start":{"line":39,"column":12},"end":{"line":39,"column":34}},"16":{"start":{"line":42,"column":8},"end":{"line":47,"column":9}},"17":{"start":{"line":43,"column":12},"end":{"line":46,"column":14}},"18":{"start":{"line":50,"column":8},"end":{"line":58,"column":9}},"19":{"start":{"line":51,"column":26},"end":{"line":51,"column":36}},"20":{"start":{"line":52,"column":29},"end":{"line":52,"column":39}},"21":{"start":{"line":53,"column":12},"end":{"line":53,"column":51}},"22":{"start":{"line":55,"column":12},"end":{"line":57,"column":14}},"23":{"start":{"line":63,"column":32},"end":{"line":94,"column":10}},"24":{"start":{"line":97,"column":29},"end":{"line":101,"column":16}},"25":{"start":{"line":97,"column":41},"end":{"line":101,"column":16}},"26":{"start":{"line":104,"column":27},"end":{"line":108,"column":16}},"27":{"start":{"line":104,"column":37},"end":{"line":108,"column":16}},"28":{"start":{"line":111,"column":24},"end":{"line":123,"column":11}},"29":{"start":{"line":111,"column":43},"end":{"line":123,"column":9}},"30":{"start":{"line":125,"column":8},"end":{"line":132,"column":10}},"31":{"start":{"line":137,"column":0},"end":{"line":174,"column":2}},"32":{"start":{"line":141,"column":23},"end":{"line":141,"column":33}},"33":{"start":{"line":143,"column":22},"end":{"line":166,"column":10}},"34":{"start":{"line":168,"column":8},"end":{"line":170,"column":9}},"35":{"start":{"line":169,"column":12},"end":{"line":169,"column":45}},"36":{"start":{"line":172,"column":8},"end":{"line":172,"column":73}},"37":{"start":{"line":177,"column":0},"end":{"line":209,"column":2}},"38":{"start":{"line":181,"column":26},"end":{"line":181,"column":34}},"39":{"start":{"line":184,"column":22},"end":{"line":184,"column":61}},"40":{"start":{"line":185,"column":8},"end":{"line":187,"column":9}},"41":{"start":{"line":186,"column":12},"end":{"line":186,"column":49}},"42":{"start":{"line":190,"column":22},"end":{"line":190,"column":60}},"43":{"start":{"line":191,"column":22},"end":{"line":191,"column":60}},"44":{"start":{"line":193,"column":8},"end":{"line":195,"column":9}},"45":{"start":{"line":194,"column":12},"end":{"line":194,"column":46}},"46":{"start":{"line":197,"column":22},"end":{"line":197,"column":51}},"47":{"start":{"line":199,"column":35},"end":{"line":205,"column":10}},"48":{"start":{"line":207,"column":8},"end":{"line":207,"column":82}},"49":{"start":{"line":212,"column":0},"end":{"line":238,"column":2}},"50":{"start":{"line":217,"column":23},"end":{"line":217,"column":33}},"51":{"start":{"line":218,"column":27},"end":{"line":218,"column":35}},"52":{"start":{"line":220,"column":22},"end":{"line":220,"column":46}},"53":{"start":{"line":222,"column":8},"end":{"line":224,"column":9}},"54":{"start":{"line":223,"column":12},"end":{"line":223,"column":45}},"55":{"start":{"line":226,"column":8},"end":{"line":226,"column":39}},"56":{"start":{"line":228,"column":35},"end":{"line":234,"column":10}},"57":{"start":{"line":236,"column":8},"end":{"line":236,"column":88}},"58":{"start":{"line":241,"column":0},"end":{"line":268,"column":2}},"59":{"start":{"line":245,"column":23},"end":{"line":245,"column":33}},"60":{"start":{"line":247,"column":22},"end":{"line":247,"column":46}},"61":{"start":{"line":249,"column":8},"end":{"line":251,"column":9}},"62":{"start":{"line":250,"column":12},"end":{"line":250,"column":45}},"63":{"start":{"line":254,"column":8},"end":{"line":262,"column":9}},"64":{"start":{"line":255,"column":12},"end":{"line":261,"column":15}},"65":{"start":{"line":264,"column":8},"end":{"line":264,"column":30}},"66":{"start":{"line":266,"column":8},"end":{"line":266,"column":72}},"67":{"start":{"line":270,"column":0},"end":{"line":270,"column":24}}},"fnMap":{"0":{"name":"(anonymous_0)","decl":{"start":{"line":28,"column":17},"end":{"line":28,"column":18}},"loc":{"start":{"line":28,"column":37},"end":{"line":133,"column":5}},"line":28},"1":{"name":"(anonymous_1)","decl":{"start":{"line":97,"column":29},"end":{"line":97,"column":30}},"loc":{"start":{"line":97,"column":41},"end":{"line":101,"column":16}},"line":97},"2":{"name":"(anonymous_2)","decl":{"start":{"line":104,"column":27},"end":{"line":104,"column":28}},"loc":{"start":{"line":104,"column":37},"end":{"line":108,"column":16}},"line":104},"3":{"name":"(anonymous_3)","decl":{"start":{"line":111,"column":33},"end":{"line":111,"column":34}},"loc":{"start":{"line":111,"column":43},"end":{"line":123,"column":9}},"line":111},"4":{"name":"(anonymous_4)","decl":{"start":{"line":140,"column":17},"end":{"line":140,"column":18}},"loc":{"start":{"line":140,"column":37},"end":{"line":173,"column":5}},"line":140},"5":{"name":"(anonymous_5)","decl":{"start":{"line":180,"column":17},"end":{"line":180,"column":18}},"loc":{"start":{"line":180,"column":37},"end":{"line":208,"column":5}},"line":180},"6":{"name":"(anonymous_6)","decl":{"start":{"line":216,"column":17},"end":{"line":216,"column":18}},"loc":{"start":{"line":216,"column":37},"end":{"line":237,"column":5}},"line":216},"7":{"name":"(anonymous_7)","decl":{"start":{"line":244,"column":17},"end":{"line":244,"column":18}},"loc":{"start":{"line":244,"column":37},"end":{"line":267,"column":5}},"line":244}},"branchMap":{"0":{"loc":{"start":{"line":34,"column":8},"end":{"line":36,"column":9}},"type":"if","locations":[{"start":{"line":34,"column":8},"end":{"line":36,"column":9}},{"start":{},"end":{}}],"line":34},"1":{"loc":{"start":{"line":38,"column":8},"end":{"line":40,"column":9}},"type":"if","locations":[{"start":{"line":38,"column":8},"end":{"line":40,"column":9}},{"start":{},"end":{}}],"line":38},"2":{"loc":{"start":{"line":42,"column":8},"end":{"line":47,"column":9}},"type":"if","locations":[{"start":{"line":42,"column":8},"end":{"line":47,"column":9}},{"start":{},"end":{}}],"line":42},"3":{"loc":{"start":{"line":50,"column":8},"end":{"line":58,"column":9}},"type":"if","locations":[{"start":{"line":50,"column":8},"end":{"line":58,"column":9}},{"start":{},"end":{}}],"line":50},"4":{"loc":{"start":{"line":97,"column":41},"end":{"line":101,"column":16}},"type":"cond-expr","locations":[{"start":{"line":97,"column":50},"end":{"line":101,"column":9}},{"start":{"line":101,"column":12},"end":{"line":101,"column":16}}],"line":97},"5":{"loc":{"start":{"line":104,"column":37},"end":{"line":108,"column":16}},"type":"cond-expr","locations":[{"start":{"line":104,"column":44},"end":{"line":108,"column":9}},{"start":{"line":108,"column":12},"end":{"line":108,"column":16}}],"line":104},"6":{"loc":{"start":{"line":113,"column":19},"end":{"line":116,"column":20}},"type":"cond-expr","locations":[{"start":{"line":113,"column":33},"end":{"line":116,"column":13}},{"start":{"line":116,"column":16},"end":{"line":116,"column":20}}],"line":113},"7":{"loc":{"start":{"line":168,"column":8},"end":{"line":170,"column":9}},"type":"if","locations":[{"start":{"line":168,"column":8},"end":{"line":170,"column":9}},{"start":{},"end":{}}],"line":168},"8":{"loc":{"start":{"line":185,"column":8},"end":{"line":187,"column":9}},"type":"if","locations":[{"start":{"line":185,"column":8},"end":{"line":187,"column":9}},{"start":{},"end":{}}],"line":185},"9":{"loc":{"start":{"line":193,"column":8},"end":{"line":195,"column":9}},"type":"if","locations":[{"start":{"line":193,"column":8},"end":{"line":195,"column":9}},{"start":{},"end":{}}],"line":193},"10":{"loc":{"start":{"line":193,"column":12},"end":{"line":193,"column":28}},"type":"binary-expr","locations":[{"start":{"line":193,"column":12},"end":{"line":193,"column":18}},{"start":{"line":193,"column":22},"end":{"line":193,"column":28}}],"line":193},"11":{"loc":{"start":{"line":222,"column":8},"end":{"line":224,"column":9}},"type":"if","locations":[{"start":{"line":222,"column":8},"end":{"line":224,"column":9}},{"start":{},"end":{}}],"line":222},"12":{"loc":{"start":{"line":249,"column":8},"end":{"line":251,"column":9}},"type":"if","locations":[{"start":{"line":249,"column":8},"end":{"line":251,"column":9}},{"start":{},"end":{}}],"line":249},"13":{"loc":{"start":{"line":254,"column":8},"end":{"line":262,"column":9}},"type":"if","locations":[{"start":{"line":254,"column":8},"end":{"line":262,"column":9}},{"start":{},"end":{}}],"line":254}},"s":{"0":0,"1":0,"2":0,"3":0,"4":0,"5":0,"6":0,"7":0,"8":0,"9":0,"10":0,"11":0,"12":0,"13":0,"14":0,"15":0,"16":0,"17":0,"18":0,"19":0,"20":0,"21":0,"22":0,"23":0,"24":0,"25":0,"26":0,"27":0,"28":0,"29":0,"30":0,"31":0,"32":0,"33":0,"34":0,"35":0,"36":0,"37":0,"38":0,"39":0,"40":0,"41":0,"42":0,"43":0,"44":0,"45":0,"46":0,"47":0,"48":0,"49":0,"50":0,"51":0,"52":0,"53":0,"54":0,"55":0,"56":0,"57":0,"58":0,"59":0,"60":0,"61":0,"62":0,"63":0,"64":0,"65":0,"66":0,"67":0},"f":{"0":0,"1":0,"2":0,"3":0,"4":0,"5":0,"6":0,"7":0},"b":{"0":[0,0],"1":[0,0],"2":[0,0],"3":[0,0],"4":[0,0],"5":[0,0],"6":[0,0],"7":[0,0],"8":[0,0],"9":[0,0],"10":[0,0],"11":[0,0],"12":[0,0],"13":[0,0]}},"/Users/bilelazz/Documents/edge/demo/PolytechTours-PadelStarterKit/backend/routes/events.js":{"path":"/Users/bilelazz/Documents/edge/demo/PolytechTours-PadelStarterKit/backend/routes/events.js","statementMap":{"0":{"start":{"line":5,"column":16},"end":{"line":5,"column":34}},"1":{"start":{"line":6,"column":15},"end":{"line":6,"column":31}},"2":{"start":{"line":7,"column":39},"end":{"line":7,"column":59}},"3":{"start":{"line":8,"column":21},"end":{"line":8,"column":55}},"4":{"start":{"line":9,"column":57},"end":{"line":9,"column":94}},"5":{"start":{"line":15,"column":4},"end":{"line":15,"column":32}},"6":{"start":{"line":21,"column":4},"end":{"line":21,"column":44}},"7":{"start":{"line":24,"column":0},"end":{"line":97,"column":2}},"8":{"start":{"line":28,"column":40},"end":{"line":28,"column":70}},"9":{"start":{"line":29,"column":46},"end":{"line":29,"column":55}},"10":{"start":{"line":31,"column":22},"end":{"line":31,"column":24}},"11":{"start":{"line":34,"column":8},"end":{"line":55,"column":9}},"12":{"start":{"line":36,"column":37},"end":{"line":36,"column":53}},"13":{"start":{"line":37,"column":33},"end":{"line":37,"column":57}},"14":{"start":{"line":38,"column":31},"end":{"line":38,"column":106}},"15":{"start":{"line":39,"column":12},"end":{"line":41,"column":14}},"16":{"start":{"line":43,"column":12},"end":{"line":48,"column":13}},"17":{"start":{"line":44,"column":16},"end":{"line":47,"column":18}},"18":{"start":{"line":49,"column":12},"end":{"line":54,"column":13}},"19":{"start":{"line":50,"column":16},"end":{"line":53,"column":18}},"20":{"start":{"line":57,"column":32},"end":{"line":86,"column":10}},"21":{"start":{"line":88,"column":8},"end":{"line":95,"column":10}},"22":{"start":{"line":100,"column":0},"end":{"line":139,"column":2}},"23":{"start":{"line":104,"column":23},"end":{"line":104,"column":33}},"24":{"start":{"line":106,"column":22},"end":{"line":131,"column":10}},"25":{"start":{"line":133,"column":8},"end":{"line":135,"column":9}},"26":{"start":{"line":134,"column":12},"end":{"line":134,"column":49}},"27":{"start":{"line":137,"column":8},"end":{"line":137,"column":77}},"28":{"start":{"line":142,"column":0},"end":{"line":208,"column":2}},"29":{"start":{"line":146,"column":50},"end":{"line":146,"column":58}},"30":{"start":{"line":149,"column":23},"end":{"line":176,"column":10}},"31":{"start":{"line":151,"column":26},"end":{"line":154,"column":13}},"32":{"start":{"line":157,"column":33},"end":{"line":157,"column":35}},"33":{"start":{"line":158,"column":12},"end":{"line":173,"column":13}},"34":{"start":{"line":159,"column":16},"end":{"line":172,"column":18}},"35":{"start":{"line":161,"column":24},"end":{"line":170,"column":25}},"36":{"start":{"line":175,"column":12},"end":{"line":175,"column":54}},"37":{"start":{"line":179,"column":33},"end":{"line":204,"column":10}},"38":{"start":{"line":206,"column":8},"end":{"line":206,"column":84}},"39":{"start":{"line":211,"column":0},"end":{"line":229,"column":2}},"40":{"start":{"line":216,"column":23},"end":{"line":216,"column":33}},"41":{"start":{"line":217,"column":27},"end":{"line":217,"column":35}},"42":{"start":{"line":219,"column":22},"end":{"line":219,"column":46}},"43":{"start":{"line":221,"column":8},"end":{"line":223,"column":9}},"44":{"start":{"line":222,"column":12},"end":{"line":222,"column":49}},"45":{"start":{"line":225,"column":8},"end":{"line":225,"column":39}},"46":{"start":{"line":227,"column":8},"end":{"line":227,"column":79}},"47":{"start":{"line":232,"column":0},"end":{"line":271,"column":2}},"48":{"start":{"line":236,"column":23},"end":{"line":236,"column":33}},"49":{"start":{"line":238,"column":22},"end":{"line":245,"column":10}},"50":{"start":{"line":247,"column":8},"end":{"line":249,"column":9}},"51":{"start":{"line":248,"column":12},"end":{"line":248,"column":49}},"52":{"start":{"line":252,"column":36},"end":{"line":254,"column":9}},"53":{"start":{"line":253,"column":12},"end":{"line":253,"column":38}},"54":{"start":{"line":256,"column":8},"end":{"line":264,"column":9}},"55":{"start":{"line":257,"column":12},"end":{"line":263,"column":15}},"56":{"start":{"line":267,"column":8},"end":{"line":267,"column":30}},"57":{"start":{"line":269,"column":8},"end":{"line":269,"column":76}},"58":{"start":{"line":273,"column":0},"end":{"line":273,"column":24}}},"fnMap":{"0":{"name":"(anonymous_0)","decl":{"start":{"line":27,"column":17},"end":{"line":27,"column":18}},"loc":{"start":{"line":27,"column":37},"end":{"line":96,"column":5}},"line":27},"1":{"name":"(anonymous_1)","decl":{"start":{"line":103,"column":17},"end":{"line":103,"column":18}},"loc":{"start":{"line":103,"column":37},"end":{"line":138,"column":5}},"line":103},"2":{"name":"(anonymous_2)","decl":{"start":{"line":145,"column":17},"end":{"line":145,"column":18}},"loc":{"start":{"line":145,"column":37},"end":{"line":207,"column":5}},"line":145},"3":{"name":"(anonymous_3)","decl":{"start":{"line":149,"column":72},"end":{"line":149,"column":73}},"loc":{"start":{"line":149,"column":85},"end":{"line":176,"column":9}},"line":149},"4":{"name":"(anonymous_4)","decl":{"start":{"line":160,"column":32},"end":{"line":160,"column":33}},"loc":{"start":{"line":161,"column":24},"end":{"line":170,"column":25}},"line":161},"5":{"name":"(anonymous_5)","decl":{"start":{"line":215,"column":17},"end":{"line":215,"column":18}},"loc":{"start":{"line":215,"column":37},"end":{"line":228,"column":5}},"line":215},"6":{"name":"(anonymous_6)","decl":{"start":{"line":235,"column":17},"end":{"line":235,"column":18}},"loc":{"start":{"line":235,"column":37},"end":{"line":270,"column":5}},"line":235},"7":{"name":"(anonymous_7)","decl":{"start":{"line":252,"column":56},"end":{"line":252,"column":57}},"loc":{"start":{"line":253,"column":12},"end":{"line":253,"column":38}},"line":253}},"branchMap":{"0":{"loc":{"start":{"line":34,"column":8},"end":{"line":55,"column":9}},"type":"if","locations":[{"start":{"line":34,"column":8},"end":{"line":55,"column":9}},{"start":{"line":42,"column":15},"end":{"line":55,"column":9}}],"line":34},"1":{"loc":{"start":{"line":43,"column":12},"end":{"line":48,"column":13}},"type":"if","locations":[{"start":{"line":43,"column":12},"end":{"line":48,"column":13}},{"start":{},"end":{}}],"line":43},"2":{"loc":{"start":{"line":49,"column":12},"end":{"line":54,"column":13}},"type":"if","locations":[{"start":{"line":49,"column":12},"end":{"line":54,"column":13}},{"start":{},"end":{}}],"line":49},"3":{"loc":{"start":{"line":133,"column":8},"end":{"line":135,"column":9}},"type":"if","locations":[{"start":{"line":133,"column":8},"end":{"line":135,"column":9}},{"start":{},"end":{}}],"line":133},"4":{"loc":{"start":{"line":158,"column":12},"end":{"line":173,"column":13}},"type":"if","locations":[{"start":{"line":158,"column":12},"end":{"line":173,"column":13}},{"start":{},"end":{}}],"line":158},"5":{"loc":{"start":{"line":158,"column":16},"end":{"line":158,"column":45}},"type":"binary-expr","locations":[{"start":{"line":158,"column":16},"end":{"line":158,"column":23}},{"start":{"line":158,"column":27},"end":{"line":158,"column":45}}],"line":158},"6":{"loc":{"start":{"line":221,"column":8},"end":{"line":223,"column":9}},"type":"if","locations":[{"start":{"line":221,"column":8},"end":{"line":223,"column":9}},{"start":{},"end":{}}],"line":221},"7":{"loc":{"start":{"line":247,"column":8},"end":{"line":249,"column":9}},"type":"if","locations":[{"start":{"line":247,"column":8},"end":{"line":249,"column":9}},{"start":{},"end":{}}],"line":247},"8":{"loc":{"start":{"line":256,"column":8},"end":{"line":264,"column":9}},"type":"if","locations":[{"start":{"line":256,"column":8},"end":{"line":264,"column":9}},{"start":{},"end":{}}],"line":256}},"s":{"0":0,"1":0,"2":0,"3":0,"4":0,"5":0,"6":0,"7":0,"8":0,"9":0,"10":0,"11":0,"12":0,"13":0,"14":0,"15":0,"16":0,"17":0,"18":0,"19":0,"20":0,"21":0,"22":0,"23":0,"24":0,"25":0,"26":0,"27":0,"28":0,"29":0,"30":0,"31":0,"32":0,"33":0,"34":0,"35":0,"36":0,"37":0,"38":0,"39":0,"40":0,"41":0,"42":0,"43":0,"44":0,"45":0,"46":0,"47":0,"48":0,"49":0,"50":0,"51":0,"52":0,"53":0,"54":0,"55":0,"56":0,"57":0,"58":0},"f":{"0":0,"1":0,"2":0,"3":0,"4":0,"5":0,"6":0,"7":0},"b":{"0":[0,0],"1":[0,0],"2":[0,0],"3":[0,0],"4":[0,0],"5":[0,0],"6":[0,0],"7":[0,0],"8":[0,0]}},"/Users/bilelazz/Documents/edge/demo/PolytechTours-PadelStarterKit/backend/routes/profile.js":{"path":"/Users/bilelazz/Documents/edge/demo/PolytechTours-PadelStarterKit/backend/routes/profile.js","statementMap":{"0":{"start":{"line":5,"column":16},"end":{"line":5,"column":34}},"1":{"start":{"line":6,"column":15},"end":{"line":6,"column":31}},"2":{"start":{"line":7,"column":25},"end":{"line":7,"column":45}},"3":{"start":{"line":8,"column":40},"end":{"line":8,"column":77}},"4":{"start":{"line":9,"column":28},"end":{"line":9,"column":56}},"5":{"start":{"line":12,"column":0},"end":{"line":38,"column":2}},"6":{"start":{"line":19,"column":24},"end":{"line":34,"column":9}},"7":{"start":{"line":36,"column":8},"end":{"line":36,"column":76}},"8":{"start":{"line":41,"column":0},"end":{"line":54,"column":2}},"9":{"start":{"line":47,"column":58},"end":{"line":47,"column":66}},"10":{"start":{"line":52,"column":8},"end":{"line":52,"column":73}},"11":{"start":{"line":57,"column":0},"end":{"line":68,"column":2}},"12":{"start":{"line":66,"column":8},"end":{"line":66,"column":107}},"13":{"start":{"line":71,"column":0},"end":{"line":80,"column":2}},"14":{"start":{"line":78,"column":8},"end":{"line":78,"column":73}},"15":{"start":{"line":82,"column":0},"end":{"line":82,"column":24}}},"fnMap":{"0":{"name":"(anonymous_0)","decl":{"start":{"line":14,"column":17},"end":{"line":14,"column":18}},"loc":{"start":{"line":14,"column":37},"end":{"line":37,"column":5}},"line":14},"1":{"name":"(anonymous_1)","decl":{"start":{"line":43,"column":17},"end":{"line":43,"column":18}},"loc":{"start":{"line":43,"column":37},"end":{"line":53,"column":5}},"line":43},"2":{"name":"(anonymous_2)","decl":{"start":{"line":59,"column":17},"end":{"line":59,"column":18}},"loc":{"start":{"line":59,"column":37},"end":{"line":67,"column":5}},"line":59},"3":{"name":"(anonymous_3)","decl":{"start":{"line":73,"column":17},"end":{"line":73,"column":18}},"loc":{"start":{"line":73,"column":37},"end":{"line":79,"column":5}},"line":73}},"branchMap":{},"s":{"0":0,"1":0,"2":0,"3":0,"4":0,"5":0,"6":0,"7":0,"8":0,"9":0,"10":0,"11":0,"12":0,"13":0,"14":0,"15":0},"f":{"0":0,"1":0,"2":0,"3":0},"b":{}}}}
