{"/Users/damienlorigeon/Documents/Polytech/5A/Test & Sécurité/PolytechTours-PadelStarterKit/backend/middleware/auth.js": {"path":"/Users/damienlorigeon/Documents/Polytech/5A/Test & Sécurité/PolytechTours-PadelStarterKit/backend/middleware/auth.js","statementMap":{"0":{"start":{"line":1,"column":12},"end":{"line":1,"column":35}},"1":{"start":{"line":2,"column":17},"end":{"line":2,"column":37}},"2":{"start":{"line":4,"column":20},"end":{"line":29,"column":1}},"3":{"start":{"line":5,"column":23},"end":{"line":5,"column":51}},"4":{"start":{"line":6,"column":18},"end":{"line":6,"column":56}},"5":{"start":{"line":8,"column":4},"end":{"line":10,"column":5}},"6":{"start":{"line":9,"column":8},"end":{"line":9,"column":67}},"7":{"start":{"line":12,"column":4},"end":{"line":28,"column":5}},"8":{"start":{"line":13,"column":24},"end":{"line":13,"column":113}},"9":{"start":{"line":14,"column":21},"end":{"line":14,"column":53}},"10":{"start":{"line":16,"column":8},"end":{"line":18,"column":9}},"11":{"start":{"line":17,"column":12},"end":{"line":17,"column":78}},"12":{"start":{"line":20,"column":8},"end":{"line":22,"column":9}},"13":{"start":{"line":21,"column":12},"end":{"line":21,"column":72}},"14":{"start":{"line":24,"column":8},"end":{"line":24,"column":24}},"15":{"start":{"line":25,"column":8},"end":{"line":25,"column":15}},"16":{"start":{"line":27,"column":8},"end":{"line":27,"column":66}},"17":{"start":{"line":31,"column":0},"end":{"line":31,"column":29}}},"fnMap":{"0":{"name":"(anonymous_0)","decl":{"start":{"line":4,"column":20},"end":{"line":4,"column":21}},"loc":{"start":{"line":4,"column":46},"end":{"line":29,"column":1}},"line":4}},"branchMap":{"0":{"loc":{"start":{"line":6,"column":18},"end":{"line":6,"column":56}},"type":"binary-expr","locations":[{"start":{"line":6,"column":18},"end":{"line":6,"column":28}},{"start":{"line":6,"column":32},"end":{"line":6,"column":56}}],"line":6},"1":{"loc":{"start":{"line":8,"column":4},"end":{"line":10,"column":5}},"type":"if","locations":[{"start":{"line":8,"column":4},"end":{"line":10,"column":5}},{"start":{},"end":{}}],"line":8},"2":{"loc":{"start":{"line":13,"column":42},"end":{"line":13,"column":112}},"type":"binary-expr","locations":[{"start":{"line":13,"column":42},"end":{"line":13,"column":64}},{"start":{"line":13,"column":68},"end":{"line":13,"column":112}}],"line":13},"3":{"loc":{"start":{"line":16,"column":8},"end":{"line":18,"column":9}},"type":"if","locations":[{"start":{"line":16,"column":8},"end":{"line":18,"column":9}},{"start":{},"end":{}}],"line":16},"4":{"loc":{"start":{"line":20,"column":8},"end":{"line":22,"column":9}},"type":"if","locations":[{"start":{"line":20,"column":8},"end":{"line":22,"column":9}},{"start":{},"end":{}}],"line":20}},"s":{"0":4,"1":4,"2":4,"3":9,"4":9,"5":9,"6":2,"7":7,"8":7,"9":5,"10":5,"11":0,"12":5,"13":0,"14":5,"15":5,"16":2,"17":4},"f":{"0":9},"b":{"0":[9,7],"1":[2,7],"2":[7,7],"3":[0,5],"4":[0,5]},"_coverageSchema":"1a1c01bbd47fc00a2c39e90264f33305004495a9","hash":"bd5642bfa4468658d8467807062c68a99b39de51"}
,"/Users/damienlorigeon/Documents/Polytech/5A/Test & Sécurité/PolytechTours-PadelStarterKit/backend/middleware/errorHandler.js": {"path":"/Users/damienlorigeon/Documents/Polytech/5A/Test & Sécurité/PolytechTours-PadelStarterKit/backend/middleware/errorHandler.js","statementMap":{"0":{"start":{"line":10,"column":4},"end":{"line":10,"column":19}},"1":{"start":{"line":11,"column":4},"end":{"line":11,"column":33}},"2":{"start":{"line":12,"column":4},"end":{"line":12,"column":31}},"3":{"start":{"line":13,"column":4},"end":{"line":13,"column":30}},"4":{"start":{"line":14,"column":4},"end":{"line":14,"column":52}},"5":{"start":{"line":20,"column":4},"end":{"line":20,"column":44}},"6":{"start":{"line":21,"column":4},"end":{"line":21,"column":25}},"7":{"start":{"line":27,"column":4},"end":{"line":27,"column":53}},"8":{"start":{"line":33,"column":4},"end":{"line":33,"column":40}},"9":{"start":{"line":39,"column":4},"end":{"line":39,"column":37}},"10":{"start":{"line":45,"column":4},"end":{"line":45,"column":36}},"11":{"start":{"line":52,"column":21},"end":{"line":87,"column":1}},"12":{"start":{"line":54,"column":2},"end":{"line":61,"column":5}},"13":{"start":{"line":64,"column":21},"end":{"line":64,"column":42}},"14":{"start":{"line":65,"column":20},"end":{"line":65,"column":60}},"15":{"start":{"line":68,"column":24},"end":{"line":74,"column":3}},"16":{"start":{"line":77,"column":2},"end":{"line":79,"column":3}},"17":{"start":{"line":78,"column":4},"end":{"line":78,"column":45}},"18":{"start":{"line":82,"column":2},"end":{"line":84,"column":3}},"19":{"start":{"line":83,"column":4},"end":{"line":83,"column":42}},"20":{"start":{"line":86,"column":2},"end":{"line":86,"column":45}},"21":{"start":{"line":92,"column":24},"end":{"line":95,"column":1}},"22":{"start":{"line":93,"column":16},"end":{"line":93,"column":61}},"23":{"start":{"line":94,"column":2},"end":{"line":94,"column":14}},"24":{"start":{"line":101,"column":21},"end":{"line":105,"column":1}},"25":{"start":{"line":102,"column":2},"end":{"line":104,"column":4}},"26":{"start":{"line":103,"column":4},"end":{"line":103,"column":52}},"27":{"start":{"line":107,"column":0},"end":{"line":117,"column":2}}},"fnMap":{"0":{"name":"(anonymous_0)","decl":{"start":{"line":9,"column":2},"end":{"line":9,"column":3}},"loc":{"start":{"line":9,"column":53},"end":{"line":15,"column":3}},"line":9},"1":{"name":"(anonymous_1)","decl":{"start":{"line":19,"column":2},"end":{"line":19,"column":3}},"loc":{"start":{"line":19,"column":36},"end":{"line":22,"column":3}},"line":19},"2":{"name":"(anonymous_2)","decl":{"start":{"line":26,"column":2},"end":{"line":26,"column":3}},"loc":{"start":{"line":26,"column":37},"end":{"line":28,"column":3}},"line":26},"3":{"name":"(anonymous_3)","decl":{"start":{"line":32,"column":2},"end":{"line":32,"column":3}},"loc":{"start":{"line":32,"column":47},"end":{"line":34,"column":3}},"line":32},"4":{"name":"(anonymous_4)","decl":{"start":{"line":38,"column":2},"end":{"line":38,"column":3}},"loc":{"start":{"line":38,"column":44},"end":{"line":40,"column":3}},"line":38},"5":{"name":"(anonymous_5)","decl":{"start":{"line":44,"column":2},"end":{"line":44,"column":3}},"loc":{"start":{"line":44,"column":23},"end":{"line":46,"column":3}},"line":44},"6":{"name":"(anonymous_6)","decl":{"start":{"line":52,"column":21},"end":{"line":52,"column":22}},"loc":{"start":{"line":52,"column":46},"end":{"line":87,"column":1}},"line":52},"7":{"name":"(anonymous_7)","decl":{"start":{"line":92,"column":24},"end":{"line":92,"column":25}},"loc":{"start":{"line":92,"column":44},"end":{"line":95,"column":1}},"line":92},"8":{"name":"(anonymous_8)","decl":{"start":{"line":101,"column":21},"end":{"line":101,"column":22}},"loc":{"start":{"line":101,"column":29},"end":{"line":105,"column":1}},"line":101},"9":{"name":"(anonymous_9)","decl":{"start":{"line":102,"column":9},"end":{"line":102,"column":10}},"loc":{"start":{"line":102,"column":29},"end":{"line":104,"column":3}},"line":102}},"branchMap":{"0":{"loc":{"start":{"line":9,"column":35},"end":{"line":9,"column":51}},"type":"default-arg","locations":[{"start":{"line":9,"column":47},"end":{"line":9,"column":51}}],"line":9},"1":{"loc":{"start":{"line":19,"column":23},"end":{"line":19,"column":34}},"type":"default-arg","locations":[{"start":{"line":19,"column":32},"end":{"line":19,"column":34}}],"line":19},"2":{"loc":{"start":{"line":26,"column":14},"end":{"line":26,"column":35}},"type":"default-arg","locations":[{"start":{"line":26,"column":25},"end":{"line":26,"column":35}}],"line":26},"3":{"loc":{"start":{"line":32,"column":14},"end":{"line":32,"column":45}},"type":"default-arg","locations":[{"start":{"line":32,"column":24},"end":{"line":32,"column":45}}],"line":32},"4":{"loc":{"start":{"line":38,"column":14},"end":{"line":38,"column":42}},"type":"default-arg","locations":[{"start":{"line":38,"column":24},"end":{"line":38,"column":42}}],"line":38},"5":{"loc":{"start":{"line":64,"column":21},"end":{"line":64,"column":42}},"type":"binary-expr","locations":[{"start":{"line":64,"column":21},"end":{"line":64,"column":35}},{"start":{"line":64,"column":39},"end":{"line":64,"column":42}}],"line":64},"6":{"loc":{"start":{"line":65,"column":20},"end":{"line":65,"column":60}},"type":"binary-expr","locations":[{"start":{"line":65,"column":20},"end":{"line":65,"column":33}},{"start":{"line":65,"column":37},"end":{"line":65,"column":60}}],"line":65},"7":{"loc":{"start":{"line":72,"column":15},"end":{"line":72,"column":60}},"type":"binary-expr","locations":[{"start":{"line":72,"column":15},"end":{"line":72,"column":26}},{"start":{"line":72,"column":30},"end":{"line":72,"column":60}}],"line":72},"8":{"loc":{"start":{"line":77,"column":2},"end":{"line":79,"column":3}},"type":"if","locations":[{"start":{"line":77,"column":2},"end":{"line":79,"column":3}},{"start":{},"end":{}}],"line":77},"9":{"loc":{"start":{"line":77,"column":6},"end":{"line":77,"column":50}},"type":"binary-expr","locations":[{"start":{"line":77,"column":6},"end":{"line":77,"column":36}},{"start":{"line":77,"column":40},"end":{"line":77,"column":50}}],"line":77},"10":{"loc":{"start":{"line":82,"column":2},"end":{"line":84,"column":3}},"type":"if","locations":[{"start":{"line":82,"column":2},"end":{"line":84,"column":3}},{"start":{},"end":{}}],"line":82}},"s":{"0":0,"1":0,"2":0,"3":0,"4":0,"5":0,"6":0,"7":0,"8":0,"9":0,"10":0,"11":0,"12":0,"13":0,"14":0,"15":0,"16":0,"17":0,"18":0,"19":0,"20":0,"21":0,"22":0,"23":0,"24":0,"25":0,"26":0,"27":0},"f":{"0":0,"1":0,"2":0,"3":0,"4":0,"5":0,"6":0,"7":0,"8":0,"9":0},"b":{"0":[0],"1":[0],"2":[0],"3":[0],"4":[0],"5":[0,0],"6":[0,0],"7":[0,0],"8":[0,0],"9":[0,0],"10":[0,0]}}
,"/Users/damienlorigeon/Documents/Polytech/5A/Test & Sécurité/PolytechTours-PadelStarterKit/backend/middleware/validator.js": {"path":"/Users/damienlorigeon/Documents/Polytech/5A/Test & Sécurité/PolytechTours-PadelStarterKit/backend/middleware/validator.js","statementMap":{"0":{"start":{"line":5,"column":28},"end":{"line":5,"column":53}},"1":{"start":{"line":15,"column":17},"end":{"line":50,"column":1}},"2":{"start":{"line":16,"column":4},"end":{"line":49,"column":6}},"3":{"start":{"line":17,"column":8},"end":{"line":48,"column":9}},"4":{"start":{"line":18,"column":35},"end":{"line":18,"column":46}},"5":{"start":{"line":21,"column":34},"end":{"line":21,"column":62}},"6":{"start":{"line":24,"column":12},"end":{"line":24,"column":40}},"7":{"start":{"line":26,"column":12},"end":{"line":26,"column":19}},"8":{"start":{"line":29,"column":12},"end":{"line":44,"column":13}},"9":{"start":{"line":31,"column":36},"end":{"line":31,"column":70}},"10":{"start":{"line":32,"column":40},"end":{"line":36,"column":19}},"11":{"start":{"line":32,"column":66},"end":{"line":36,"column":17}},"12":{"start":{"line":38,"column":40},"end":{"line":41,"column":17}},"13":{"start":{"line":43,"column":16},"end":{"line":43,"column":45}},"14":{"start":{"line":47,"column":12},"end":{"line":47,"column":24}},"15":{"start":{"line":55,"column":25},"end":{"line":92,"column":1}},"16":{"start":{"line":56,"column":4},"end":{"line":91,"column":6}},"17":{"start":{"line":57,"column":8},"end":{"line":90,"column":9}},"18":{"start":{"line":58,"column":27},"end":{"line":58,"column":29}},"19":{"start":{"line":60,"column":12},"end":{"line":77,"column":13}},"20":{"start":{"line":61,"column":16},"end":{"line":76,"column":17}},"21":{"start":{"line":62,"column":42},"end":{"line":62,"column":67}},"22":{"start":{"line":63,"column":20},"end":{"line":63,"column":48}},"23":{"start":{"line":65,"column":20},"end":{"line":75,"column":21}},"24":{"start":{"line":66,"column":44},"end":{"line":66,"column":78}},"25":{"start":{"line":67,"column":24},"end":{"line":74,"column":27}},"26":{"start":{"line":68,"column":28},"end":{"line":73,"column":31}},"27":{"start":{"line":79,"column":12},"end":{"line":85,"column":13}},"28":{"start":{"line":80,"column":40},"end":{"line":83,"column":17}},"29":{"start":{"line":84,"column":16},"end":{"line":84,"column":45}},"30":{"start":{"line":87,"column":12},"end":{"line":87,"column":19}},"31":{"start":{"line":89,"column":12},"end":{"line":89,"column":24}},"32":{"start":{"line":94,"column":0},"end":{"line":97,"column":2}}},"fnMap":{"0":{"name":"(anonymous_0)","decl":{"start":{"line":15,"column":17},"end":{"line":15,"column":18}},"loc":{"start":{"line":15,"column":46},"end":{"line":50,"column":1}},"line":15},"1":{"name":"(anonymous_1)","decl":{"start":{"line":16,"column":11},"end":{"line":16,"column":12}},"loc":{"start":{"line":16,"column":31},"end":{"line":49,"column":5}},"line":16},"2":{"name":"(anonymous_2)","decl":{"start":{"line":32,"column":56},"end":{"line":32,"column":57}},"loc":{"start":{"line":32,"column":66},"end":{"line":36,"column":17}},"line":32},"3":{"name":"(anonymous_3)","decl":{"start":{"line":55,"column":25},"end":{"line":55,"column":26}},"loc":{"start":{"line":55,"column":38},"end":{"line":92,"column":1}},"line":55},"4":{"name":"(anonymous_4)","decl":{"start":{"line":56,"column":11},"end":{"line":56,"column":12}},"loc":{"start":{"line":56,"column":37},"end":{"line":91,"column":5}},"line":56},"5":{"name":"(anonymous_5)","decl":{"start":{"line":67,"column":44},"end":{"line":67,"column":45}},"loc":{"start":{"line":67,"column":53},"end":{"line":74,"column":25}},"line":67}},"branchMap":{"0":{"loc":{"start":{"line":15,"column":26},"end":{"line":15,"column":41}},"type":"default-arg","locations":[{"start":{"line":15,"column":35},"end":{"line":15,"column":41}}],"line":15},"1":{"loc":{"start":{"line":29,"column":12},"end":{"line":44,"column":13}},"type":"if","locations":[{"start":{"line":29,"column":12},"end":{"line":44,"column":13}},{"start":{},"end":{}}],"line":29},"2":{"loc":{"start":{"line":31,"column":36},"end":{"line":31,"column":70}},"type":"binary-expr","locations":[{"start":{"line":31,"column":36},"end":{"line":31,"column":48}},{"start":{"line":31,"column":52},"end":{"line":31,"column":64}},{"start":{"line":31,"column":68},"end":{"line":31,"column":70}}],"line":31},"3":{"loc":{"start":{"line":65,"column":20},"end":{"line":75,"column":21}},"type":"if","locations":[{"start":{"line":65,"column":20},"end":{"line":75,"column":21}},{"start":{},"end":{}}],"line":65},"4":{"loc":{"start":{"line":66,"column":44},"end":{"line":66,"column":78}},"type":"binary-expr","locations":[{"start":{"line":66,"column":44},"end":{"line":66,"column":56}},{"start":{"line":66,"column":60},"end":{"line":66,"column":72}},{"start":{"line":66,"column":76},"end":{"line":66,"column":78}}],"line":66},"5":{"loc":{"start":{"line":79,"column":12},"end":{"line":85,"column":13}},"type":"if","locations":[{"start":{"line":79,"column":12},"end":{"line":85,"column":13}},{"start":{},"end":{}}],"line":79}},"s":{"0":0,"1":0,"2":0,"3":0,"4":0,"5":0,"6":0,"7":0,"8":0,"9":0,"10":0,"11":0,"12":0,"13":0,"14":0,"15":0,"16":0,"17":0,"18":0,"19":0,"20":0,"21":0,"22":0,"23":0,"24":0,"25":0,"26":0,"27":0,"28":0,"29":0,"30":0,"31":0,"32":0},"f":{"0":0,"1":0,"2":0,"3":0,"4":0,"5":0},"b":{"0":[0],"1":[0,0],"2":[0,0,0],"3":[0,0],"4":[0,0,0],"5":[0,0]}}
,"/Users/damienlorigeon/Documents/Polytech/5A/Test & Sécurité/PolytechTours-PadelStarterKit/backend/models/Event.js": {"path":"/Users/damienlorigeon/Documents/Polytech/5A/Test & Sécurité/PolytechTours-PadelStarterKit/backend/models/Event.js","statementMap":{"0":{"start":{"line":5,"column":0},"end":{"line":38,"column":2}},"1":{"start":{"line":6,"column":18},"end":{"line":26,"column":6}},"2":{"start":{"line":28,"column":4},"end":{"line":35,"column":6}},"3":{"start":{"line":30,"column":8},"end":{"line":34,"column":11}},"4":{"start":{"line":37,"column":4},"end":{"line":37,"column":17}}},"fnMap":{"0":{"name":"(anonymous_0)","decl":{"start":{"line":5,"column":17},"end":{"line":5,"column":18}},"loc":{"start":{"line":5,"column":43},"end":{"line":38,"column":1}},"line":5},"1":{"name":"(anonymous_1)","decl":{"start":{"line":28,"column":22},"end":{"line":28,"column":23}},"loc":{"start":{"line":28,"column":34},"end":{"line":35,"column":5}},"line":28}},"branchMap":{},"s":{"0":5,"1":5,"2":5,"3":5,"4":5},"f":{"0":5,"1":5},"b":{},"_coverageSchema":"1a1c01bbd47fc00a2c39e90264f33305004495a9","hash":"554db42a27623653cb8bc788d58c0d3b71e1ffaa"}
,"/Users/damienlorigeon/Documents/Polytech/5A/Test & Sécurité/PolytechTours-PadelStarterKit/backend/models/LoginAttempt.js": {"path":"/Users/damienlorigeon/Documents/Polytech/5A/Test & Sécurité/PolytechTours-PadelStarterKit/backend/models/LoginAttempt.js","statementMap":{"0":{"start":{"line":1,"column":0},"end":{"line":28,"column":2}},"1":{"start":{"line":2,"column":25},"end":{"line":25,"column":6}},"2":{"start":{"line":27,"column":4},"end":{"line":27,"column":24}}},"fnMap":{"0":{"name":"(anonymous_0)","decl":{"start":{"line":1,"column":17},"end":{"line":1,"column":18}},"loc":{"start":{"line":1,"column":43},"end":{"line":28,"column":1}},"line":1}},"branchMap":{},"s":{"0":5,"1":5,"2":5},"f":{"0":5},"b":{},"_coverageSchema":"1a1c01bbd47fc00a2c39e90264f33305004495a9","hash":"dc1dadf91411b74f535c56ed542b0ebb7e790a2c"}
,"/Users/damienlorigeon/Documents/Polytech/5A/Test & Sécurité/PolytechTours-PadelStarterKit/backend/models/Match.js": {"path":"/Users/damienlorigeon/Documents/Polytech/5A/Test & Sécurité/PolytechTours-PadelStarterKit/backend/models/Match.js","statementMap":{"0":{"start":{"line":5,"column":0},"end":{"line":100,"column":2}},"1":{"start":{"line":6,"column":18},"end":{"line":77,"column":6}},"2":{"start":{"line":72,"column":16},"end":{"line":74,"column":17}},"3":{"start":{"line":73,"column":20},"end":{"line":73,"column":85}},"4":{"start":{"line":79,"column":4},"end":{"line":97,"column":6}},"5":{"start":{"line":81,"column":8},"end":{"line":84,"column":11}},"6":{"start":{"line":87,"column":8},"end":{"line":90,"column":11}},"7":{"start":{"line":93,"column":8},"end":{"line":96,"column":11}},"8":{"start":{"line":99,"column":4},"end":{"line":99,"column":17}}},"fnMap":{"0":{"name":"(anonymous_0)","decl":{"start":{"line":5,"column":17},"end":{"line":5,"column":18}},"loc":{"start":{"line":5,"column":43},"end":{"line":100,"column":1}},"line":5},"1":{"name":"(anonymous_1)","decl":{"start":{"line":71,"column":12},"end":{"line":71,"column":13}},"loc":{"start":{"line":71,"column":29},"end":{"line":75,"column":13}},"line":71},"2":{"name":"(anonymous_2)","decl":{"start":{"line":79,"column":22},"end":{"line":79,"column":23}},"loc":{"start":{"line":79,"column":34},"end":{"line":97,"column":5}},"line":79}},"branchMap":{"0":{"loc":{"start":{"line":72,"column":16},"end":{"line":74,"column":17}},"type":"if","locations":[{"start":{"line":72,"column":16},"end":{"line":74,"column":17}},{"start":{},"end":{}}],"line":72}},"s":{"0":5,"1":5,"2":0,"3":0,"4":5,"5":5,"6":5,"7":5,"8":5},"f":{"0":5,"1":0,"2":5},"b":{"0":[0,0]},"_coverageSchema":"1a1c01bbd47fc00a2c39e90264f33305004495a9","hash":"968e6ef0612f68ff7b6c8943b32b14e9ae322626"}
,"/Users/damienlorigeon/Documents/Polytech/5A/Test & Sécurité/PolytechTours-PadelStarterKit/backend/models/Player.js": {"path":"/Users/damienlorigeon/Documents/Polytech/5A/Test & Sécurité/PolytechTours-PadelStarterKit/backend/models/Player.js","statementMap":{"0":{"start":{"line":5,"column":0},"end":{"line":86,"column":2}},"1":{"start":{"line":6,"column":19},"end":{"line":63,"column":6}},"2":{"start":{"line":65,"column":4},"end":{"line":83,"column":6}},"3":{"start":{"line":67,"column":8},"end":{"line":70,"column":11}},"4":{"start":{"line":73,"column":8},"end":{"line":76,"column":11}},"5":{"start":{"line":79,"column":8},"end":{"line":82,"column":11}},"6":{"start":{"line":85,"column":4},"end":{"line":85,"column":18}}},"fnMap":{"0":{"name":"(anonymous_0)","decl":{"start":{"line":5,"column":17},"end":{"line":5,"column":18}},"loc":{"start":{"line":5,"column":43},"end":{"line":86,"column":1}},"line":5},"1":{"name":"(anonymous_1)","decl":{"start":{"line":65,"column":23},"end":{"line":65,"column":24}},"loc":{"start":{"line":65,"column":35},"end":{"line":83,"column":5}},"line":65}},"branchMap":{},"s":{"0":5,"1":5,"2":5,"3":5,"4":5,"5":5,"6":5},"f":{"0":5,"1":5},"b":{},"_coverageSchema":"1a1c01bbd47fc00a2c39e90264f33305004495a9","hash":"4ff097b54de2bd5b61a337ab2f0360caddceb724"}
,"/Users/damienlorigeon/Documents/Polytech/5A/Test & Sécurité/PolytechTours-PadelStarterKit/backend/models/Pool.js": {"path":"/Users/damienlorigeon/Documents/Polytech/5A/Test & Sécurité/PolytechTours-PadelStarterKit/backend/models/Pool.js","statementMap":{"0":{"start":{"line":5,"column":0},"end":{"line":32,"column":2}},"1":{"start":{"line":6,"column":17},"end":{"line":21,"column":6}},"2":{"start":{"line":23,"column":4},"end":{"line":29,"column":6}},"3":{"start":{"line":25,"column":8},"end":{"line":28,"column":11}},"4":{"start":{"line":31,"column":4},"end":{"line":31,"column":16}}},"fnMap":{"0":{"name":"(anonymous_0)","decl":{"start":{"line":5,"column":17},"end":{"line":5,"column":18}},"loc":{"start":{"line":5,"column":43},"end":{"line":32,"column":1}},"line":5},"1":{"name":"(anonymous_1)","decl":{"start":{"line":23,"column":21},"end":{"line":23,"column":22}},"loc":{"start":{"line":23,"column":33},"end":{"line":29,"column":5}},"line":23}},"branchMap":{},"s":{"0":5,"1":5,"2":5,"3":5,"4":5},"f":{"0":5,"1":5},"b":{},"_coverageSchema":"1a1c01bbd47fc00a2c39e90264f33305004495a9","hash":"d1a7df235b12357d2daeee9082922762301622cf"}
,"/Users/damienlorigeon/Documents/Polytech/5A/Test & Sécurité/PolytechTours-PadelStarterKit/backend/models/Team.js": {"path":"/Users/damienlorigeon/Documents/Polytech/5A/Test & Sécurité/PolytechTours-PadelStarterKit/backend/models/Team.js","statementMap":{"0":{"start":{"line":5,"column":0},"end":{"line":97,"column":2}},"1":{"start":{"line":6,"column":17},"end":{"line":62,"column":6}},"2":{"start":{"line":57,"column":16},"end":{"line":59,"column":17}},"3":{"start":{"line":58,"column":20},"end":{"line":58,"column":80}},"4":{"start":{"line":64,"column":4},"end":{"line":94,"column":6}},"5":{"start":{"line":66,"column":8},"end":{"line":69,"column":11}},"6":{"start":{"line":72,"column":8},"end":{"line":75,"column":11}},"7":{"start":{"line":78,"column":8},"end":{"line":81,"column":11}},"8":{"start":{"line":84,"column":8},"end":{"line":87,"column":11}},"9":{"start":{"line":90,"column":8},"end":{"line":93,"column":11}},"10":{"start":{"line":96,"column":4},"end":{"line":96,"column":16}}},"fnMap":{"0":{"name":"(anonymous_0)","decl":{"start":{"line":5,"column":17},"end":{"line":5,"column":18}},"loc":{"start":{"line":5,"column":43},"end":{"line":97,"column":1}},"line":5},"1":{"name":"(anonymous_1)","decl":{"start":{"line":56,"column":12},"end":{"line":56,"column":13}},"loc":{"start":{"line":56,"column":31},"end":{"line":60,"column":13}},"line":56},"2":{"name":"(anonymous_2)","decl":{"start":{"line":64,"column":21},"end":{"line":64,"column":22}},"loc":{"start":{"line":64,"column":33},"end":{"line":94,"column":5}},"line":64}},"branchMap":{"0":{"loc":{"start":{"line":57,"column":16},"end":{"line":59,"column":17}},"type":"if","locations":[{"start":{"line":57,"column":16},"end":{"line":59,"column":17}},{"start":{},"end":{}}],"line":57},"1":{"loc":{"start":{"line":57,"column":20},"end":{"line":57,"column":89}},"type":"binary-expr","locations":[{"start":{"line":57,"column":20},"end":{"line":57,"column":34}},{"start":{"line":57,"column":38},"end":{"line":57,"column":52}},{"start":{"line":57,"column":56},"end":{"line":57,"column":89}}],"line":57}},"s":{"0":5,"1":5,"2":0,"3":0,"4":5,"5":5,"6":5,"7":5,"8":5,"9":5,"10":5},"f":{"0":5,"1":0,"2":5},"b":{"0":[0,0],"1":[0,0,0]},"_coverageSchema":"1a1c01bbd47fc00a2c39e90264f33305004495a9","hash":"32fd6c4f70bd6f0568d2752fe39822bae77eaa94"}
,"/Users/damienlorigeon/Documents/Polytech/5A/Test & Sécurité/PolytechTours-PadelStarterKit/backend/models/User.js": {"path":"/Users/damienlorigeon/Documents/Polytech/5A/Test & Sécurité/PolytechTours-PadelStarterKit/backend/models/User.js","statementMap":{"0":{"start":{"line":1,"column":0},"end":{"line":43,"column":2}},"1":{"start":{"line":2,"column":17},"end":{"line":40,"column":6}},"2":{"start":{"line":42,"column":4},"end":{"line":42,"column":16}}},"fnMap":{"0":{"name":"(anonymous_0)","decl":{"start":{"line":1,"column":17},"end":{"line":1,"column":18}},"loc":{"start":{"line":1,"column":43},"end":{"line":43,"column":1}},"line":1}},"branchMap":{},"s":{"0":5,"1":5,"2":5},"f":{"0":5},"b":{},"_coverageSchema":"1a1c01bbd47fc00a2c39e90264f33305004495a9","hash":"49cf8cb567df3b11c83382715b9d1cce99933702"}
,"/Users/damienlorigeon/Documents/Polytech/5A/Test & Sécurité/PolytechTours-PadelStarterKit/backend/models/index.js": {"path":"/Users/damienlorigeon/Documents/Polytech/5A/Test & Sécurité/PolytechTours-PadelStarterKit/backend/models/index.js","statementMap":{"0":{"start":{"line":1,"column":22},"end":{"line":1,"column":42}},"1":{"start":{"line":2,"column":18},"end":{"line":2,"column":47}},"2":{"start":{"line":5,"column":13},"end":{"line":5,"column":62}},"3":{"start":{"line":6,"column":21},"end":{"line":6,"column":78}},"4":{"start":{"line":7,"column":15},"end":{"line":7,"column":66}},"5":{"start":{"line":8,"column":13},"end":{"line":8,"column":62}},"6":{"start":{"line":9,"column":13},"end":{"line":9,"column":62}},"7":{"start":{"line":10,"column":14},"end":{"line":10,"column":64}},"8":{"start":{"line":11,"column":14},"end":{"line":11,"column":64}},"9":{"start":{"line":13,"column":11},"end":{"line":23,"column":1}},"10":{"start":{"line":26,"column":0},"end":{"line":30,"column":3}},"11":{"start":{"line":27,"column":4},"end":{"line":29,"column":5}},"12":{"start":{"line":28,"column":8},"end":{"line":28,"column":36}},"13":{"start":{"line":32,"column":0},"end":{"line":32,"column":20}}},"fnMap":{"0":{"name":"(anonymous_0)","decl":{"start":{"line":26,"column":24},"end":{"line":26,"column":25}},"loc":{"start":{"line":26,"column":39},"end":{"line":30,"column":1}},"line":26}},"branchMap":{"0":{"loc":{"start":{"line":27,"column":4},"end":{"line":29,"column":5}},"type":"if","locations":[{"start":{"line":27,"column":4},"end":{"line":29,"column":5}},{"start":{},"end":{}}],"line":27}},"s":{"0":5,"1":5,"2":5,"3":5,"4":5,"5":5,"6":5,"7":5,"8":5,"9":5,"10":5,"11":45,"12":25,"13":5},"f":{"0":45},"b":{"0":[25,20]},"_coverageSchema":"1a1c01bbd47fc00a2c39e90264f33305004495a9","hash":"cd1c1b4b17d150cf868b2af7917d423e5a3b2af2"}
,"/Users/damienlorigeon/Documents/Polytech/5A/Test & Sécurité/PolytechTours-PadelStarterKit/backend/routes/admin.js": {"path":"/Users/damienlorigeon/Documents/Polytech/5A/Test & Sécurité/PolytechTours-PadelStarterKit/backend/routes/admin.js","statementMap":{"0":{"start":{"line":5,"column":16},"end":{"line":5,"column":34}},"1":{"start":{"line":6,"column":15},"end":{"line":6,"column":31}},"2":{"start":{"line":7,"column":15},"end":{"line":7,"column":34}},"3":{"start":{"line":8,"column":25},"end":{"line":8,"column":45}},"4":{"start":{"line":9,"column":57},"end":{"line":9,"column":94}},"5":{"start":{"line":10,"column":45},"end":{"line":10,"column":73}},"6":{"start":{"line":14,"column":18},"end":{"line":14,"column":90}},"7":{"start":{"line":15,"column":19},"end":{"line":15,"column":21}},"8":{"start":{"line":16,"column":19},"end":{"line":16,"column":21}},"9":{"start":{"line":19,"column":4},"end":{"line":19,"column":77}},"10":{"start":{"line":20,"column":4},"end":{"line":20,"column":77}},"11":{"start":{"line":21,"column":4},"end":{"line":21,"column":61}},"12":{"start":{"line":22,"column":4},"end":{"line":22,"column":58}},"13":{"start":{"line":25,"column":4},"end":{"line":27,"column":5}},"14":{"start":{"line":25,"column":17},"end":{"line":25,"column":18}},"15":{"start":{"line":26,"column":8},"end":{"line":26,"column":68}},"16":{"start":{"line":30,"column":4},"end":{"line":30,"column":71}},"17":{"start":{"line":30,"column":41},"end":{"line":30,"column":60}},"18":{"start":{"line":34,"column":0},"end":{"line":78,"column":2}},"19":{"start":{"line":38,"column":35},"end":{"line":38,"column":43}},"20":{"start":{"line":41,"column":23},"end":{"line":41,"column":54}},"21":{"start":{"line":42,"column":8},"end":{"line":44,"column":9}},"22":{"start":{"line":43,"column":12},"end":{"line":43,"column":46}},"23":{"start":{"line":47,"column":8},"end":{"line":49,"column":9}},"24":{"start":{"line":48,"column":12},"end":{"line":48,"column":68}},"25":{"start":{"line":52,"column":34},"end":{"line":52,"column":61}},"26":{"start":{"line":53,"column":29},"end":{"line":53,"column":69}},"27":{"start":{"line":56,"column":21},"end":{"line":62,"column":10}},"28":{"start":{"line":65,"column":8},"end":{"line":65,"column":49}},"29":{"start":{"line":67,"column":8},"end":{"line":76,"column":10}},"30":{"start":{"line":81,"column":0},"end":{"line":112,"column":2}},"31":{"start":{"line":85,"column":27},"end":{"line":85,"column":37}},"32":{"start":{"line":87,"column":21},"end":{"line":87,"column":48}},"33":{"start":{"line":88,"column":8},"end":{"line":90,"column":9}},"34":{"start":{"line":89,"column":12},"end":{"line":89,"column":51}},"35":{"start":{"line":93,"column":34},"end":{"line":93,"column":61}},"36":{"start":{"line":94,"column":29},"end":{"line":94,"column":69}},"37":{"start":{"line":97,"column":8},"end":{"line":100,"column":11}},"38":{"start":{"line":102,"column":8},"end":{"line":110,"column":10}},"39":{"start":{"line":114,"column":0},"end":{"line":114,"column":24}}},"fnMap":{"0":{"name":"generateTemporaryPassword","decl":{"start":{"line":13,"column":9},"end":{"line":13,"column":34}},"loc":{"start":{"line":13,"column":37},"end":{"line":31,"column":1}},"line":13},"1":{"name":"(anonymous_1)","decl":{"start":{"line":30,"column":35},"end":{"line":30,"column":36}},"loc":{"start":{"line":30,"column":41},"end":{"line":30,"column":60}},"line":30},"2":{"name":"(anonymous_2)","decl":{"start":{"line":36,"column":17},"end":{"line":36,"column":18}},"loc":{"start":{"line":36,"column":37},"end":{"line":77,"column":5}},"line":36},"3":{"name":"(anonymous_3)","decl":{"start":{"line":83,"column":17},"end":{"line":83,"column":18}},"loc":{"start":{"line":83,"column":37},"end":{"line":111,"column":5}},"line":83}},"branchMap":{"0":{"loc":{"start":{"line":42,"column":8},"end":{"line":44,"column":9}},"type":"if","locations":[{"start":{"line":42,"column":8},"end":{"line":44,"column":9}},{"start":{},"end":{}}],"line":42},"1":{"loc":{"start":{"line":47,"column":8},"end":{"line":49,"column":9}},"type":"if","locations":[{"start":{"line":47,"column":8},"end":{"line":49,"column":9}},{"start":{},"end":{}}],"line":47},"2":{"loc":{"start":{"line":59,"column":18},"end":{"line":59,"column":34}},"type":"binary-expr","locations":[{"start":{"line":59,"column":18},"end":{"line":59,"column":22}},{"start":{"line":59,"column":26},"end":{"line":59,"column":34}}],"line":59},"3":{"loc":{"start":{"line":88,"column":8},"end":{"line":90,"column":9}},"type":"if","locations":[{"start":{"line":88,"column":8},"end":{"line":90,"column":9}},{"start":{},"end":{}}],"line":88}},"s":{"0":0,"1":0,"2":0,"3":0,"4":0,"5":0,"6":0,"7":0,"8":0,"9":0,"10":0,"11":0,"12":0,"13":0,"14":0,"15":0,"16":0,"17":0,"18":0,"19":0,"20":0,"21":0,"22":0,"23":0,"24":0,"25":0,"26":0,"27":0,"28":0,"29":0,"30":0,"31":0,"32":0,"33":0,"34":0,"35":0,"36":0,"37":0,"38":0,"39":0},"f":{"0":0,"1":0,"2":0,"3":0},"b":{"0":[0,0],"1":[0,0],"2":[0,0],"3":[0,0]}}
,"/Users/damienlorigeon/Documents/Polytech/5A/Test & Sécurité/PolytechTours-PadelStarterKit/backend/routes/auth.js": {"path":"/Users/damienlorigeon/Documents/Polytech/5A/Test & Sécurité/PolytechTours-PadelStarterKit/backend/routes/auth.js","statementMap":{"0":{"start":{"line":1,"column":16},"end":{"line":1,"column":34}},"1":{"start":{"line":2,"column":12},"end":{"line":2,"column":35}},"2":{"start":{"line":3,"column":15},"end":{"line":3,"column":34}},"3":{"start":{"line":4,"column":31},"end":{"line":4,"column":51}},"4":{"start":{"line":5,"column":20},"end":{"line":5,"column":49}},"5":{"start":{"line":6,"column":15},"end":{"line":6,"column":31}},"6":{"start":{"line":8,"column":21},"end":{"line":8,"column":22}},"7":{"start":{"line":9,"column":24},"end":{"line":9,"column":26}},"8":{"start":{"line":10,"column":19},"end":{"line":10,"column":89}},"9":{"start":{"line":14,"column":18},"end":{"line":14,"column":66}},"10":{"start":{"line":16,"column":4},"end":{"line":18,"column":5}},"11":{"start":{"line":17,"column":8},"end":{"line":17,"column":55}},"12":{"start":{"line":20,"column":16},"end":{"line":20,"column":26}},"13":{"start":{"line":22,"column":4},"end":{"line":30,"column":5}},"14":{"start":{"line":23,"column":33},"end":{"line":23,"column":86}},"15":{"start":{"line":24,"column":8},"end":{"line":29,"column":10}},"16":{"start":{"line":32,"column":4},"end":{"line":54,"column":5}},"17":{"start":{"line":33,"column":8},"end":{"line":33,"column":35}},"18":{"start":{"line":34,"column":8},"end":{"line":34,"column":36}},"19":{"start":{"line":35,"column":8},"end":{"line":35,"column":29}},"20":{"start":{"line":36,"column":8},"end":{"line":36,"column":33}},"21":{"start":{"line":38,"column":8},"end":{"line":38,"column":36}},"22":{"start":{"line":39,"column":8},"end":{"line":39,"column":35}},"23":{"start":{"line":41,"column":8},"end":{"line":50,"column":9}},"24":{"start":{"line":42,"column":12},"end":{"line":42,"column":85}},"25":{"start":{"line":43,"column":12},"end":{"line":43,"column":33}},"26":{"start":{"line":44,"column":12},"end":{"line":49,"column":14}},"27":{"start":{"line":52,"column":8},"end":{"line":52,"column":29}},"28":{"start":{"line":53,"column":8},"end":{"line":53,"column":92}},"29":{"start":{"line":59,"column":23},"end":{"line":59,"column":51}},"30":{"start":{"line":60,"column":4},"end":{"line":60,"column":34}},"31":{"start":{"line":65,"column":4},"end":{"line":65,"column":44}},"32":{"start":{"line":68,"column":0},"end":{"line":136,"column":3}},"33":{"start":{"line":69,"column":32},"end":{"line":69,"column":40}},"34":{"start":{"line":71,"column":4},"end":{"line":135,"column":5}},"35":{"start":{"line":73,"column":8},"end":{"line":77,"column":9}},"36":{"start":{"line":74,"column":12},"end":{"line":76,"column":15}},"37":{"start":{"line":80,"column":8},"end":{"line":84,"column":9}},"38":{"start":{"line":81,"column":12},"end":{"line":83,"column":15}},"39":{"start":{"line":87,"column":8},"end":{"line":91,"column":9}},"40":{"start":{"line":88,"column":12},"end":{"line":90,"column":15}},"41":{"start":{"line":94,"column":29},"end":{"line":94,"column":69}},"42":{"start":{"line":95,"column":8},"end":{"line":99,"column":9}},"43":{"start":{"line":96,"column":12},"end":{"line":98,"column":15}},"44":{"start":{"line":102,"column":31},"end":{"line":102,"column":62}},"45":{"start":{"line":105,"column":24},"end":{"line":111,"column":10}},"46":{"start":{"line":114,"column":22},"end":{"line":118,"column":9}},"47":{"start":{"line":120,"column":8},"end":{"line":130,"column":11}},"48":{"start":{"line":133,"column":8},"end":{"line":133,"column":29}},"49":{"start":{"line":134,"column":8},"end":{"line":134,"column":59}},"50":{"start":{"line":138,"column":0},"end":{"line":197,"column":3}},"51":{"start":{"line":139,"column":32},"end":{"line":139,"column":40}},"52":{"start":{"line":141,"column":4},"end":{"line":196,"column":5}},"53":{"start":{"line":142,"column":21},"end":{"line":142,"column":61}},"54":{"start":{"line":147,"column":32},"end":{"line":147,"column":90}},"55":{"start":{"line":149,"column":8},"end":{"line":166,"column":9}},"56":{"start":{"line":150,"column":27},"end":{"line":150,"column":69}},"57":{"start":{"line":151,"column":12},"end":{"line":159,"column":13}},"58":{"start":{"line":152,"column":16},"end":{"line":158,"column":19}},"59":{"start":{"line":160,"column":12},"end":{"line":165,"column":15}},"60":{"start":{"line":168,"column":8},"end":{"line":170,"column":9}},"61":{"start":{"line":169,"column":12},"end":{"line":169,"column":72}},"62":{"start":{"line":173,"column":8},"end":{"line":173,"column":50}},"63":{"start":{"line":175,"column":22},"end":{"line":179,"column":9}},"64":{"start":{"line":181,"column":8},"end":{"line":191,"column":11}},"65":{"start":{"line":194,"column":8},"end":{"line":194,"column":29}},"66":{"start":{"line":195,"column":8},"end":{"line":195,"column":59}},"67":{"start":{"line":199,"column":0},"end":{"line":223,"column":3}},"68":{"start":{"line":200,"column":47},"end":{"line":200,"column":55}},"69":{"start":{"line":201,"column":17},"end":{"line":201,"column":25}},"70":{"start":{"line":203,"column":4},"end":{"line":222,"column":5}},"71":{"start":{"line":204,"column":24},"end":{"line":204,"column":82}},"72":{"start":{"line":205,"column":8},"end":{"line":207,"column":9}},"73":{"start":{"line":206,"column":12},"end":{"line":206,"column":85}},"74":{"start":{"line":209,"column":23},"end":{"line":209,"column":77}},"75":{"start":{"line":210,"column":8},"end":{"line":212,"column":9}},"76":{"start":{"line":211,"column":12},"end":{"line":211,"column":111}},"77":{"start":{"line":214,"column":31},"end":{"line":214,"column":66}},"78":{"start":{"line":215,"column":8},"end":{"line":215,"column":44}},"79":{"start":{"line":216,"column":8},"end":{"line":216,"column":42}},"80":{"start":{"line":217,"column":8},"end":{"line":217,"column":26}},"81":{"start":{"line":219,"column":8},"end":{"line":219,"column":66}},"82":{"start":{"line":221,"column":8},"end":{"line":221,"column":59}},"83":{"start":{"line":225,"column":0},"end":{"line":227,"column":3}},"84":{"start":{"line":226,"column":4},"end":{"line":226,"column":49}},"85":{"start":{"line":229,"column":0},"end":{"line":229,"column":24}}},"fnMap":{"0":{"name":"checkAndUpdateAttempts","decl":{"start":{"line":13,"column":15},"end":{"line":13,"column":37}},"loc":{"start":{"line":13,"column":54},"end":{"line":55,"column":1}},"line":13},"1":{"name":"isValidEmail","decl":{"start":{"line":58,"column":9},"end":{"line":58,"column":21}},"loc":{"start":{"line":58,"column":29},"end":{"line":61,"column":1}},"line":58},"2":{"name":"isValidPassword","decl":{"start":{"line":64,"column":9},"end":{"line":64,"column":24}},"loc":{"start":{"line":64,"column":35},"end":{"line":66,"column":1}},"line":64},"3":{"name":"(anonymous_3)","decl":{"start":{"line":68,"column":25},"end":{"line":68,"column":26}},"loc":{"start":{"line":68,"column":45},"end":{"line":136,"column":1}},"line":68},"4":{"name":"(anonymous_4)","decl":{"start":{"line":138,"column":22},"end":{"line":138,"column":23}},"loc":{"start":{"line":138,"column":42},"end":{"line":197,"column":1}},"line":138},"5":{"name":"(anonymous_5)","decl":{"start":{"line":199,"column":45},"end":{"line":199,"column":46}},"loc":{"start":{"line":199,"column":65},"end":{"line":223,"column":1}},"line":199},"6":{"name":"(anonymous_6)","decl":{"start":{"line":225,"column":36},"end":{"line":225,"column":37}},"loc":{"start":{"line":225,"column":50},"end":{"line":227,"column":1}},"line":225}},"branchMap":{"0":{"loc":{"start":{"line":10,"column":19},"end":{"line":10,"column":89}},"type":"binary-expr","locations":[{"start":{"line":10,"column":19},"end":{"line":10,"column":41}},{"start":{"line":10,"column":45},"end":{"line":10,"column":89}}],"line":10},"1":{"loc":{"start":{"line":16,"column":4},"end":{"line":18,"column":5}},"type":"if","locations":[{"start":{"line":16,"column":4},"end":{"line":18,"column":5}},{"start":{},"end":{}}],"line":16},"2":{"loc":{"start":{"line":22,"column":4},"end":{"line":30,"column":5}},"type":"if","locations":[{"start":{"line":22,"column":4},"end":{"line":30,"column":5}},{"start":{},"end":{}}],"line":22},"3":{"loc":{"start":{"line":22,"column":8},"end":{"line":22,"column":58}},"type":"binary-expr","locations":[{"start":{"line":22,"column":8},"end":{"line":22,"column":28}},{"start":{"line":22,"column":32},"end":{"line":22,"column":58}}],"line":22},"4":{"loc":{"start":{"line":32,"column":4},"end":{"line":54,"column":5}},"type":"if","locations":[{"start":{"line":32,"column":4},"end":{"line":54,"column":5}},{"start":{"line":37,"column":11},"end":{"line":54,"column":5}}],"line":32},"5":{"loc":{"start":{"line":41,"column":8},"end":{"line":50,"column":9}},"type":"if","locations":[{"start":{"line":41,"column":8},"end":{"line":50,"column":9}},{"start":{},"end":{}}],"line":41},"6":{"loc":{"start":{"line":65,"column":11},"end":{"line":65,"column":43}},"type":"binary-expr","locations":[{"start":{"line":65,"column":11},"end":{"line":65,"column":19}},{"start":{"line":65,"column":23},"end":{"line":65,"column":43}}],"line":65},"7":{"loc":{"start":{"line":73,"column":8},"end":{"line":77,"column":9}},"type":"if","locations":[{"start":{"line":73,"column":8},"end":{"line":77,"column":9}},{"start":{},"end":{}}],"line":73},"8":{"loc":{"start":{"line":73,"column":12},"end":{"line":73,"column":31}},"type":"binary-expr","locations":[{"start":{"line":73,"column":12},"end":{"line":73,"column":18}},{"start":{"line":73,"column":22},"end":{"line":73,"column":31}}],"line":73},"9":{"loc":{"start":{"line":80,"column":8},"end":{"line":84,"column":9}},"type":"if","locations":[{"start":{"line":80,"column":8},"end":{"line":84,"column":9}},{"start":{},"end":{}}],"line":80},"10":{"loc":{"start":{"line":87,"column":8},"end":{"line":91,"column":9}},"type":"if","locations":[{"start":{"line":87,"column":8},"end":{"line":91,"column":9}},{"start":{},"end":{}}],"line":87},"11":{"loc":{"start":{"line":95,"column":8},"end":{"line":99,"column":9}},"type":"if","locations":[{"start":{"line":95,"column":8},"end":{"line":99,"column":9}},{"start":{},"end":{}}],"line":95},"12":{"loc":{"start":{"line":147,"column":32},"end":{"line":147,"column":90}},"type":"binary-expr","locations":[{"start":{"line":147,"column":32},"end":{"line":147,"column":36}},{"start":{"line":147,"column":40},"end":{"line":147,"column":90}}],"line":147},"13":{"loc":{"start":{"line":149,"column":8},"end":{"line":166,"column":9}},"type":"if","locations":[{"start":{"line":149,"column":8},"end":{"line":166,"column":9}},{"start":{},"end":{}}],"line":149},"14":{"loc":{"start":{"line":149,"column":12},"end":{"line":149,"column":37}},"type":"binary-expr","locations":[{"start":{"line":149,"column":12},"end":{"line":149,"column":17}},{"start":{"line":149,"column":21},"end":{"line":149,"column":37}}],"line":149},"15":{"loc":{"start":{"line":151,"column":12},"end":{"line":159,"column":13}},"type":"if","locations":[{"start":{"line":151,"column":12},"end":{"line":159,"column":13}},{"start":{},"end":{}}],"line":151},"16":{"loc":{"start":{"line":168,"column":8},"end":{"line":170,"column":9}},"type":"if","locations":[{"start":{"line":168,"column":8},"end":{"line":170,"column":9}},{"start":{},"end":{}}],"line":168},"17":{"loc":{"start":{"line":205,"column":8},"end":{"line":207,"column":9}},"type":"if","locations":[{"start":{"line":205,"column":8},"end":{"line":207,"column":9}},{"start":{},"end":{}}],"line":205},"18":{"loc":{"start":{"line":210,"column":8},"end":{"line":212,"column":9}},"type":"if","locations":[{"start":{"line":210,"column":8},"end":{"line":212,"column":9}},{"start":{},"end":{}}],"line":210}},"s":{"0":4,"1":4,"2":4,"3":4,"4":4,"5":4,"6":4,"7":4,"8":4,"9":34,"10":34,"11":21,"12":34,"13":34,"14":1,"15":1,"16":33,"17":3,"18":3,"19":3,"20":3,"21":30,"22":30,"23":30,"24":2,"25":2,"26":2,"27":28,"28":28,"29":30,"30":30,"31":17,"32":4,"33":37,"34":37,"35":37,"36":7,"37":30,"38":13,"39":17,"40":4,"41":13,"42":13,"43":1,"44":12,"45":12,"46":12,"47":12,"48":0,"49":0,"50":4,"51":35,"52":35,"53":35,"54":35,"55":35,"56":31,"57":31,"58":3,"59":28,"60":4,"61":1,"62":3,"63":3,"64":3,"65":0,"66":0,"67":4,"68":4,"69":4,"70":4,"71":4,"72":4,"73":1,"74":3,"75":3,"76":1,"77":2,"78":2,"79":2,"80":2,"81":2,"82":0,"83":4,"84":1,"85":4},"f":{"0":34,"1":30,"2":17,"3":37,"4":35,"5":4,"6":1},"b":{"0":[4,4],"1":[21,13],"2":[1,33],"3":[34,2],"4":[3,30],"5":[2,28],"6":[17,17],"7":[7,30],"8":[37,34],"9":[13,17],"10":[4,13],"11":[1,12],"12":[35,8],"13":[31,4],"14":[35,8],"15":[3,28],"16":[1,3],"17":[1,3],"18":[1,2]},"_coverageSchema":"1a1c01bbd47fc00a2c39e90264f33305004495a9","hash":"326cf7091949896ebf0a26cc6668efe748691fee"}
,"/Users/damienlorigeon/Documents/Polytech/5A/Test & Sécurité/PolytechTours-PadelStarterKit/backend/routes/events.js": {"path":"/Users/damienlorigeon/Documents/Polytech/5A/Test & Sécurité/PolytechTours-PadelStarterKit/backend/routes/events.js","statementMap":{"0":{"start":{"line":5,"column":16},"end":{"line":5,"column":34}},"1":{"start":{"line":6,"column":15},"end":{"line":6,"column":31}},"2":{"start":{"line":7,"column":39},"end":{"line":7,"column":59}},"3":{"start":{"line":8,"column":21},"end":{"line":8,"column":55}},"4":{"start":{"line":9,"column":57},"end":{"line":9,"column":94}},"5":{"start":{"line":15,"column":4},"end":{"line":15,"column":32}},"6":{"start":{"line":21,"column":4},"end":{"line":21,"column":44}},"7":{"start":{"line":24,"column":0},"end":{"line":97,"column":2}},"8":{"start":{"line":28,"column":40},"end":{"line":28,"column":70}},"9":{"start":{"line":29,"column":46},"end":{"line":29,"column":55}},"10":{"start":{"line":31,"column":22},"end":{"line":31,"column":24}},"11":{"start":{"line":34,"column":8},"end":{"line":55,"column":9}},"12":{"start":{"line":36,"column":37},"end":{"line":36,"column":53}},"13":{"start":{"line":37,"column":33},"end":{"line":37,"column":57}},"14":{"start":{"line":38,"column":31},"end":{"line":38,"column":106}},"15":{"start":{"line":39,"column":12},"end":{"line":41,"column":14}},"16":{"start":{"line":43,"column":12},"end":{"line":48,"column":13}},"17":{"start":{"line":44,"column":16},"end":{"line":47,"column":18}},"18":{"start":{"line":49,"column":12},"end":{"line":54,"column":13}},"19":{"start":{"line":50,"column":16},"end":{"line":53,"column":18}},"20":{"start":{"line":57,"column":32},"end":{"line":86,"column":10}},"21":{"start":{"line":88,"column":8},"end":{"line":95,"column":10}},"22":{"start":{"line":100,"column":0},"end":{"line":139,"column":2}},"23":{"start":{"line":104,"column":23},"end":{"line":104,"column":33}},"24":{"start":{"line":106,"column":22},"end":{"line":131,"column":10}},"25":{"start":{"line":133,"column":8},"end":{"line":135,"column":9}},"26":{"start":{"line":134,"column":12},"end":{"line":134,"column":49}},"27":{"start":{"line":137,"column":8},"end":{"line":137,"column":77}},"28":{"start":{"line":142,"column":0},"end":{"line":205,"column":2}},"29":{"start":{"line":146,"column":50},"end":{"line":146,"column":58}},"30":{"start":{"line":149,"column":23},"end":{"line":173,"column":10}},"31":{"start":{"line":151,"column":26},"end":{"line":154,"column":13}},"32":{"start":{"line":157,"column":35},"end":{"line":170,"column":13}},"33":{"start":{"line":159,"column":20},"end":{"line":168,"column":21}},"34":{"start":{"line":172,"column":12},"end":{"line":172,"column":54}},"35":{"start":{"line":176,"column":33},"end":{"line":201,"column":10}},"36":{"start":{"line":203,"column":8},"end":{"line":203,"column":84}},"37":{"start":{"line":208,"column":0},"end":{"line":226,"column":2}},"38":{"start":{"line":213,"column":23},"end":{"line":213,"column":33}},"39":{"start":{"line":214,"column":27},"end":{"line":214,"column":35}},"40":{"start":{"line":216,"column":22},"end":{"line":216,"column":46}},"41":{"start":{"line":218,"column":8},"end":{"line":220,"column":9}},"42":{"start":{"line":219,"column":12},"end":{"line":219,"column":49}},"43":{"start":{"line":222,"column":8},"end":{"line":222,"column":39}},"44":{"start":{"line":224,"column":8},"end":{"line":224,"column":79}},"45":{"start":{"line":229,"column":0},"end":{"line":268,"column":2}},"46":{"start":{"line":233,"column":23},"end":{"line":233,"column":33}},"47":{"start":{"line":235,"column":22},"end":{"line":242,"column":10}},"48":{"start":{"line":244,"column":8},"end":{"line":246,"column":9}},"49":{"start":{"line":245,"column":12},"end":{"line":245,"column":49}},"50":{"start":{"line":249,"column":36},"end":{"line":251,"column":9}},"51":{"start":{"line":250,"column":12},"end":{"line":250,"column":38}},"52":{"start":{"line":253,"column":8},"end":{"line":261,"column":9}},"53":{"start":{"line":254,"column":12},"end":{"line":260,"column":15}},"54":{"start":{"line":264,"column":8},"end":{"line":264,"column":30}},"55":{"start":{"line":266,"column":8},"end":{"line":266,"column":76}},"56":{"start":{"line":270,"column":0},"end":{"line":270,"column":24}}},"fnMap":{"0":{"name":"(anonymous_0)","decl":{"start":{"line":27,"column":17},"end":{"line":27,"column":18}},"loc":{"start":{"line":27,"column":37},"end":{"line":96,"column":5}},"line":27},"1":{"name":"(anonymous_1)","decl":{"start":{"line":103,"column":17},"end":{"line":103,"column":18}},"loc":{"start":{"line":103,"column":37},"end":{"line":138,"column":5}},"line":103},"2":{"name":"(anonymous_2)","decl":{"start":{"line":145,"column":17},"end":{"line":145,"column":18}},"loc":{"start":{"line":145,"column":37},"end":{"line":204,"column":5}},"line":145},"3":{"name":"(anonymous_3)","decl":{"start":{"line":149,"column":72},"end":{"line":149,"column":73}},"loc":{"start":{"line":149,"column":85},"end":{"line":173,"column":9}},"line":149},"4":{"name":"(anonymous_4)","decl":{"start":{"line":158,"column":28},"end":{"line":158,"column":29}},"loc":{"start":{"line":159,"column":20},"end":{"line":168,"column":21}},"line":159},"5":{"name":"(anonymous_5)","decl":{"start":{"line":212,"column":17},"end":{"line":212,"column":18}},"loc":{"start":{"line":212,"column":37},"end":{"line":225,"column":5}},"line":212},"6":{"name":"(anonymous_6)","decl":{"start":{"line":232,"column":17},"end":{"line":232,"column":18}},"loc":{"start":{"line":232,"column":37},"end":{"line":267,"column":5}},"line":232},"7":{"name":"(anonymous_7)","decl":{"start":{"line":249,"column":56},"end":{"line":249,"column":57}},"loc":{"start":{"line":250,"column":12},"end":{"line":250,"column":38}},"line":250}},"branchMap":{"0":{"loc":{"start":{"line":34,"column":8},"end":{"line":55,"column":9}},"type":"if","locations":[{"start":{"line":34,"column":8},"end":{"line":55,"column":9}},{"start":{"line":42,"column":15},"end":{"line":55,"column":9}}],"line":34},"1":{"loc":{"start":{"line":43,"column":12},"end":{"line":48,"column":13}},"type":"if","locations":[{"start":{"line":43,"column":12},"end":{"line":48,"column":13}},{"start":{},"end":{}}],"line":43},"2":{"loc":{"start":{"line":49,"column":12},"end":{"line":54,"column":13}},"type":"if","locations":[{"start":{"line":49,"column":12},"end":{"line":54,"column":13}},{"start":{},"end":{}}],"line":49},"3":{"loc":{"start":{"line":133,"column":8},"end":{"line":135,"column":9}},"type":"if","locations":[{"start":{"line":133,"column":8},"end":{"line":135,"column":9}},{"start":{},"end":{}}],"line":133},"4":{"loc":{"start":{"line":218,"column":8},"end":{"line":220,"column":9}},"type":"if","locations":[{"start":{"line":218,"column":8},"end":{"line":220,"column":9}},{"start":{},"end":{}}],"line":218},"5":{"loc":{"start":{"line":244,"column":8},"end":{"line":246,"column":9}},"type":"if","locations":[{"start":{"line":244,"column":8},"end":{"line":246,"column":9}},{"start":{},"end":{}}],"line":244},"6":{"loc":{"start":{"line":253,"column":8},"end":{"line":261,"column":9}},"type":"if","locations":[{"start":{"line":253,"column":8},"end":{"line":261,"column":9}},{"start":{},"end":{}}],"line":253}},"s":{"0":0,"1":0,"2":0,"3":0,"4":0,"5":0,"6":0,"7":0,"8":0,"9":0,"10":0,"11":0,"12":0,"13":0,"14":0,"15":0,"16":0,"17":0,"18":0,"19":0,"20":0,"21":0,"22":0,"23":0,"24":0,"25":0,"26":0,"27":0,"28":0,"29":0,"30":0,"31":0,"32":0,"33":0,"34":0,"35":0,"36":0,"37":0,"38":0,"39":0,"40":0,"41":0,"42":0,"43":0,"44":0,"45":0,"46":0,"47":0,"48":0,"49":0,"50":0,"51":0,"52":0,"53":0,"54":0,"55":0,"56":0},"f":{"0":0,"1":0,"2":0,"3":0,"4":0,"5":0,"6":0,"7":0},"b":{"0":[0,0],"1":[0,0],"2":[0,0],"3":[0,0],"4":[0,0],"5":[0,0],"6":[0,0]}}
,"/Users/damienlorigeon/Documents/Polytech/5A/Test & Sécurité/PolytechTours-PadelStarterKit/backend/routes/matches.js": {"path":"/Users/damienlorigeon/Documents/Polytech/5A/Test & Sécurité/PolytechTours-PadelStarterKit/backend/routes/matches.js","statementMap":{"0":{"start":{"line":5,"column":16},"end":{"line":5,"column":34}},"1":{"start":{"line":6,"column":15},"end":{"line":6,"column":31}},"2":{"start":{"line":7,"column":39},"end":{"line":7,"column":59}},"3":{"start":{"line":8,"column":21},"end":{"line":8,"column":55}},"4":{"start":{"line":9,"column":40},"end":{"line":9,"column":77}},"5":{"start":{"line":15,"column":4},"end":{"line":15,"column":32}},"6":{"start":{"line":21,"column":4},"end":{"line":21,"column":44}},"7":{"start":{"line":22,"column":15},"end":{"line":22,"column":35}},"8":{"start":{"line":25,"column":0},"end":{"line":150,"column":2}},"9":{"start":{"line":29,"column":40},"end":{"line":29,"column":70}},"10":{"start":{"line":30,"column":65},"end":{"line":30,"column":74}},"11":{"start":{"line":32,"column":22},"end":{"line":32,"column":24}},"12":{"start":{"line":34,"column":8},"end":{"line":36,"column":9}},"13":{"start":{"line":35,"column":12},"end":{"line":35,"column":36}},"14":{"start":{"line":38,"column":8},"end":{"line":40,"column":9}},"15":{"start":{"line":39,"column":12},"end":{"line":39,"column":34}},"16":{"start":{"line":42,"column":8},"end":{"line":47,"column":9}},"17":{"start":{"line":43,"column":12},"end":{"line":46,"column":14}},"18":{"start":{"line":50,"column":8},"end":{"line":58,"column":9}},"19":{"start":{"line":51,"column":26},"end":{"line":51,"column":36}},"20":{"start":{"line":52,"column":29},"end":{"line":52,"column":39}},"21":{"start":{"line":53,"column":12},"end":{"line":53,"column":51}},"22":{"start":{"line":55,"column":12},"end":{"line":57,"column":14}},"23":{"start":{"line":63,"column":32},"end":{"line":94,"column":10}},"24":{"start":{"line":97,"column":24},"end":{"line":139,"column":11}},"25":{"start":{"line":97,"column":43},"end":{"line":139,"column":9}},"26":{"start":{"line":141,"column":8},"end":{"line":148,"column":10}},"27":{"start":{"line":153,"column":0},"end":{"line":190,"column":2}},"28":{"start":{"line":157,"column":23},"end":{"line":157,"column":33}},"29":{"start":{"line":159,"column":22},"end":{"line":182,"column":10}},"30":{"start":{"line":184,"column":8},"end":{"line":186,"column":9}},"31":{"start":{"line":185,"column":12},"end":{"line":185,"column":45}},"32":{"start":{"line":188,"column":8},"end":{"line":188,"column":73}},"33":{"start":{"line":193,"column":0},"end":{"line":225,"column":2}},"34":{"start":{"line":197,"column":26},"end":{"line":197,"column":34}},"35":{"start":{"line":200,"column":22},"end":{"line":200,"column":61}},"36":{"start":{"line":201,"column":8},"end":{"line":203,"column":9}},"37":{"start":{"line":202,"column":12},"end":{"line":202,"column":49}},"38":{"start":{"line":206,"column":22},"end":{"line":206,"column":60}},"39":{"start":{"line":207,"column":22},"end":{"line":207,"column":60}},"40":{"start":{"line":209,"column":8},"end":{"line":211,"column":9}},"41":{"start":{"line":210,"column":12},"end":{"line":210,"column":46}},"42":{"start":{"line":213,"column":22},"end":{"line":213,"column":51}},"43":{"start":{"line":215,"column":35},"end":{"line":221,"column":10}},"44":{"start":{"line":223,"column":8},"end":{"line":223,"column":82}},"45":{"start":{"line":228,"column":0},"end":{"line":254,"column":2}},"46":{"start":{"line":233,"column":23},"end":{"line":233,"column":33}},"47":{"start":{"line":234,"column":27},"end":{"line":234,"column":35}},"48":{"start":{"line":236,"column":22},"end":{"line":236,"column":46}},"49":{"start":{"line":238,"column":8},"end":{"line":240,"column":9}},"50":{"start":{"line":239,"column":12},"end":{"line":239,"column":45}},"51":{"start":{"line":242,"column":8},"end":{"line":242,"column":39}},"52":{"start":{"line":244,"column":35},"end":{"line":250,"column":10}},"53":{"start":{"line":252,"column":8},"end":{"line":252,"column":88}},"54":{"start":{"line":257,"column":0},"end":{"line":284,"column":2}},"55":{"start":{"line":261,"column":23},"end":{"line":261,"column":33}},"56":{"start":{"line":263,"column":22},"end":{"line":263,"column":46}},"57":{"start":{"line":265,"column":8},"end":{"line":267,"column":9}},"58":{"start":{"line":266,"column":12},"end":{"line":266,"column":45}},"59":{"start":{"line":270,"column":8},"end":{"line":278,"column":9}},"60":{"start":{"line":271,"column":12},"end":{"line":277,"column":15}},"61":{"start":{"line":280,"column":8},"end":{"line":280,"column":30}},"62":{"start":{"line":282,"column":8},"end":{"line":282,"column":72}},"63":{"start":{"line":286,"column":0},"end":{"line":286,"column":24}}},"fnMap":{"0":{"name":"(anonymous_0)","decl":{"start":{"line":28,"column":17},"end":{"line":28,"column":18}},"loc":{"start":{"line":28,"column":37},"end":{"line":149,"column":5}},"line":28},"1":{"name":"(anonymous_1)","decl":{"start":{"line":97,"column":33},"end":{"line":97,"column":34}},"loc":{"start":{"line":97,"column":43},"end":{"line":139,"column":9}},"line":97},"2":{"name":"(anonymous_2)","decl":{"start":{"line":156,"column":17},"end":{"line":156,"column":18}},"loc":{"start":{"line":156,"column":37},"end":{"line":189,"column":5}},"line":156},"3":{"name":"(anonymous_3)","decl":{"start":{"line":196,"column":17},"end":{"line":196,"column":18}},"loc":{"start":{"line":196,"column":37},"end":{"line":224,"column":5}},"line":196},"4":{"name":"(anonymous_4)","decl":{"start":{"line":232,"column":17},"end":{"line":232,"column":18}},"loc":{"start":{"line":232,"column":37},"end":{"line":253,"column":5}},"line":232},"5":{"name":"(anonymous_5)","decl":{"start":{"line":260,"column":17},"end":{"line":260,"column":18}},"loc":{"start":{"line":260,"column":37},"end":{"line":283,"column":5}},"line":260}},"branchMap":{"0":{"loc":{"start":{"line":34,"column":8},"end":{"line":36,"column":9}},"type":"if","locations":[{"start":{"line":34,"column":8},"end":{"line":36,"column":9}},{"start":{},"end":{}}],"line":34},"1":{"loc":{"start":{"line":38,"column":8},"end":{"line":40,"column":9}},"type":"if","locations":[{"start":{"line":38,"column":8},"end":{"line":40,"column":9}},{"start":{},"end":{}}],"line":38},"2":{"loc":{"start":{"line":42,"column":8},"end":{"line":47,"column":9}},"type":"if","locations":[{"start":{"line":42,"column":8},"end":{"line":47,"column":9}},{"start":{},"end":{}}],"line":42},"3":{"loc":{"start":{"line":50,"column":8},"end":{"line":58,"column":9}},"type":"if","locations":[{"start":{"line":50,"column":8},"end":{"line":58,"column":9}},{"start":{},"end":{}}],"line":50},"4":{"loc":{"start":{"line":184,"column":8},"end":{"line":186,"column":9}},"type":"if","locations":[{"start":{"line":184,"column":8},"end":{"line":186,"column":9}},{"start":{},"end":{}}],"line":184},"5":{"loc":{"start":{"line":201,"column":8},"end":{"line":203,"column":9}},"type":"if","locations":[{"start":{"line":201,"column":8},"end":{"line":203,"column":9}},{"start":{},"end":{}}],"line":201},"6":{"loc":{"start":{"line":209,"column":8},"end":{"line":211,"column":9}},"type":"if","locations":[{"start":{"line":209,"column":8},"end":{"line":211,"column":9}},{"start":{},"end":{}}],"line":209},"7":{"loc":{"start":{"line":209,"column":12},"end":{"line":209,"column":28}},"type":"binary-expr","locations":[{"start":{"line":209,"column":12},"end":{"line":209,"column":18}},{"start":{"line":209,"column":22},"end":{"line":209,"column":28}}],"line":209},"8":{"loc":{"start":{"line":238,"column":8},"end":{"line":240,"column":9}},"type":"if","locations":[{"start":{"line":238,"column":8},"end":{"line":240,"column":9}},{"start":{},"end":{}}],"line":238},"9":{"loc":{"start":{"line":265,"column":8},"end":{"line":267,"column":9}},"type":"if","locations":[{"start":{"line":265,"column":8},"end":{"line":267,"column":9}},{"start":{},"end":{}}],"line":265},"10":{"loc":{"start":{"line":270,"column":8},"end":{"line":278,"column":9}},"type":"if","locations":[{"start":{"line":270,"column":8},"end":{"line":278,"column":9}},{"start":{},"end":{}}],"line":270}},"s":{"0":0,"1":0,"2":0,"3":0,"4":0,"5":0,"6":0,"7":0,"8":0,"9":0,"10":0,"11":0,"12":0,"13":0,"14":0,"15":0,"16":0,"17":0,"18":0,"19":0,"20":0,"21":0,"22":0,"23":0,"24":0,"25":0,"26":0,"27":0,"28":0,"29":0,"30":0,"31":0,"32":0,"33":0,"34":0,"35":0,"36":0,"37":0,"38":0,"39":0,"40":0,"41":0,"42":0,"43":0,"44":0,"45":0,"46":0,"47":0,"48":0,"49":0,"50":0,"51":0,"52":0,"53":0,"54":0,"55":0,"56":0,"57":0,"58":0,"59":0,"60":0,"61":0,"62":0,"63":0},"f":{"0":0,"1":0,"2":0,"3":0,"4":0,"5":0},"b":{"0":[0,0],"1":[0,0],"2":[0,0],"3":[0,0],"4":[0,0],"5":[0,0],"6":[0,0],"7":[0,0],"8":[0,0],"9":[0,0],"10":[0,0]}}
,"/Users/damienlorigeon/Documents/Polytech/5A/Test & Sécurité/PolytechTours-PadelStarterKit/backend/routes/players.js": {"path":"/Users/damienlorigeon/Documents/Polytech/5A/Test & Sécurité/PolytechTours-PadelStarterKit/backend/routes/players.js","statementMap":{"0":{"start":{"line":5,"column":16},"end":{"line":5,"column":34}},"1":{"start":{"line":6,"column":15},"end":{"line":6,"column":31}},"2":{"start":{"line":7,"column":25},"end":{"line":7,"column":45}},"3":{"start":{"line":8,"column":21},"end":{"line":8,"column":55}},"4":{"start":{"line":9,"column":40},"end":{"line":9,"column":77}},"5":{"start":{"line":15,"column":4},"end":{"line":15,"column":32}},"6":{"start":{"line":21,"column":4},"end":{"line":21,"column":45}},"7":{"start":{"line":22,"column":15},"end":{"line":22,"column":35}},"8":{"start":{"line":25,"column":0},"end":{"line":77,"column":2}},"9":{"start":{"line":29,"column":40},"end":{"line":29,"column":70}},"10":{"start":{"line":30,"column":36},"end":{"line":30,"column":45}},"11":{"start":{"line":32,"column":22},"end":{"line":32,"column":24}},"12":{"start":{"line":35,"column":8},"end":{"line":37,"column":9}},"13":{"start":{"line":36,"column":12},"end":{"line":36,"column":36}},"14":{"start":{"line":39,"column":8},"end":{"line":46,"column":9}},"15":{"start":{"line":40,"column":12},"end":{"line":45,"column":14}},"16":{"start":{"line":48,"column":32},"end":{"line":60,"column":10}},"17":{"start":{"line":63,"column":24},"end":{"line":66,"column":11}},"18":{"start":{"line":63,"column":44},"end":{"line":66,"column":9}},"19":{"start":{"line":68,"column":8},"end":{"line":75,"column":10}},"20":{"start":{"line":80,"column":0},"end":{"line":107,"column":2}},"21":{"start":{"line":84,"column":23},"end":{"line":84,"column":33}},"22":{"start":{"line":86,"column":23},"end":{"line":94,"column":10}},"23":{"start":{"line":96,"column":8},"end":{"line":98,"column":9}},"24":{"start":{"line":97,"column":12},"end":{"line":97,"column":46}},"25":{"start":{"line":100,"column":27},"end":{"line":103,"column":9}},"26":{"start":{"line":105,"column":8},"end":{"line":105,"column":79}},"27":{"start":{"line":110,"column":0},"end":{"line":128,"column":2}},"28":{"start":{"line":114,"column":27},"end":{"line":114,"column":35}},"29":{"start":{"line":117,"column":21},"end":{"line":117,"column":25}},"30":{"start":{"line":118,"column":8},"end":{"line":122,"column":9}},"31":{"start":{"line":121,"column":12},"end":{"line":121,"column":36}},"32":{"start":{"line":124,"column":23},"end":{"line":124,"column":54}},"33":{"start":{"line":126,"column":8},"end":{"line":126,"column":71}},"34":{"start":{"line":131,"column":0},"end":{"line":149,"column":2}},"35":{"start":{"line":136,"column":23},"end":{"line":136,"column":33}},"36":{"start":{"line":137,"column":27},"end":{"line":137,"column":35}},"37":{"start":{"line":139,"column":23},"end":{"line":139,"column":48}},"38":{"start":{"line":141,"column":8},"end":{"line":143,"column":9}},"39":{"start":{"line":142,"column":12},"end":{"line":142,"column":46}},"40":{"start":{"line":145,"column":8},"end":{"line":145,"column":40}},"41":{"start":{"line":147,"column":8},"end":{"line":147,"column":77}},"42":{"start":{"line":152,"column":0},"end":{"line":184,"column":2}},"43":{"start":{"line":156,"column":23},"end":{"line":156,"column":33}},"44":{"start":{"line":158,"column":23},"end":{"line":163,"column":10}},"45":{"start":{"line":165,"column":8},"end":{"line":167,"column":9}},"46":{"start":{"line":166,"column":12},"end":{"line":166,"column":46}},"47":{"start":{"line":170,"column":8},"end":{"line":178,"column":9}},"48":{"start":{"line":171,"column":12},"end":{"line":177,"column":15}},"49":{"start":{"line":180,"column":8},"end":{"line":180,"column":31}},"50":{"start":{"line":182,"column":8},"end":{"line":182,"column":73}},"51":{"start":{"line":186,"column":0},"end":{"line":186,"column":24}}},"fnMap":{"0":{"name":"(anonymous_0)","decl":{"start":{"line":28,"column":17},"end":{"line":28,"column":18}},"loc":{"start":{"line":28,"column":37},"end":{"line":76,"column":5}},"line":28},"1":{"name":"(anonymous_1)","decl":{"start":{"line":63,"column":33},"end":{"line":63,"column":34}},"loc":{"start":{"line":63,"column":44},"end":{"line":66,"column":9}},"line":63},"2":{"name":"(anonymous_2)","decl":{"start":{"line":83,"column":17},"end":{"line":83,"column":18}},"loc":{"start":{"line":83,"column":37},"end":{"line":106,"column":5}},"line":83},"3":{"name":"(anonymous_3)","decl":{"start":{"line":113,"column":17},"end":{"line":113,"column":18}},"loc":{"start":{"line":113,"column":37},"end":{"line":127,"column":5}},"line":113},"4":{"name":"(anonymous_4)","decl":{"start":{"line":135,"column":17},"end":{"line":135,"column":18}},"loc":{"start":{"line":135,"column":37},"end":{"line":148,"column":5}},"line":135},"5":{"name":"(anonymous_5)","decl":{"start":{"line":155,"column":17},"end":{"line":155,"column":18}},"loc":{"start":{"line":155,"column":37},"end":{"line":183,"column":5}},"line":155}},"branchMap":{"0":{"loc":{"start":{"line":35,"column":8},"end":{"line":37,"column":9}},"type":"if","locations":[{"start":{"line":35,"column":8},"end":{"line":37,"column":9}},{"start":{},"end":{}}],"line":35},"1":{"loc":{"start":{"line":39,"column":8},"end":{"line":46,"column":9}},"type":"if","locations":[{"start":{"line":39,"column":8},"end":{"line":46,"column":9}},{"start":{},"end":{}}],"line":39},"2":{"loc":{"start":{"line":96,"column":8},"end":{"line":98,"column":9}},"type":"if","locations":[{"start":{"line":96,"column":8},"end":{"line":98,"column":9}},{"start":{},"end":{}}],"line":96},"3":{"loc":{"start":{"line":118,"column":8},"end":{"line":122,"column":9}},"type":"if","locations":[{"start":{"line":118,"column":8},"end":{"line":122,"column":9}},{"start":{},"end":{}}],"line":118},"4":{"loc":{"start":{"line":141,"column":8},"end":{"line":143,"column":9}},"type":"if","locations":[{"start":{"line":141,"column":8},"end":{"line":143,"column":9}},{"start":{},"end":{}}],"line":141},"5":{"loc":{"start":{"line":165,"column":8},"end":{"line":167,"column":9}},"type":"if","locations":[{"start":{"line":165,"column":8},"end":{"line":167,"column":9}},{"start":{},"end":{}}],"line":165},"6":{"loc":{"start":{"line":170,"column":8},"end":{"line":178,"column":9}},"type":"if","locations":[{"start":{"line":170,"column":8},"end":{"line":178,"column":9}},{"start":{},"end":{}}],"line":170},"7":{"loc":{"start":{"line":170,"column":12},"end":{"line":170,"column":82}},"type":"binary-expr","locations":[{"start":{"line":170,"column":12},"end":{"line":170,"column":45}},{"start":{"line":170,"column":49},"end":{"line":170,"column":82}}],"line":170}},"s":{"0":0,"1":0,"2":0,"3":0,"4":0,"5":0,"6":0,"7":0,"8":0,"9":0,"10":0,"11":0,"12":0,"13":0,"14":0,"15":0,"16":0,"17":0,"18":0,"19":0,"20":0,"21":0,"22":0,"23":0,"24":0,"25":0,"26":0,"27":0,"28":0,"29":0,"30":0,"31":0,"32":0,"33":0,"34":0,"35":0,"36":0,"37":0,"38":0,"39":0,"40":0,"41":0,"42":0,"43":0,"44":0,"45":0,"46":0,"47":0,"48":0,"49":0,"50":0,"51":0},"f":{"0":0,"1":0,"2":0,"3":0,"4":0,"5":0},"b":{"0":[0,0],"1":[0,0],"2":[0,0],"3":[0,0],"4":[0,0],"5":[0,0],"6":[0,0],"7":[0,0]}}
,"/Users/damienlorigeon/Documents/Polytech/5A/Test & Sécurité/PolytechTours-PadelStarterKit/backend/routes/pools.js": {"path":"/Users/damienlorigeon/Documents/Polytech/5A/Test & Sécurité/PolytechTours-PadelStarterKit/backend/routes/pools.js","statementMap":{"0":{"start":{"line":5,"column":16},"end":{"line":5,"column":34}},"1":{"start":{"line":6,"column":15},"end":{"line":6,"column":31}},"2":{"start":{"line":7,"column":31},"end":{"line":7,"column":51}},"3":{"start":{"line":8,"column":21},"end":{"line":8,"column":55}},"4":{"start":{"line":9,"column":57},"end":{"line":9,"column":94}},"5":{"start":{"line":15,"column":4},"end":{"line":15,"column":32}},"6":{"start":{"line":21,"column":4},"end":{"line":21,"column":43}},"7":{"start":{"line":24,"column":0},"end":{"line":71,"column":2}},"8":{"start":{"line":28,"column":40},"end":{"line":28,"column":70}},"9":{"start":{"line":30,"column":32},"end":{"line":52,"column":10}},"10":{"start":{"line":55,"column":22},"end":{"line":60,"column":11}},"11":{"start":{"line":55,"column":40},"end":{"line":60,"column":9}},"12":{"start":{"line":62,"column":8},"end":{"line":69,"column":10}},"13":{"start":{"line":74,"column":0},"end":{"line":99,"column":2}},"14":{"start":{"line":78,"column":23},"end":{"line":78,"column":33}},"15":{"start":{"line":80,"column":21},"end":{"line":91,"column":10}},"16":{"start":{"line":93,"column":8},"end":{"line":95,"column":9}},"17":{"start":{"line":94,"column":12},"end":{"line":94,"column":45}},"18":{"start":{"line":97,"column":8},"end":{"line":97,"column":73}},"19":{"start":{"line":102,"column":0},"end":{"line":148,"column":2}},"20":{"start":{"line":106,"column":34},"end":{"line":106,"column":42}},"21":{"start":{"line":109,"column":22},"end":{"line":111,"column":10}},"22":{"start":{"line":113,"column":8},"end":{"line":115,"column":9}},"23":{"start":{"line":114,"column":12},"end":{"line":114,"column":71}},"24":{"start":{"line":118,"column":28},"end":{"line":118,"column":70}},"25":{"start":{"line":118,"column":49},"end":{"line":118,"column":69}},"26":{"start":{"line":119,"column":8},"end":{"line":121,"column":9}},"27":{"start":{"line":120,"column":12},"end":{"line":120,"column":84}},"28":{"start":{"line":124,"column":21},"end":{"line":124,"column":48}},"29":{"start":{"line":127,"column":8},"end":{"line":130,"column":10}},"30":{"start":{"line":133,"column":30},"end":{"line":144,"column":10}},"31":{"start":{"line":146,"column":8},"end":{"line":146,"column":78}},"32":{"start":{"line":151,"column":0},"end":{"line":238,"column":2}},"33":{"start":{"line":156,"column":23},"end":{"line":156,"column":33}},"34":{"start":{"line":157,"column":34},"end":{"line":157,"column":42}},"35":{"start":{"line":159,"column":21},"end":{"line":176,"column":10}},"36":{"start":{"line":178,"column":8},"end":{"line":180,"column":9}},"37":{"start":{"line":179,"column":12},"end":{"line":179,"column":45}},"38":{"start":{"line":183,"column":25},"end":{"line":183,"column":30}},"39":{"start":{"line":184,"column":8},"end":{"line":191,"column":9}},"40":{"start":{"line":185,"column":12},"end":{"line":190,"column":13}},"41":{"start":{"line":186,"column":16},"end":{"line":189,"column":17}},"42":{"start":{"line":187,"column":20},"end":{"line":187,"column":38}},"43":{"start":{"line":188,"column":20},"end":{"line":188,"column":26}},"44":{"start":{"line":193,"column":8},"end":{"line":201,"column":9}},"45":{"start":{"line":194,"column":12},"end":{"line":200,"column":15}},"46":{"start":{"line":204,"column":8},"end":{"line":206,"column":9}},"47":{"start":{"line":205,"column":12},"end":{"line":205,"column":40}},"48":{"start":{"line":209,"column":8},"end":{"line":221,"column":9}},"49":{"start":{"line":211,"column":12},"end":{"line":214,"column":14}},"50":{"start":{"line":217,"column":12},"end":{"line":220,"column":14}},"51":{"start":{"line":223,"column":30},"end":{"line":234,"column":10}},"52":{"start":{"line":236,"column":8},"end":{"line":236,"column":84}},"53":{"start":{"line":241,"column":0},"end":{"line":301,"column":2}},"54":{"start":{"line":245,"column":23},"end":{"line":245,"column":33}},"55":{"start":{"line":247,"column":21},"end":{"line":264,"column":10}},"56":{"start":{"line":266,"column":8},"end":{"line":268,"column":9}},"57":{"start":{"line":267,"column":12},"end":{"line":267,"column":45}},"58":{"start":{"line":271,"column":25},"end":{"line":271,"column":30}},"59":{"start":{"line":272,"column":8},"end":{"line":279,"column":9}},"60":{"start":{"line":273,"column":12},"end":{"line":278,"column":13}},"61":{"start":{"line":274,"column":16},"end":{"line":277,"column":17}},"62":{"start":{"line":275,"column":20},"end":{"line":275,"column":38}},"63":{"start":{"line":276,"column":20},"end":{"line":276,"column":26}},"64":{"start":{"line":281,"column":8},"end":{"line":289,"column":9}},"65":{"start":{"line":282,"column":12},"end":{"line":288,"column":15}},"66":{"start":{"line":292,"column":8},"end":{"line":295,"column":10}},"67":{"start":{"line":297,"column":8},"end":{"line":297,"column":29}},"68":{"start":{"line":299,"column":8},"end":{"line":299,"column":73}},"69":{"start":{"line":303,"column":0},"end":{"line":303,"column":24}}},"fnMap":{"0":{"name":"(anonymous_0)","decl":{"start":{"line":27,"column":17},"end":{"line":27,"column":18}},"loc":{"start":{"line":27,"column":37},"end":{"line":70,"column":5}},"line":27},"1":{"name":"(anonymous_1)","decl":{"start":{"line":55,"column":31},"end":{"line":55,"column":32}},"loc":{"start":{"line":55,"column":40},"end":{"line":60,"column":9}},"line":55},"2":{"name":"(anonymous_2)","decl":{"start":{"line":77,"column":17},"end":{"line":77,"column":18}},"loc":{"start":{"line":77,"column":37},"end":{"line":98,"column":5}},"line":77},"3":{"name":"(anonymous_3)","decl":{"start":{"line":105,"column":17},"end":{"line":105,"column":18}},"loc":{"start":{"line":105,"column":37},"end":{"line":147,"column":5}},"line":105},"4":{"name":"(anonymous_4)","decl":{"start":{"line":118,"column":41},"end":{"line":118,"column":42}},"loc":{"start":{"line":118,"column":49},"end":{"line":118,"column":69}},"line":118},"5":{"name":"(anonymous_5)","decl":{"start":{"line":155,"column":17},"end":{"line":155,"column":18}},"loc":{"start":{"line":155,"column":37},"end":{"line":237,"column":5}},"line":155},"6":{"name":"(anonymous_6)","decl":{"start":{"line":244,"column":17},"end":{"line":244,"column":18}},"loc":{"start":{"line":244,"column":37},"end":{"line":300,"column":5}},"line":244}},"branchMap":{"0":{"loc":{"start":{"line":58,"column":25},"end":{"line":58,"column":48}},"type":"binary-expr","locations":[{"start":{"line":58,"column":25},"end":{"line":58,"column":43}},{"start":{"line":58,"column":47},"end":{"line":58,"column":48}}],"line":58},"1":{"loc":{"start":{"line":59,"column":19},"end":{"line":59,"column":35}},"type":"binary-expr","locations":[{"start":{"line":59,"column":19},"end":{"line":59,"column":29}},{"start":{"line":59,"column":33},"end":{"line":59,"column":35}}],"line":59},"2":{"loc":{"start":{"line":93,"column":8},"end":{"line":95,"column":9}},"type":"if","locations":[{"start":{"line":93,"column":8},"end":{"line":95,"column":9}},{"start":{},"end":{}}],"line":93},"3":{"loc":{"start":{"line":113,"column":8},"end":{"line":115,"column":9}},"type":"if","locations":[{"start":{"line":113,"column":8},"end":{"line":115,"column":9}},{"start":{},"end":{}}],"line":113},"4":{"loc":{"start":{"line":119,"column":8},"end":{"line":121,"column":9}},"type":"if","locations":[{"start":{"line":119,"column":8},"end":{"line":121,"column":9}},{"start":{},"end":{}}],"line":119},"5":{"loc":{"start":{"line":178,"column":8},"end":{"line":180,"column":9}},"type":"if","locations":[{"start":{"line":178,"column":8},"end":{"line":180,"column":9}},{"start":{},"end":{}}],"line":178},"6":{"loc":{"start":{"line":184,"column":8},"end":{"line":191,"column":9}},"type":"if","locations":[{"start":{"line":184,"column":8},"end":{"line":191,"column":9}},{"start":{},"end":{}}],"line":184},"7":{"loc":{"start":{"line":186,"column":16},"end":{"line":189,"column":17}},"type":"if","locations":[{"start":{"line":186,"column":16},"end":{"line":189,"column":17}},{"start":{},"end":{}}],"line":186},"8":{"loc":{"start":{"line":186,"column":20},"end":{"line":186,"column":86}},"type":"binary-expr","locations":[{"start":{"line":186,"column":20},"end":{"line":186,"column":51}},{"start":{"line":186,"column":55},"end":{"line":186,"column":86}}],"line":186},"9":{"loc":{"start":{"line":193,"column":8},"end":{"line":201,"column":9}},"type":"if","locations":[{"start":{"line":193,"column":8},"end":{"line":201,"column":9}},{"start":{},"end":{}}],"line":193},"10":{"loc":{"start":{"line":204,"column":8},"end":{"line":206,"column":9}},"type":"if","locations":[{"start":{"line":204,"column":8},"end":{"line":206,"column":9}},{"start":{},"end":{}}],"line":204},"11":{"loc":{"start":{"line":209,"column":8},"end":{"line":221,"column":9}},"type":"if","locations":[{"start":{"line":209,"column":8},"end":{"line":221,"column":9}},{"start":{},"end":{}}],"line":209},"12":{"loc":{"start":{"line":266,"column":8},"end":{"line":268,"column":9}},"type":"if","locations":[{"start":{"line":266,"column":8},"end":{"line":268,"column":9}},{"start":{},"end":{}}],"line":266},"13":{"loc":{"start":{"line":272,"column":8},"end":{"line":279,"column":9}},"type":"if","locations":[{"start":{"line":272,"column":8},"end":{"line":279,"column":9}},{"start":{},"end":{}}],"line":272},"14":{"loc":{"start":{"line":274,"column":16},"end":{"line":277,"column":17}},"type":"if","locations":[{"start":{"line":274,"column":16},"end":{"line":277,"column":17}},{"start":{},"end":{}}],"line":274},"15":{"loc":{"start":{"line":274,"column":20},"end":{"line":274,"column":86}},"type":"binary-expr","locations":[{"start":{"line":274,"column":20},"end":{"line":274,"column":51}},{"start":{"line":274,"column":55},"end":{"line":274,"column":86}}],"line":274},"16":{"loc":{"start":{"line":281,"column":8},"end":{"line":289,"column":9}},"type":"if","locations":[{"start":{"line":281,"column":8},"end":{"line":289,"column":9}},{"start":{},"end":{}}],"line":281}},"s":{"0":0,"1":0,"2":0,"3":0,"4":0,"5":0,"6":0,"7":0,"8":0,"9":0,"10":0,"11":0,"12":0,"13":0,"14":0,"15":0,"16":0,"17":0,"18":0,"19":0,"20":0,"21":0,"22":0,"23":0,"24":0,"25":0,"26":0,"27":0,"28":0,"29":0,"30":0,"31":0,"32":0,"33":0,"34":0,"35":0,"36":0,"37":0,"38":0,"39":0,"40":0,"41":0,"42":0,"43":0,"44":0,"45":0,"46":0,"47":0,"48":0,"49":0,"50":0,"51":0,"52":0,"53":0,"54":0,"55":0,"56":0,"57":0,"58":0,"59":0,"60":0,"61":0,"62":0,"63":0,"64":0,"65":0,"66":0,"67":0,"68":0,"69":0},"f":{"0":0,"1":0,"2":0,"3":0,"4":0,"5":0,"6":0},"b":{"0":[0,0],"1":[0,0],"2":[0,0],"3":[0,0],"4":[0,0],"5":[0,0],"6":[0,0],"7":[0,0],"8":[0,0],"9":[0,0],"10":[0,0],"11":[0,0],"12":[0,0],"13":[0,0],"14":[0,0],"15":[0,0],"16":[0,0]}}
,"/Users/damienlorigeon/Documents/Polytech/5A/Test & Sécurité/PolytechTours-PadelStarterKit/backend/routes/profile.js": {"path":"/Users/damienlorigeon/Documents/Polytech/5A/Test & Sécurité/PolytechTours-PadelStarterKit/backend/routes/profile.js","statementMap":{"0":{"start":{"line":5,"column":16},"end":{"line":5,"column":34}},"1":{"start":{"line":6,"column":15},"end":{"line":6,"column":31}},"2":{"start":{"line":7,"column":25},"end":{"line":7,"column":45}},"3":{"start":{"line":8,"column":40},"end":{"line":8,"column":77}},"4":{"start":{"line":9,"column":28},"end":{"line":9,"column":56}},"5":{"start":{"line":12,"column":0},"end":{"line":38,"column":2}},"6":{"start":{"line":19,"column":24},"end":{"line":34,"column":9}},"7":{"start":{"line":36,"column":8},"end":{"line":36,"column":76}},"8":{"start":{"line":41,"column":0},"end":{"line":54,"column":2}},"9":{"start":{"line":47,"column":58},"end":{"line":47,"column":66}},"10":{"start":{"line":52,"column":8},"end":{"line":52,"column":73}},"11":{"start":{"line":57,"column":0},"end":{"line":68,"column":2}},"12":{"start":{"line":66,"column":8},"end":{"line":66,"column":107}},"13":{"start":{"line":71,"column":0},"end":{"line":80,"column":2}},"14":{"start":{"line":78,"column":8},"end":{"line":78,"column":73}},"15":{"start":{"line":82,"column":0},"end":{"line":82,"column":24}}},"fnMap":{"0":{"name":"(anonymous_0)","decl":{"start":{"line":14,"column":17},"end":{"line":14,"column":18}},"loc":{"start":{"line":14,"column":37},"end":{"line":37,"column":5}},"line":14},"1":{"name":"(anonymous_1)","decl":{"start":{"line":43,"column":17},"end":{"line":43,"column":18}},"loc":{"start":{"line":43,"column":37},"end":{"line":53,"column":5}},"line":43},"2":{"name":"(anonymous_2)","decl":{"start":{"line":59,"column":17},"end":{"line":59,"column":18}},"loc":{"start":{"line":59,"column":37},"end":{"line":67,"column":5}},"line":59},"3":{"name":"(anonymous_3)","decl":{"start":{"line":73,"column":17},"end":{"line":73,"column":18}},"loc":{"start":{"line":73,"column":37},"end":{"line":79,"column":5}},"line":73}},"branchMap":{},"s":{"0":0,"1":0,"2":0,"3":0,"4":0,"5":0,"6":0,"7":0,"8":0,"9":0,"10":0,"11":0,"12":0,"13":0,"14":0,"15":0},"f":{"0":0,"1":0,"2":0,"3":0},"b":{}}
,"/Users/damienlorigeon/Documents/Polytech/5A/Test & Sécurité/PolytechTours-PadelStarterKit/backend/routes/results.js": {"path":"/Users/damienlorigeon/Documents/Polytech/5A/Test & Sécurité/PolytechTours-PadelStarterKit/backend/routes/results.js","statementMap":{"0":{"start":{"line":5,"column":16},"end":{"line":5,"column":34}},"1":{"start":{"line":6,"column":15},"end":{"line":6,"column":31}},"2":{"start":{"line":7,"column":39},"end":{"line":7,"column":59}},"3":{"start":{"line":8,"column":25},"end":{"line":8,"column":62}},"4":{"start":{"line":9,"column":28},"end":{"line":9,"column":56}},"5":{"start":{"line":10,"column":15},"end":{"line":10,"column":35}},"6":{"start":{"line":13,"column":0},"end":{"line":38,"column":2}},"7":{"start":{"line":26,"column":24},"end":{"line":34,"column":9}},"8":{"start":{"line":36,"column":8},"end":{"line":36,"column":80}},"9":{"start":{"line":41,"column":0},"end":{"line":149,"column":2}},"10":{"start":{"line":45,"column":24},"end":{"line":59,"column":10}},"11":{"start":{"line":62,"column":29},"end":{"line":62,"column":31}},"12":{"start":{"line":64,"column":8},"end":{"line":134,"column":11}},"13":{"start":{"line":65,"column":29},"end":{"line":65,"column":48}},"14":{"start":{"line":66,"column":29},"end":{"line":66,"column":48}},"15":{"start":{"line":69,"column":12},"end":{"line":79,"column":13}},"16":{"start":{"line":70,"column":16},"end":{"line":78,"column":18}},"17":{"start":{"line":81,"column":12},"end":{"line":91,"column":13}},"18":{"start":{"line":82,"column":16},"end":{"line":90,"column":18}},"19":{"start":{"line":94,"column":12},"end":{"line":133,"column":13}},"20":{"start":{"line":95,"column":30},"end":{"line":95,"column":76}},"21":{"start":{"line":95,"column":67},"end":{"line":95,"column":75}},"22":{"start":{"line":96,"column":30},"end":{"line":96,"column":76}},"23":{"start":{"line":96,"column":67},"end":{"line":96,"column":75}},"24":{"start":{"line":98,"column":35},"end":{"line":98,"column":36}},"25":{"start":{"line":99,"column":35},"end":{"line":99,"column":36}},"26":{"start":{"line":100,"column":36},"end":{"line":100,"column":37}},"27":{"start":{"line":101,"column":36},"end":{"line":101,"column":37}},"28":{"start":{"line":104,"column":16},"end":{"line":113,"column":19}},"29":{"start":{"line":105,"column":45},"end":{"line":105,"column":71}},"30":{"start":{"line":106,"column":41},"end":{"line":106,"column":76}},"31":{"start":{"line":108,"column":20},"end":{"line":108,"column":44}},"32":{"start":{"line":109,"column":20},"end":{"line":109,"column":44}},"33":{"start":{"line":111,"column":20},"end":{"line":112,"column":40}},"34":{"start":{"line":111,"column":41},"end":{"line":111,"column":56}},"35":{"start":{"line":112,"column":25},"end":{"line":112,"column":40}},"36":{"start":{"line":115,"column":16},"end":{"line":115,"column":56}},"37":{"start":{"line":116,"column":16},"end":{"line":116,"column":56}},"38":{"start":{"line":119,"column":16},"end":{"line":127,"column":17}},"39":{"start":{"line":120,"column":20},"end":{"line":120,"column":50}},"40":{"start":{"line":121,"column":20},"end":{"line":121,"column":55}},"41":{"start":{"line":122,"column":20},"end":{"line":122,"column":52}},"42":{"start":{"line":124,"column":20},"end":{"line":124,"column":50}},"43":{"start":{"line":125,"column":20},"end":{"line":125,"column":55}},"44":{"start":{"line":126,"column":20},"end":{"line":126,"column":52}},"45":{"start":{"line":129,"column":16},"end":{"line":129,"column":64}},"46":{"start":{"line":130,"column":16},"end":{"line":130,"column":65}},"47":{"start":{"line":131,"column":16},"end":{"line":131,"column":64}},"48":{"start":{"line":132,"column":16},"end":{"line":132,"column":65}},"49":{"start":{"line":137,"column":25},"end":{"line":145,"column":15}},"50":{"start":{"line":139,"column":16},"end":{"line":139,"column":70}},"51":{"start":{"line":139,"column":43},"end":{"line":139,"column":70}},"52":{"start":{"line":140,"column":16},"end":{"line":140,"column":47}},"53":{"start":{"line":142,"column":35},"end":{"line":145,"column":13}},"54":{"start":{"line":147,"column":8},"end":{"line":147,"column":85}},"55":{"start":{"line":151,"column":0},"end":{"line":151,"column":24}}},"fnMap":{"0":{"name":"(anonymous_0)","decl":{"start":{"line":15,"column":17},"end":{"line":15,"column":18}},"loc":{"start":{"line":15,"column":37},"end":{"line":37,"column":5}},"line":15},"1":{"name":"(anonymous_1)","decl":{"start":{"line":43,"column":17},"end":{"line":43,"column":18}},"loc":{"start":{"line":43,"column":37},"end":{"line":148,"column":5}},"line":43},"2":{"name":"(anonymous_2)","decl":{"start":{"line":64,"column":24},"end":{"line":64,"column":25}},"loc":{"start":{"line":64,"column":33},"end":{"line":134,"column":9}},"line":64},"3":{"name":"(anonymous_3)","decl":{"start":{"line":95,"column":62},"end":{"line":95,"column":63}},"loc":{"start":{"line":95,"column":67},"end":{"line":95,"column":75}},"line":95},"4":{"name":"(anonymous_4)","decl":{"start":{"line":96,"column":62},"end":{"line":96,"column":63}},"loc":{"start":{"line":96,"column":67},"end":{"line":96,"column":75}},"line":96},"5":{"name":"(anonymous_5)","decl":{"start":{"line":104,"column":30},"end":{"line":104,"column":31}},"loc":{"start":{"line":104,"column":46},"end":{"line":113,"column":17}},"line":104},"6":{"name":"(anonymous_6)","decl":{"start":{"line":138,"column":18},"end":{"line":138,"column":19}},"loc":{"start":{"line":138,"column":28},"end":{"line":141,"column":13}},"line":138},"7":{"name":"(anonymous_7)","decl":{"start":{"line":142,"column":17},"end":{"line":142,"column":18}},"loc":{"start":{"line":142,"column":35},"end":{"line":145,"column":13}},"line":142}},"branchMap":{"0":{"loc":{"start":{"line":69,"column":12},"end":{"line":79,"column":13}},"type":"if","locations":[{"start":{"line":69,"column":12},"end":{"line":79,"column":13}},{"start":{},"end":{}}],"line":69},"1":{"loc":{"start":{"line":81,"column":12},"end":{"line":91,"column":13}},"type":"if","locations":[{"start":{"line":81,"column":12},"end":{"line":91,"column":13}},{"start":{},"end":{}}],"line":81},"2":{"loc":{"start":{"line":94,"column":12},"end":{"line":133,"column":13}},"type":"if","locations":[{"start":{"line":94,"column":12},"end":{"line":133,"column":13}},{"start":{},"end":{}}],"line":94},"3":{"loc":{"start":{"line":94,"column":16},"end":{"line":94,"column":52}},"type":"binary-expr","locations":[{"start":{"line":94,"column":16},"end":{"line":94,"column":32}},{"start":{"line":94,"column":36},"end":{"line":94,"column":52}}],"line":94},"4":{"loc":{"start":{"line":111,"column":20},"end":{"line":112,"column":40}},"type":"if","locations":[{"start":{"line":111,"column":20},"end":{"line":112,"column":40}},{"start":{"line":112,"column":25},"end":{"line":112,"column":40}}],"line":111},"5":{"loc":{"start":{"line":119,"column":16},"end":{"line":127,"column":17}},"type":"if","locations":[{"start":{"line":119,"column":16},"end":{"line":127,"column":17}},{"start":{"line":123,"column":23},"end":{"line":127,"column":17}}],"line":119},"6":{"loc":{"start":{"line":139,"column":16},"end":{"line":139,"column":70}},"type":"if","locations":[{"start":{"line":139,"column":16},"end":{"line":139,"column":70}},{"start":{},"end":{}}],"line":139}},"s":{"0":0,"1":0,"2":0,"3":0,"4":0,"5":0,"6":0,"7":0,"8":0,"9":0,"10":0,"11":0,"12":0,"13":0,"14":0,"15":0,"16":0,"17":0,"18":0,"19":0,"20":0,"21":0,"22":0,"23":0,"24":0,"25":0,"26":0,"27":0,"28":0,"29":0,"30":0,"31":0,"32":0,"33":0,"34":0,"35":0,"36":0,"37":0,"38":0,"39":0,"40":0,"41":0,"42":0,"43":0,"44":0,"45":0,"46":0,"47":0,"48":0,"49":0,"50":0,"51":0,"52":0,"53":0,"54":0,"55":0},"f":{"0":0,"1":0,"2":0,"3":0,"4":0,"5":0,"6":0,"7":0},"b":{"0":[0,0],"1":[0,0],"2":[0,0],"3":[0,0],"4":[0,0],"5":[0,0],"6":[0,0]}}
,"/Users/damienlorigeon/Documents/Polytech/5A/Test & Sécurité/PolytechTours-PadelStarterKit/backend/routes/teams.js": {"path":"/Users/damienlorigeon/Documents/Polytech/5A/Test & Sécurité/PolytechTours-PadelStarterKit/backend/routes/teams.js","statementMap":{"0":{"start":{"line":5,"column":16},"end":{"line":5,"column":34}},"1":{"start":{"line":6,"column":15},"end":{"line":6,"column":31}},"2":{"start":{"line":7,"column":25},"end":{"line":7,"column":45}},"3":{"start":{"line":8,"column":21},"end":{"line":8,"column":55}},"4":{"start":{"line":9,"column":57},"end":{"line":9,"column":94}},"5":{"start":{"line":15,"column":4},"end":{"line":15,"column":32}},"6":{"start":{"line":21,"column":4},"end":{"line":21,"column":43}},"7":{"start":{"line":24,"column":0},"end":{"line":93,"column":2}},"8":{"start":{"line":28,"column":40},"end":{"line":28,"column":70}},"9":{"start":{"line":29,"column":36},"end":{"line":29,"column":45}},"10":{"start":{"line":31,"column":22},"end":{"line":31,"column":24}},"11":{"start":{"line":33,"column":8},"end":{"line":35,"column":9}},"12":{"start":{"line":34,"column":12},"end":{"line":34,"column":34}},"13":{"start":{"line":37,"column":8},"end":{"line":39,"column":9}},"14":{"start":{"line":38,"column":12},"end":{"line":38,"column":36}},"15":{"start":{"line":41,"column":32},"end":{"line":63,"column":10}},"16":{"start":{"line":66,"column":22},"end":{"line":82,"column":11}},"17":{"start":{"line":66,"column":40},"end":{"line":82,"column":9}},"18":{"start":{"line":80,"column":26},"end":{"line":80,"column":36}},"19":{"start":{"line":84,"column":8},"end":{"line":91,"column":10}},"20":{"start":{"line":96,"column":0},"end":{"line":144,"column":2}},"21":{"start":{"line":100,"column":23},"end":{"line":100,"column":33}},"22":{"start":{"line":102,"column":21},"end":{"line":117,"column":10}},"23":{"start":{"line":119,"column":8},"end":{"line":121,"column":9}},"24":{"start":{"line":120,"column":12},"end":{"line":120,"column":46}},"25":{"start":{"line":124,"column":30},"end":{"line":140,"column":9}},"26":{"start":{"line":138,"column":26},"end":{"line":138,"column":36}},"27":{"start":{"line":142,"column":8},"end":{"line":142,"column":83}},"28":{"start":{"line":147,"column":0},"end":{"line":211,"column":2}},"29":{"start":{"line":151,"column":58},"end":{"line":151,"column":66}},"30":{"start":{"line":154,"column":24},"end":{"line":154,"column":56}},"31":{"start":{"line":155,"column":24},"end":{"line":155,"column":56}},"32":{"start":{"line":157,"column":8},"end":{"line":159,"column":9}},"33":{"start":{"line":158,"column":12},"end":{"line":158,"column":46}},"34":{"start":{"line":162,"column":8},"end":{"line":164,"column":9}},"35":{"start":{"line":163,"column":12},"end":{"line":163,"column":103}},"36":{"start":{"line":167,"column":30},"end":{"line":174,"column":10}},"37":{"start":{"line":176,"column":30},"end":{"line":183,"column":10}},"38":{"start":{"line":185,"column":8},"end":{"line":187,"column":9}},"39":{"start":{"line":186,"column":12},"end":{"line":186,"column":117}},"40":{"start":{"line":189,"column":8},"end":{"line":191,"column":9}},"41":{"start":{"line":190,"column":12},"end":{"line":190,"column":117}},"42":{"start":{"line":194,"column":21},"end":{"line":199,"column":10}},"43":{"start":{"line":202,"column":32},"end":{"line":207,"column":10}},"44":{"start":{"line":209,"column":8},"end":{"line":209,"column":81}},"45":{"start":{"line":214,"column":0},"end":{"line":257,"column":2}},"46":{"start":{"line":219,"column":23},"end":{"line":219,"column":33}},"47":{"start":{"line":220,"column":27},"end":{"line":220,"column":35}},"48":{"start":{"line":222,"column":21},"end":{"line":227,"column":10}},"49":{"start":{"line":229,"column":8},"end":{"line":231,"column":9}},"50":{"start":{"line":230,"column":12},"end":{"line":230,"column":46}},"51":{"start":{"line":234,"column":27},"end":{"line":234,"column":93}},"52":{"start":{"line":236,"column":8},"end":{"line":244,"column":9}},"53":{"start":{"line":237,"column":12},"end":{"line":243,"column":15}},"54":{"start":{"line":246,"column":8},"end":{"line":246,"column":38}},"55":{"start":{"line":248,"column":32},"end":{"line":253,"column":10}},"56":{"start":{"line":255,"column":8},"end":{"line":255,"column":87}},"57":{"start":{"line":260,"column":0},"end":{"line":294,"column":2}},"58":{"start":{"line":264,"column":23},"end":{"line":264,"column":33}},"59":{"start":{"line":266,"column":21},"end":{"line":271,"column":10}},"60":{"start":{"line":273,"column":8},"end":{"line":275,"column":9}},"61":{"start":{"line":274,"column":12},"end":{"line":274,"column":46}},"62":{"start":{"line":278,"column":27},"end":{"line":278,"column":93}},"63":{"start":{"line":280,"column":8},"end":{"line":288,"column":9}},"64":{"start":{"line":281,"column":12},"end":{"line":287,"column":15}},"65":{"start":{"line":290,"column":8},"end":{"line":290,"column":29}},"66":{"start":{"line":292,"column":8},"end":{"line":292,"column":74}},"67":{"start":{"line":296,"column":0},"end":{"line":296,"column":24}}},"fnMap":{"0":{"name":"(anonymous_0)","decl":{"start":{"line":27,"column":17},"end":{"line":27,"column":18}},"loc":{"start":{"line":27,"column":37},"end":{"line":92,"column":5}},"line":27},"1":{"name":"(anonymous_1)","decl":{"start":{"line":66,"column":31},"end":{"line":66,"column":32}},"loc":{"start":{"line":66,"column":40},"end":{"line":82,"column":9}},"line":66},"2":{"name":"(anonymous_2)","decl":{"start":{"line":80,"column":21},"end":{"line":80,"column":22}},"loc":{"start":{"line":80,"column":26},"end":{"line":80,"column":36}},"line":80},"3":{"name":"(anonymous_3)","decl":{"start":{"line":99,"column":17},"end":{"line":99,"column":18}},"loc":{"start":{"line":99,"column":37},"end":{"line":143,"column":5}},"line":99},"4":{"name":"(anonymous_4)","decl":{"start":{"line":138,"column":21},"end":{"line":138,"column":22}},"loc":{"start":{"line":138,"column":26},"end":{"line":138,"column":36}},"line":138},"5":{"name":"(anonymous_5)","decl":{"start":{"line":150,"column":17},"end":{"line":150,"column":18}},"loc":{"start":{"line":150,"column":37},"end":{"line":210,"column":5}},"line":150},"6":{"name":"(anonymous_6)","decl":{"start":{"line":218,"column":17},"end":{"line":218,"column":18}},"loc":{"start":{"line":218,"column":37},"end":{"line":256,"column":5}},"line":218},"7":{"name":"(anonymous_7)","decl":{"start":{"line":263,"column":17},"end":{"line":263,"column":18}},"loc":{"start":{"line":263,"column":37},"end":{"line":293,"column":5}},"line":263}},"branchMap":{"0":{"loc":{"start":{"line":33,"column":8},"end":{"line":35,"column":9}},"type":"if","locations":[{"start":{"line":33,"column":8},"end":{"line":35,"column":9}},{"start":{},"end":{}}],"line":33},"1":{"loc":{"start":{"line":37,"column":8},"end":{"line":39,"column":9}},"type":"if","locations":[{"start":{"line":37,"column":8},"end":{"line":39,"column":9}},{"start":{},"end":{}}],"line":37},"2":{"loc":{"start":{"line":70,"column":16},"end":{"line":74,"column":24}},"type":"cond-expr","locations":[{"start":{"line":70,"column":31},"end":{"line":74,"column":17}},{"start":{"line":74,"column":20},"end":{"line":74,"column":24}}],"line":70},"3":{"loc":{"start":{"line":75,"column":16},"end":{"line":79,"column":24}},"type":"cond-expr","locations":[{"start":{"line":75,"column":31},"end":{"line":79,"column":17}},{"start":{"line":79,"column":20},"end":{"line":79,"column":24}}],"line":75},"4":{"loc":{"start":{"line":81,"column":18},"end":{"line":81,"column":79}},"type":"cond-expr","locations":[{"start":{"line":81,"column":30},"end":{"line":81,"column":72}},{"start":{"line":81,"column":75},"end":{"line":81,"column":79}}],"line":81},"5":{"loc":{"start":{"line":119,"column":8},"end":{"line":121,"column":9}},"type":"if","locations":[{"start":{"line":119,"column":8},"end":{"line":121,"column":9}},{"start":{},"end":{}}],"line":119},"6":{"loc":{"start":{"line":128,"column":16},"end":{"line":132,"column":24}},"type":"cond-expr","locations":[{"start":{"line":128,"column":31},"end":{"line":132,"column":17}},{"start":{"line":132,"column":20},"end":{"line":132,"column":24}}],"line":128},"7":{"loc":{"start":{"line":133,"column":16},"end":{"line":137,"column":24}},"type":"cond-expr","locations":[{"start":{"line":133,"column":31},"end":{"line":137,"column":17}},{"start":{"line":137,"column":20},"end":{"line":137,"column":24}}],"line":133},"8":{"loc":{"start":{"line":139,"column":18},"end":{"line":139,"column":79}},"type":"cond-expr","locations":[{"start":{"line":139,"column":30},"end":{"line":139,"column":72}},{"start":{"line":139,"column":75},"end":{"line":139,"column":79}}],"line":139},"9":{"loc":{"start":{"line":157,"column":8},"end":{"line":159,"column":9}},"type":"if","locations":[{"start":{"line":157,"column":8},"end":{"line":159,"column":9}},{"start":{},"end":{}}],"line":157},"10":{"loc":{"start":{"line":157,"column":12},"end":{"line":157,"column":32}},"type":"binary-expr","locations":[{"start":{"line":157,"column":12},"end":{"line":157,"column":20}},{"start":{"line":157,"column":24},"end":{"line":157,"column":32}}],"line":157},"11":{"loc":{"start":{"line":162,"column":8},"end":{"line":164,"column":9}},"type":"if","locations":[{"start":{"line":162,"column":8},"end":{"line":164,"column":9}},{"start":{},"end":{}}],"line":162},"12":{"loc":{"start":{"line":162,"column":12},"end":{"line":162,"column":70}},"type":"binary-expr","locations":[{"start":{"line":162,"column":12},"end":{"line":162,"column":39}},{"start":{"line":162,"column":43},"end":{"line":162,"column":70}}],"line":162},"13":{"loc":{"start":{"line":185,"column":8},"end":{"line":187,"column":9}},"type":"if","locations":[{"start":{"line":185,"column":8},"end":{"line":187,"column":9}},{"start":{},"end":{}}],"line":185},"14":{"loc":{"start":{"line":189,"column":8},"end":{"line":191,"column":9}},"type":"if","locations":[{"start":{"line":189,"column":8},"end":{"line":191,"column":9}},{"start":{},"end":{}}],"line":189},"15":{"loc":{"start":{"line":229,"column":8},"end":{"line":231,"column":9}},"type":"if","locations":[{"start":{"line":229,"column":8},"end":{"line":231,"column":9}},{"start":{},"end":{}}],"line":229},"16":{"loc":{"start":{"line":234,"column":27},"end":{"line":234,"column":93}},"type":"binary-expr","locations":[{"start":{"line":234,"column":27},"end":{"line":234,"column":58}},{"start":{"line":234,"column":62},"end":{"line":234,"column":93}}],"line":234},"17":{"loc":{"start":{"line":236,"column":8},"end":{"line":244,"column":9}},"type":"if","locations":[{"start":{"line":236,"column":8},"end":{"line":244,"column":9}},{"start":{},"end":{}}],"line":236},"18":{"loc":{"start":{"line":273,"column":8},"end":{"line":275,"column":9}},"type":"if","locations":[{"start":{"line":273,"column":8},"end":{"line":275,"column":9}},{"start":{},"end":{}}],"line":273},"19":{"loc":{"start":{"line":278,"column":27},"end":{"line":278,"column":93}},"type":"binary-expr","locations":[{"start":{"line":278,"column":27},"end":{"line":278,"column":58}},{"start":{"line":278,"column":62},"end":{"line":278,"column":93}}],"line":278},"20":{"loc":{"start":{"line":280,"column":8},"end":{"line":288,"column":9}},"type":"if","locations":[{"start":{"line":280,"column":8},"end":{"line":288,"column":9}},{"start":{},"end":{}}],"line":280}},"s":{"0":0,"1":0,"2":0,"3":0,"4":0,"5":0,"6":0,"7":0,"8":0,"9":0,"10":0,"11":0,"12":0,"13":0,"14":0,"15":0,"16":0,"17":0,"18":0,"19":0,"20":0,"21":0,"22":0,"23":0,"24":0,"25":0,"26":0,"27":0,"28":0,"29":0,"30":0,"31":0,"32":0,"33":0,"34":0,"35":0,"36":0,"37":0,"38":0,"39":0,"40":0,"41":0,"42":0,"43":0,"44":0,"45":0,"46":0,"47":0,"48":0,"49":0,"50":0,"51":0,"52":0,"53":0,"54":0,"55":0,"56":0,"57":0,"58":0,"59":0,"60":0,"61":0,"62":0,"63":0,"64":0,"65":0,"66":0,"67":0},"f":{"0":0,"1":0,"2":0,"3":0,"4":0,"5":0,"6":0,"7":0},"b":{"0":[0,0],"1":[0,0],"2":[0,0],"3":[0,0],"4":[0,0],"5":[0,0],"6":[0,0],"7":[0,0],"8":[0,0],"9":[0,0],"10":[0,0],"11":[0,0],"12":[0,0],"13":[0,0],"14":[0,0],"15":[0,0],"16":[0,0],"17":[0,0],"18":[0,0],"19":[0,0],"20":[0,0]}}
}
