TN:
SF:middleware/auth.js
FN:4,(anonymous_0)
FNF:1
FNH:1
FNDA:14,(anonymous_0)
DA:1,6
DA:2,6
DA:4,6
DA:5,14
DA:6,14
DA:8,14
DA:9,3
DA:12,11
DA:13,11
DA:14,5
DA:16,5
DA:17,0
DA:20,5
DA:21,0
DA:24,5
DA:25,5
DA:27,6
DA:31,6
LF:18
LH:16
BRDA:6,0,0,14
BRDA:6,0,1,11
BRDA:8,1,0,3
BRDA:8,1,1,11
BRDA:13,2,0,11
BRDA:13,2,1,11
BRDA:16,3,0,0
BRDA:16,3,1,5
BRDA:20,4,0,0
BRDA:20,4,1,5
BRF:10
BRH:8
end_of_record
TN:
SF:middleware/errorHandler.js
FN:9,(anonymous_0)
FN:19,(anonymous_1)
FN:26,(anonymous_2)
FN:32,(anonymous_3)
FN:38,(anonymous_4)
FN:44,(anonymous_5)
FN:52,(anonymous_6)
FN:94,(anonymous_7)
FN:103,(anonymous_8)
FN:104,(anonymous_9)
FNF:10
FNH:5
FNDA:8,(anonymous_0)
FNDA:8,(anonymous_1)
FNDA:0,(anonymous_2)
FNDA:0,(anonymous_3)
FNDA:0,(anonymous_4)
FNDA:0,(anonymous_5)
FNDA:6,(anonymous_6)
FNDA:0,(anonymous_7)
FNDA:30,(anonymous_8)
FNDA:71,(anonymous_9)
DA:10,8
DA:11,8
DA:12,8
DA:13,8
DA:14,8
DA:20,8
DA:21,8
DA:27,0
DA:33,0
DA:39,0
DA:45,0
DA:52,4
DA:54,6
DA:55,0
DA:66,6
DA:67,6
DA:70,6
DA:79,6
DA:80,5
DA:84,6
DA:85,0
DA:88,6
DA:94,4
DA:95,0
DA:96,0
DA:103,4
DA:104,30
DA:105,71
DA:109,4
LF:29
LH:21
BRDA:9,0,0,0
BRDA:19,1,0,2
BRDA:26,2,0,0
BRDA:32,3,0,0
BRDA:38,4,0,0
BRDA:54,5,0,0
BRDA:54,5,1,6
BRDA:66,6,0,6
BRDA:66,6,1,1
BRDA:67,7,0,6
BRDA:67,7,1,1
BRDA:74,8,0,6
BRDA:74,8,1,0
BRDA:79,9,0,5
BRDA:79,9,1,1
BRDA:79,10,0,6
BRDA:79,10,1,5
BRDA:84,11,0,0
BRDA:84,11,1,6
BRF:19
BRH:12
end_of_record
TN:
SF:middleware/validator.js
FN:15,(anonymous_0)
FN:16,(anonymous_1)
FN:32,(anonymous_2)
FN:55,(anonymous_3)
FN:56,(anonymous_4)
FN:67,(anonymous_5)
FNF:6
FNH:3
FNDA:36,(anonymous_0)
FNDA:78,(anonymous_1)
FNDA:6,(anonymous_2)
FNDA:0,(anonymous_3)
FNDA:0,(anonymous_4)
FNDA:0,(anonymous_5)
DA:5,4
DA:15,4
DA:16,36
DA:17,78
DA:18,78
DA:21,78
DA:24,72
DA:26,72
DA:29,6
DA:31,6
DA:32,6
DA:38,6
DA:43,6
DA:47,0
DA:55,4
DA:56,0
DA:57,0
DA:58,0
DA:60,0
DA:61,0
DA:62,0
DA:63,0
DA:65,0
DA:66,0
DA:67,0
DA:68,0
DA:79,0
DA:80,0
DA:84,0
DA:87,0
DA:89,0
DA:94,4
LF:32
LH:15
BRDA:15,0,0,0
BRDA:29,1,0,6
BRDA:29,1,1,0
BRDA:31,2,0,6
BRDA:31,2,1,0
BRDA:31,2,2,0
BRDA:65,3,0,0
BRDA:65,3,1,0
BRDA:66,4,0,0
BRDA:66,4,1,0
BRDA:66,4,2,0
BRDA:79,5,0,0
BRDA:79,5,1,0
BRF:13
BRH:2
end_of_record
TN:
SF:models/Event.js
FN:5,(anonymous_0)
FN:28,(anonymous_1)
FNF:2
FNH:2
FNDA:11,(anonymous_0)
FNDA:11,(anonymous_1)
DA:5,11
DA:6,11
DA:28,11
DA:30,11
DA:37,11
LF:5
LH:5
BRF:0
BRH:0
end_of_record
TN:
SF:models/LoginAttempt.js
FN:1,(anonymous_0)
FNF:1
FNH:1
FNDA:11,(anonymous_0)
DA:1,11
DA:2,11
DA:27,11
LF:3
LH:3
BRF:0
BRH:0
end_of_record
TN:
SF:models/Match.js
FN:5,(anonymous_0)
FN:71,(anonymous_1)
FN:79,(anonymous_2)
FNF:3
FNH:3
FNDA:11,(anonymous_0)
FNDA:2,(anonymous_1)
FNDA:11,(anonymous_2)
DA:5,11
DA:6,11
DA:72,2
DA:73,0
DA:79,11
DA:81,11
DA:87,11
DA:93,11
DA:99,11
LF:9
LH:8
BRDA:72,0,0,0
BRDA:72,0,1,2
BRF:2
BRH:1
end_of_record
TN:
SF:models/Player.js
FN:5,(anonymous_0)
FN:65,(anonymous_1)
FNF:2
FNH:2
FNDA:11,(anonymous_0)
FNDA:11,(anonymous_1)
DA:5,11
DA:6,11
DA:65,11
DA:67,11
DA:73,11
DA:79,11
DA:85,11
LF:7
LH:7
BRF:0
BRH:0
end_of_record
TN:
SF:models/Pool.js
FN:5,(anonymous_0)
FN:23,(anonymous_1)
FNF:2
FNH:2
FNDA:11,(anonymous_0)
FNDA:11,(anonymous_1)
DA:5,11
DA:6,11
DA:23,11
DA:25,11
DA:31,11
LF:5
LH:5
BRF:0
BRH:0
end_of_record
TN:
SF:models/Team.js
FN:5,(anonymous_0)
FN:56,(anonymous_1)
FN:64,(anonymous_2)
FNF:3
FNH:3
FNDA:11,(anonymous_0)
FNDA:53,(anonymous_1)
FNDA:11,(anonymous_2)
DA:5,11
DA:6,11
DA:57,53
DA:58,0
DA:64,11
DA:66,11
DA:72,11
DA:78,11
DA:84,11
DA:90,11
DA:96,11
LF:11
LH:10
BRDA:57,0,0,0
BRDA:57,0,1,53
BRDA:57,1,0,53
BRDA:57,1,1,48
BRDA:57,1,2,48
BRF:5
BRH:4
end_of_record
TN:
SF:models/User.js
FN:1,(anonymous_0)
FNF:1
FNH:1
FNDA:11,(anonymous_0)
DA:1,11
DA:2,11
DA:42,11
LF:3
LH:3
BRF:0
BRH:0
end_of_record
TN:
SF:models/index.js
FN:26,(anonymous_0)
FNF:1
FNH:1
FNDA:99,(anonymous_0)
DA:1,11
DA:2,11
DA:5,11
DA:6,11
DA:7,11
DA:8,11
DA:9,11
DA:10,11
DA:11,11
DA:13,11
DA:26,11
DA:27,99
DA:28,55
DA:32,11
LF:14
LH:14
BRDA:27,0,0,55
BRDA:27,0,1,44
BRF:2
BRH:2
end_of_record
TN:
SF:routes/admin.js
FN:15,(anonymous_0)
FN:38,(anonymous_1)
FN:64,(anonymous_2)
FN:98,(anonymous_3)
FN:132,(anonymous_4)
FN:151,(anonymous_5)
FN:166,generateTemporaryPassword
FN:183,(anonymous_7)
FN:189,(anonymous_8)
FN:236,(anonymous_9)
FNF:10
FNH:0
FNDA:0,(anonymous_0)
FNDA:0,(anonymous_1)
FNDA:0,(anonymous_2)
FNDA:0,(anonymous_3)
FNDA:0,(anonymous_4)
FNDA:0,(anonymous_5)
FNDA:0,generateTemporaryPassword
FNDA:0,(anonymous_7)
FNDA:0,(anonymous_8)
FNDA:0,(anonymous_9)
DA:5,0
DA:6,0
DA:7,0
DA:8,0
DA:9,0
DA:10,0
DA:13,0
DA:16,0
DA:17,0
DA:19,0
DA:20,0
DA:21,0
DA:23,0
DA:31,0
DA:36,0
DA:39,0
DA:43,0
DA:44,0
DA:48,0
DA:50,0
DA:62,0
DA:65,0
DA:67,0
DA:68,0
DA:71,0
DA:72,0
DA:73,0
DA:76,0
DA:78,0
DA:86,0
DA:96,0
DA:99,0
DA:101,0
DA:102,0
DA:105,0
DA:107,0
DA:108,0
DA:109,0
DA:110,0
DA:112,0
DA:115,0
DA:116,0
DA:118,0
DA:120,0
DA:130,0
DA:133,0
DA:135,0
DA:136,0
DA:140,0
DA:142,0
DA:144,0
DA:149,0
DA:152,0
DA:154,0
DA:155,0
DA:159,0
DA:161,0
DA:167,0
DA:168,0
DA:169,0
DA:172,0
DA:173,0
DA:174,0
DA:175,0
DA:178,0
DA:179,0
DA:183,0
DA:187,0
DA:191,0
DA:194,0
DA:195,0
DA:196,0
DA:200,0
DA:201,0
DA:205,0
DA:206,0
DA:209,0
DA:218,0
DA:220,0
DA:234,0
DA:238,0
DA:240,0
DA:241,0
DA:242,0
DA:246,0
DA:247,0
DA:250,0
DA:255,0
DA:267,0
LF:89
LH:0
BRDA:20,0,0,0
BRDA:20,0,1,0
BRDA:21,1,0,0
BRDA:21,1,1,0
BRDA:43,2,0,0
BRDA:43,2,1,0
BRDA:52,3,0,0
BRDA:52,3,1,0
BRDA:67,4,0,0
BRDA:67,4,1,0
BRDA:67,5,0,0
BRDA:67,5,1,0
BRDA:72,6,0,0
BRDA:72,6,1,0
BRDA:81,7,0,0
BRDA:81,7,1,0
BRDA:101,8,0,0
BRDA:101,8,1,0
BRDA:107,9,0,0
BRDA:107,9,1,0
BRDA:107,10,0,0
BRDA:107,10,1,0
BRDA:109,11,0,0
BRDA:109,11,1,0
BRDA:115,12,0,0
BRDA:115,12,1,0
BRDA:116,13,0,0
BRDA:116,13,1,0
BRDA:135,14,0,0
BRDA:135,14,1,0
BRDA:154,15,0,0
BRDA:154,15,1,0
BRDA:195,16,0,0
BRDA:195,16,1,0
BRDA:200,17,0,0
BRDA:200,17,1,0
BRDA:212,18,0,0
BRDA:212,18,1,0
BRDA:241,19,0,0
BRDA:241,19,1,0
BRF:40
BRH:0
end_of_record
TN:
SF:routes/auth.js
FN:13,checkLockoutStatus
FN:35,checkAndUpdateAttempts
FN:80,isValidEmail
FN:90,isValidPassword
FN:94,(anonymous_4)
FN:164,(anonymous_5)
FN:237,(anonymous_6)
FN:263,(anonymous_7)
FNF:8
FNH:8
FNDA:55,checkLockoutStatus
FNDA:52,checkAndUpdateAttempts
FNDA:63,isValidEmail
FNDA:33,isValidPassword
FNDA:74,(anonymous_4)
FNDA:55,(anonymous_5)
FNDA:4,(anonymous_6)
FNDA:1,(anonymous_7)
DA:1,6
DA:2,6
DA:3,6
DA:4,6
DA:5,6
DA:6,6
DA:8,6
DA:9,6
DA:10,6
DA:14,55
DA:16,55
DA:17,36
DA:20,19
DA:21,19
DA:22,2
DA:23,2
DA:31,17
DA:36,52
DA:38,52
DA:39,35
DA:42,52
DA:44,52
DA:45,0
DA:46,0
DA:54,52
DA:55,8
DA:56,8
DA:57,8
DA:58,8
DA:60,44
DA:61,44
DA:63,44
DA:64,2
DA:65,2
DA:66,2
DA:74,42
DA:75,42
DA:82,63
DA:83,18
DA:85,45
DA:86,45
DA:91,33
DA:94,6
DA:95,74
DA:97,74
DA:99,74
DA:100,11
DA:106,63
DA:107,30
DA:113,33
DA:114,5
DA:120,28
DA:121,28
DA:122,2
DA:128,26
DA:131,26
DA:140,26
DA:146,26
DA:159,0
DA:160,0
DA:164,6
DA:165,55
DA:167,55
DA:169,55
DA:170,55
DA:171,2
DA:180,53
DA:185,53
DA:187,53
DA:188,44
DA:189,44
DA:190,2
DA:198,42
DA:206,9
DA:207,1
DA:211,8
DA:213,8
DA:219,8
DA:232,0
DA:233,0
DA:237,6
DA:238,4
DA:239,4
DA:241,4
DA:242,4
DA:243,4
DA:244,1
DA:247,3
DA:248,3
DA:249,1
DA:252,2
DA:253,2
DA:254,2
DA:255,2
DA:257,2
DA:259,0
DA:263,6
DA:264,1
DA:267,6
LF:99
LH:92
BRDA:10,0,0,6
BRDA:10,0,1,6
BRDA:16,1,0,36
BRDA:16,1,1,19
BRDA:21,2,0,2
BRDA:21,2,1,17
BRDA:21,3,0,19
BRDA:21,3,1,3
BRDA:38,4,0,35
BRDA:38,4,1,17
BRDA:44,5,0,0
BRDA:44,5,1,52
BRDA:44,6,0,52
BRDA:44,6,1,1
BRDA:54,7,0,8
BRDA:54,7,1,44
BRDA:63,8,0,2
BRDA:63,8,1,42
BRDA:82,9,0,18
BRDA:82,9,1,45
BRDA:91,10,0,33
BRDA:91,10,1,33
BRDA:99,11,0,11
BRDA:99,11,1,63
BRDA:99,12,0,74
BRDA:99,12,1,69
BRDA:106,13,0,30
BRDA:106,13,1,33
BRDA:113,14,0,5
BRDA:113,14,1,28
BRDA:121,15,0,2
BRDA:121,15,1,26
BRDA:170,16,0,2
BRDA:170,16,1,53
BRDA:185,17,0,53
BRDA:185,17,1,33
BRDA:187,18,0,44
BRDA:187,18,1,9
BRDA:187,19,0,53
BRDA:187,19,1,33
BRDA:189,20,0,2
BRDA:189,20,1,42
BRDA:206,21,0,1
BRDA:206,21,1,8
BRDA:243,22,0,1
BRDA:243,22,1,3
BRDA:248,23,0,1
BRDA:248,23,1,2
BRF:48
BRH:47
end_of_record
TN:
SF:routes/events.js
FN:27,(anonymous_0)
FN:103,(anonymous_1)
FN:145,(anonymous_2)
FN:149,(anonymous_3)
FN:158,(anonymous_4)
FN:212,(anonymous_5)
FN:232,(anonymous_6)
FN:249,(anonymous_7)
FNF:8
FNH:0
FNDA:0,(anonymous_0)
FNDA:0,(anonymous_1)
FNDA:0,(anonymous_2)
FNDA:0,(anonymous_3)
FNDA:0,(anonymous_4)
FNDA:0,(anonymous_5)
FNDA:0,(anonymous_6)
FNDA:0,(anonymous_7)
DA:5,0
DA:6,0
DA:7,0
DA:8,0
DA:9,0
DA:15,0
DA:21,0
DA:24,0
DA:28,0
DA:29,0
DA:31,0
DA:34,0
DA:36,0
DA:37,0
DA:38,0
DA:39,0
DA:43,0
DA:44,0
DA:49,0
DA:50,0
DA:57,0
DA:88,0
DA:100,0
DA:104,0
DA:106,0
DA:133,0
DA:134,0
DA:137,0
DA:142,0
DA:146,0
DA:149,0
DA:151,0
DA:157,0
DA:159,0
DA:172,0
DA:176,0
DA:203,0
DA:208,0
DA:213,0
DA:214,0
DA:216,0
DA:218,0
DA:219,0
DA:222,0
DA:224,0
DA:229,0
DA:233,0
DA:235,0
DA:244,0
DA:245,0
DA:249,0
DA:250,0
DA:253,0
DA:254,0
DA:264,0
DA:266,0
DA:270,0
LF:57
LH:0
BRDA:34,0,0,0
BRDA:34,0,1,0
BRDA:43,1,0,0
BRDA:43,1,1,0
BRDA:49,2,0,0
BRDA:49,2,1,0
BRDA:133,3,0,0
BRDA:133,3,1,0
BRDA:218,4,0,0
BRDA:218,4,1,0
BRDA:244,5,0,0
BRDA:244,5,1,0
BRDA:253,6,0,0
BRDA:253,6,1,0
BRF:14
BRH:0
end_of_record
TN:
SF:routes/matches.js
FN:28,(anonymous_0)
FN:97,(anonymous_1)
FN:156,(anonymous_2)
FN:196,(anonymous_3)
FN:232,(anonymous_4)
FN:260,(anonymous_5)
FNF:6
FNH:0
FNDA:0,(anonymous_0)
FNDA:0,(anonymous_1)
FNDA:0,(anonymous_2)
FNDA:0,(anonymous_3)
FNDA:0,(anonymous_4)
FNDA:0,(anonymous_5)
DA:5,0
DA:6,0
DA:7,0
DA:8,0
DA:9,0
DA:15,0
DA:21,0
DA:22,0
DA:25,0
DA:29,0
DA:30,0
DA:32,0
DA:34,0
DA:35,0
DA:38,0
DA:39,0
DA:42,0
DA:43,0
DA:50,0
DA:51,0
DA:52,0
DA:53,0
DA:55,0
DA:63,0
DA:97,0
DA:141,0
DA:153,0
DA:157,0
DA:159,0
DA:184,0
DA:185,0
DA:188,0
DA:193,0
DA:197,0
DA:200,0
DA:201,0
DA:202,0
DA:206,0
DA:207,0
DA:209,0
DA:210,0
DA:213,0
DA:215,0
DA:223,0
DA:228,0
DA:233,0
DA:234,0
DA:236,0
DA:238,0
DA:239,0
DA:242,0
DA:244,0
DA:252,0
DA:257,0
DA:261,0
DA:263,0
DA:265,0
DA:266,0
DA:270,0
DA:271,0
DA:280,0
DA:282,0
DA:286,0
LF:63
LH:0
BRDA:34,0,0,0
BRDA:34,0,1,0
BRDA:38,1,0,0
BRDA:38,1,1,0
BRDA:42,2,0,0
BRDA:42,2,1,0
BRDA:50,3,0,0
BRDA:50,3,1,0
BRDA:184,4,0,0
BRDA:184,4,1,0
BRDA:201,5,0,0
BRDA:201,5,1,0
BRDA:209,6,0,0
BRDA:209,6,1,0
BRDA:209,7,0,0
BRDA:209,7,1,0
BRDA:238,8,0,0
BRDA:238,8,1,0
BRDA:265,9,0,0
BRDA:265,9,1,0
BRDA:270,10,0,0
BRDA:270,10,1,0
BRF:22
BRH:0
end_of_record
TN:
SF:routes/players.js
FN:28,(anonymous_0)
FN:63,(anonymous_1)
FN:83,(anonymous_2)
FN:113,(anonymous_3)
FN:135,(anonymous_4)
FN:155,(anonymous_5)
FNF:6
FNH:4
FNDA:1,(anonymous_0)
FNDA:0,(anonymous_1)
FNDA:0,(anonymous_2)
FNDA:6,(anonymous_3)
FNDA:1,(anonymous_4)
FNDA:2,(anonymous_5)
DA:5,2
DA:6,2
DA:7,2
DA:8,2
DA:9,2
DA:15,2
DA:21,2
DA:22,2
DA:25,2
DA:29,1
DA:30,1
DA:32,1
DA:35,1
DA:36,0
DA:39,1
DA:40,0
DA:48,1
DA:63,1
DA:68,1
DA:80,2
DA:84,0
DA:86,0
DA:96,0
DA:97,0
DA:100,0
DA:105,0
DA:110,2
DA:114,6
DA:117,6
DA:118,6
DA:121,1
DA:124,6
DA:126,6
DA:131,2
DA:136,1
DA:137,1
DA:139,1
DA:141,1
DA:142,0
DA:145,1
DA:147,1
DA:152,2
DA:156,2
DA:158,2
DA:165,2
DA:166,0
DA:170,2
DA:171,1
DA:180,1
DA:182,1
DA:186,2
LF:51
LH:41
BRDA:35,0,0,0
BRDA:35,0,1,1
BRDA:39,1,0,0
BRDA:39,1,1,1
BRDA:96,2,0,0
BRDA:96,2,1,0
BRDA:118,3,0,1
BRDA:118,3,1,5
BRDA:141,4,0,0
BRDA:141,4,1,1
BRDA:165,5,0,0
BRDA:165,5,1,2
BRDA:170,6,0,1
BRDA:170,6,1,1
BRDA:170,7,0,2
BRDA:170,7,1,1
BRF:16
BRH:10
end_of_record
TN:
SF:routes/pools.js
FN:27,(anonymous_0)
FN:55,(anonymous_1)
FN:77,(anonymous_2)
FN:105,(anonymous_3)
FN:118,(anonymous_4)
FN:155,(anonymous_5)
FN:244,(anonymous_6)
FNF:7
FNH:4
FNDA:1,(anonymous_0)
FNDA:0,(anonymous_1)
FNDA:0,(anonymous_2)
FNDA:5,(anonymous_3)
FNDA:30,(anonymous_4)
FNDA:0,(anonymous_5)
FNDA:2,(anonymous_6)
DA:5,1
DA:6,1
DA:7,1
DA:8,1
DA:9,1
DA:15,1
DA:21,1
DA:24,1
DA:28,1
DA:30,1
DA:55,1
DA:62,1
DA:74,1
DA:78,0
DA:80,0
DA:93,0
DA:94,0
DA:97,0
DA:102,1
DA:106,5
DA:109,5
DA:113,5
DA:114,0
DA:118,30
DA:119,5
DA:120,0
DA:124,5
DA:127,4
DA:133,4
DA:146,4
DA:151,1
DA:156,0
DA:157,0
DA:159,0
DA:178,0
DA:179,0
DA:183,0
DA:184,0
DA:185,0
DA:186,0
DA:187,0
DA:188,0
DA:193,0
DA:194,0
DA:204,0
DA:205,0
DA:209,0
DA:211,0
DA:217,0
DA:223,0
DA:236,0
DA:241,1
DA:245,2
DA:247,2
DA:266,2
DA:267,0
DA:271,2
DA:272,2
DA:273,2
DA:274,7
DA:275,1
DA:276,1
DA:281,2
DA:283,2
DA:284,1
DA:294,1
DA:299,1
DA:301,1
DA:305,1
LF:69
LH:41
BRDA:58,0,0,0
BRDA:58,0,1,0
BRDA:59,1,0,0
BRDA:59,1,1,0
BRDA:93,2,0,0
BRDA:93,2,1,0
BRDA:113,3,0,0
BRDA:113,3,1,5
BRDA:119,4,0,0
BRDA:119,4,1,5
BRDA:178,5,0,0
BRDA:178,5,1,0
BRDA:184,6,0,0
BRDA:184,6,1,0
BRDA:186,7,0,0
BRDA:186,7,1,0
BRDA:186,8,0,0
BRDA:186,8,1,0
BRDA:193,9,0,0
BRDA:193,9,1,0
BRDA:204,10,0,0
BRDA:204,10,1,0
BRDA:209,11,0,0
BRDA:209,11,1,0
BRDA:266,12,0,0
BRDA:266,12,1,2
BRDA:272,13,0,2
BRDA:272,13,1,0
BRDA:274,14,0,1
BRDA:274,14,1,6
BRDA:274,15,0,7
BRDA:274,15,1,6
BRDA:283,16,0,1
BRDA:283,16,1,1
BRDA:283,17,0,2
BRDA:283,17,1,1
BRF:36
BRH:12
end_of_record
TN:
SF:routes/profile.js
FN:14,(anonymous_0)
FN:43,(anonymous_1)
FN:59,(anonymous_2)
FN:73,(anonymous_3)
FNF:4
FNH:0
FNDA:0,(anonymous_0)
FNDA:0,(anonymous_1)
FNDA:0,(anonymous_2)
FNDA:0,(anonymous_3)
DA:5,0
DA:6,0
DA:7,0
DA:8,0
DA:9,0
DA:12,0
DA:19,0
DA:36,0
DA:41,0
DA:47,0
DA:52,0
DA:57,0
DA:66,0
DA:71,0
DA:78,0
DA:82,0
LF:16
LH:0
BRF:0
BRH:0
end_of_record
TN:
SF:routes/results.js
FN:15,(anonymous_0)
FN:43,(anonymous_1)
FN:64,(anonymous_2)
FN:95,(anonymous_3)
FN:96,(anonymous_4)
FN:104,(anonymous_5)
FN:138,(anonymous_6)
FN:142,(anonymous_7)
FNF:8
FNH:0
FNDA:0,(anonymous_0)
FNDA:0,(anonymous_1)
FNDA:0,(anonymous_2)
FNDA:0,(anonymous_3)
FNDA:0,(anonymous_4)
FNDA:0,(anonymous_5)
FNDA:0,(anonymous_6)
FNDA:0,(anonymous_7)
DA:5,0
DA:6,0
DA:7,0
DA:8,0
DA:9,0
DA:10,0
DA:13,0
DA:26,0
DA:36,0
DA:41,0
DA:45,0
DA:62,0
DA:64,0
DA:65,0
DA:66,0
DA:69,0
DA:70,0
DA:81,0
DA:82,0
DA:94,0
DA:95,0
DA:96,0
DA:98,0
DA:99,0
DA:100,0
DA:101,0
DA:104,0
DA:105,0
DA:106,0
DA:108,0
DA:109,0
DA:111,0
DA:112,0
DA:115,0
DA:116,0
DA:119,0
DA:120,0
DA:121,0
DA:122,0
DA:124,0
DA:125,0
DA:126,0
DA:129,0
DA:130,0
DA:131,0
DA:132,0
DA:137,0
DA:139,0
DA:140,0
DA:142,0
DA:147,0
DA:151,0
LF:52
LH:0
BRDA:69,0,0,0
BRDA:69,0,1,0
BRDA:81,1,0,0
BRDA:81,1,1,0
BRDA:94,2,0,0
BRDA:94,2,1,0
BRDA:94,3,0,0
BRDA:94,3,1,0
BRDA:111,4,0,0
BRDA:111,4,1,0
BRDA:119,5,0,0
BRDA:119,5,1,0
BRDA:139,6,0,0
BRDA:139,6,1,0
BRF:14
BRH:0
end_of_record
TN:
SF:routes/teams.js
FN:27,(anonymous_0)
FN:66,(anonymous_1)
FN:80,(anonymous_2)
FN:99,(anonymous_3)
FN:138,(anonymous_4)
FN:150,(anonymous_5)
FN:218,(anonymous_6)
FN:263,(anonymous_7)
FNF:8
FNH:5
FNDA:1,(anonymous_0)
FNDA:0,(anonymous_1)
FNDA:0,(anonymous_2)
FNDA:1,(anonymous_3)
FNDA:2,(anonymous_4)
FNDA:50,(anonymous_5)
FNDA:0,(anonymous_6)
FNDA:1,(anonymous_7)
DA:5,3
DA:6,3
DA:7,3
DA:8,3
DA:9,3
DA:15,3
DA:21,3
DA:24,3
DA:28,1
DA:29,1
DA:31,1
DA:33,1
DA:34,0
DA:37,1
DA:38,0
DA:41,1
DA:66,1
DA:80,0
DA:84,1
DA:96,3
DA:100,1
DA:102,1
DA:119,1
DA:120,0
DA:124,1
DA:138,2
DA:142,1
DA:147,3
DA:151,50
DA:154,50
DA:155,50
DA:157,50
DA:158,0
DA:162,50
DA:163,1
DA:167,49
DA:176,49
DA:185,49
DA:186,1
DA:189,48
DA:190,0
DA:194,48
DA:202,48
DA:209,48
DA:214,3
DA:219,0
DA:220,0
DA:222,0
DA:229,0
DA:230,0
DA:234,0
DA:236,0
DA:237,0
DA:246,0
DA:248,0
DA:255,0
DA:260,3
DA:264,1
DA:265,1
DA:267,1
DA:274,1
DA:275,0
DA:279,1
DA:281,1
DA:282,1
DA:293,0
DA:294,0
DA:295,0
DA:296,0
DA:299,0
DA:301,0
DA:305,3
LF:72
LH:48
BRDA:33,0,0,0
BRDA:33,0,1,1
BRDA:37,1,0,0
BRDA:37,1,1,1
BRDA:70,2,0,0
BRDA:70,2,1,0
BRDA:75,3,0,0
BRDA:75,3,1,0
BRDA:81,4,0,0
BRDA:81,4,1,0
BRDA:119,5,0,0
BRDA:119,5,1,1
BRDA:128,6,0,1
BRDA:128,6,1,0
BRDA:133,7,0,1
BRDA:133,7,1,0
BRDA:139,8,0,0
BRDA:139,8,1,1
BRDA:157,9,0,0
BRDA:157,9,1,50
BRDA:157,10,0,50
BRDA:157,10,1,50
BRDA:162,11,0,1
BRDA:162,11,1,49
BRDA:162,12,0,50
BRDA:162,12,1,50
BRDA:185,13,0,1
BRDA:185,13,1,48
BRDA:189,14,0,0
BRDA:189,14,1,48
BRDA:229,15,0,0
BRDA:229,15,1,0
BRDA:234,16,0,0
BRDA:234,16,1,0
BRDA:236,17,0,0
BRDA:236,17,1,0
BRDA:274,18,0,0
BRDA:274,18,1,1
BRDA:279,19,0,1
BRDA:279,19,1,0
BRDA:281,20,0,1
BRDA:281,20,1,0
BRDA:281,21,0,1
BRDA:281,21,1,1
BRDA:287,22,0,1
BRDA:287,22,1,0
BRDA:287,23,0,1
BRDA:287,23,1,1
BRDA:293,24,0,0
BRDA:293,24,1,0
BRDA:293,25,0,0
BRDA:293,25,1,0
BRF:52
BRH:24
end_of_record
