TN:
SF:middleware/auth.js
FN:4,(anonymous_0)
FNF:1
FNH:1
FNDA:9,(anonymous_0)
DA:1,4
DA:2,4
DA:4,4
DA:5,9
DA:6,9
DA:8,9
DA:9,2
DA:12,7
DA:13,7
DA:14,5
DA:16,5
DA:17,0
DA:20,5
DA:21,0
DA:24,5
DA:25,5
DA:27,2
DA:31,4
LF:18
LH:16
BRDA:6,0,0,9
BRDA:6,0,1,7
BRDA:8,1,0,2
BRDA:8,1,1,7
BRDA:13,2,0,7
BRDA:13,2,1,7
BRDA:16,3,0,0
BRDA:16,3,1,5
BRDA:20,4,0,0
BRDA:20,4,1,5
BRF:10
BRH:8
end_of_record
TN:
SF:middleware/errorHandler.js
FN:9,(anonymous_0)
FN:19,(anonymous_1)
FN:26,(anonymous_2)
FN:32,(anonymous_3)
FN:38,(anonymous_4)
FN:44,(anonymous_5)
FN:52,(anonymous_6)
FN:92,(anonymous_7)
FN:101,(anonymous_8)
FN:102,(anonymous_9)
FNF:10
FNH:0
FNDA:0,(anonymous_0)
FNDA:0,(anonymous_1)
FNDA:0,(anonymous_2)
FNDA:0,(anonymous_3)
FNDA:0,(anonymous_4)
FNDA:0,(anonymous_5)
FNDA:0,(anonymous_6)
FNDA:0,(anonymous_7)
FNDA:0,(anonymous_8)
FNDA:0,(anonymous_9)
DA:10,0
DA:11,0
DA:12,0
DA:13,0
DA:14,0
DA:20,0
DA:21,0
DA:27,0
DA:33,0
DA:39,0
DA:45,0
DA:52,0
DA:54,0
DA:64,0
DA:65,0
DA:68,0
DA:77,0
DA:78,0
DA:82,0
DA:83,0
DA:86,0
DA:92,0
DA:93,0
DA:94,0
DA:101,0
DA:102,0
DA:103,0
DA:107,0
LF:28
LH:0
BRDA:9,0,0,0
BRDA:19,1,0,0
BRDA:26,2,0,0
BRDA:32,3,0,0
BRDA:38,4,0,0
BRDA:64,5,0,0
BRDA:64,5,1,0
BRDA:65,6,0,0
BRDA:65,6,1,0
BRDA:72,7,0,0
BRDA:72,7,1,0
BRDA:77,8,0,0
BRDA:77,8,1,0
BRDA:77,9,0,0
BRDA:77,9,1,0
BRDA:82,10,0,0
BRDA:82,10,1,0
BRF:17
BRH:0
end_of_record
TN:
SF:middleware/validator.js
FN:15,(anonymous_0)
FN:16,(anonymous_1)
FN:32,(anonymous_2)
FN:55,(anonymous_3)
FN:56,(anonymous_4)
FN:67,(anonymous_5)
FNF:6
FNH:0
FNDA:0,(anonymous_0)
FNDA:0,(anonymous_1)
FNDA:0,(anonymous_2)
FNDA:0,(anonymous_3)
FNDA:0,(anonymous_4)
FNDA:0,(anonymous_5)
DA:5,0
DA:15,0
DA:16,0
DA:17,0
DA:18,0
DA:21,0
DA:24,0
DA:26,0
DA:29,0
DA:31,0
DA:32,0
DA:38,0
DA:43,0
DA:47,0
DA:55,0
DA:56,0
DA:57,0
DA:58,0
DA:60,0
DA:61,0
DA:62,0
DA:63,0
DA:65,0
DA:66,0
DA:67,0
DA:68,0
DA:79,0
DA:80,0
DA:84,0
DA:87,0
DA:89,0
DA:94,0
LF:32
LH:0
BRDA:15,0,0,0
BRDA:29,1,0,0
BRDA:29,1,1,0
BRDA:31,2,0,0
BRDA:31,2,1,0
BRDA:31,2,2,0
BRDA:65,3,0,0
BRDA:65,3,1,0
BRDA:66,4,0,0
BRDA:66,4,1,0
BRDA:66,4,2,0
BRDA:79,5,0,0
BRDA:79,5,1,0
BRF:13
BRH:0
end_of_record
TN:
SF:models/Event.js
FN:5,(anonymous_0)
FN:28,(anonymous_1)
FNF:2
FNH:2
FNDA:5,(anonymous_0)
FNDA:5,(anonymous_1)
DA:5,5
DA:6,5
DA:28,5
DA:30,5
DA:37,5
LF:5
LH:5
BRF:0
BRH:0
end_of_record
TN:
SF:models/LoginAttempt.js
FN:1,(anonymous_0)
FNF:1
FNH:1
FNDA:5,(anonymous_0)
DA:1,5
DA:2,5
DA:27,5
LF:3
LH:3
BRF:0
BRH:0
end_of_record
TN:
SF:models/Match.js
FN:5,(anonymous_0)
FN:71,(anonymous_1)
FN:79,(anonymous_2)
FNF:3
FNH:2
FNDA:5,(anonymous_0)
FNDA:0,(anonymous_1)
FNDA:5,(anonymous_2)
DA:5,5
DA:6,5
DA:72,0
DA:73,0
DA:79,5
DA:81,5
DA:87,5
DA:93,5
DA:99,5
LF:9
LH:7
BRDA:72,0,0,0
BRDA:72,0,1,0
BRF:2
BRH:0
end_of_record
TN:
SF:models/Player.js
FN:5,(anonymous_0)
FN:65,(anonymous_1)
FNF:2
FNH:2
FNDA:5,(anonymous_0)
FNDA:5,(anonymous_1)
DA:5,5
DA:6,5
DA:65,5
DA:67,5
DA:73,5
DA:79,5
DA:85,5
LF:7
LH:7
BRF:0
BRH:0
end_of_record
TN:
SF:models/Pool.js
FN:5,(anonymous_0)
FN:23,(anonymous_1)
FNF:2
FNH:2
FNDA:5,(anonymous_0)
FNDA:5,(anonymous_1)
DA:5,5
DA:6,5
DA:23,5
DA:25,5
DA:31,5
LF:5
LH:5
BRF:0
BRH:0
end_of_record
TN:
SF:models/Team.js
FN:5,(anonymous_0)
FN:56,(anonymous_1)
FN:64,(anonymous_2)
FNF:3
FNH:2
FNDA:5,(anonymous_0)
FNDA:0,(anonymous_1)
FNDA:5,(anonymous_2)
DA:5,5
DA:6,5
DA:57,0
DA:58,0
DA:64,5
DA:66,5
DA:72,5
DA:78,5
DA:84,5
DA:90,5
DA:96,5
LF:11
LH:9
BRDA:57,0,0,0
BRDA:57,0,1,0
BRDA:57,1,0,0
BRDA:57,1,1,0
BRDA:57,1,2,0
BRF:5
BRH:0
end_of_record
TN:
SF:models/User.js
FN:1,(anonymous_0)
FNF:1
FNH:1
FNDA:5,(anonymous_0)
DA:1,5
DA:2,5
DA:42,5
LF:3
LH:3
BRF:0
BRH:0
end_of_record
TN:
SF:models/index.js
FN:26,(anonymous_0)
FNF:1
FNH:1
FNDA:45,(anonymous_0)
DA:1,5
DA:2,5
DA:5,5
DA:6,5
DA:7,5
DA:8,5
DA:9,5
DA:10,5
DA:11,5
DA:13,5
DA:26,5
DA:27,45
DA:28,25
DA:32,5
LF:14
LH:14
BRDA:27,0,0,25
BRDA:27,0,1,20
BRF:2
BRH:2
end_of_record
TN:
SF:routes/admin.js
FN:13,generateTemporaryPassword
FN:30,(anonymous_1)
FN:36,(anonymous_2)
FN:83,(anonymous_3)
FNF:4
FNH:0
FNDA:0,generateTemporaryPassword
FNDA:0,(anonymous_1)
FNDA:0,(anonymous_2)
FNDA:0,(anonymous_3)
DA:5,0
DA:6,0
DA:7,0
DA:8,0
DA:9,0
DA:10,0
DA:14,0
DA:15,0
DA:16,0
DA:19,0
DA:20,0
DA:21,0
DA:22,0
DA:25,0
DA:26,0
DA:30,0
DA:34,0
DA:38,0
DA:41,0
DA:42,0
DA:43,0
DA:47,0
DA:48,0
DA:52,0
DA:53,0
DA:56,0
DA:65,0
DA:67,0
DA:81,0
DA:85,0
DA:87,0
DA:88,0
DA:89,0
DA:93,0
DA:94,0
DA:97,0
DA:102,0
DA:114,0
LF:38
LH:0
BRDA:42,0,0,0
BRDA:42,0,1,0
BRDA:47,1,0,0
BRDA:47,1,1,0
BRDA:59,2,0,0
BRDA:59,2,1,0
BRDA:88,3,0,0
BRDA:88,3,1,0
BRF:8
BRH:0
end_of_record
TN:
SF:routes/auth.js
FN:13,checkLockoutStatus
FN:35,checkAndUpdateAttempts
FN:80,isValidEmail
FN:90,isValidPassword
FN:94,(anonymous_4)
FN:164,(anonymous_5)
FN:237,(anonymous_6)
FN:263,(anonymous_7)
FNF:8
FNH:8
FNDA:37,checkLockoutStatus
FNDA:34,checkAndUpdateAttempts
FNDA:32,isValidEmail
FNDA:16,isValidPassword
FNDA:39,(anonymous_4)
FNDA:37,(anonymous_5)
FNDA:4,(anonymous_6)
FNDA:1,(anonymous_7)
DA:1,4
DA:2,4
DA:3,4
DA:4,4
DA:5,4
DA:6,4
DA:8,4
DA:9,4
DA:10,4
DA:14,37
DA:16,37
DA:17,18
DA:20,19
DA:21,19
DA:22,2
DA:23,2
DA:31,17
DA:36,34
DA:38,34
DA:39,17
DA:42,34
DA:44,34
DA:45,0
DA:46,0
DA:54,34
DA:55,5
DA:56,5
DA:57,5
DA:58,5
DA:60,29
DA:61,29
DA:63,29
DA:64,2
DA:65,2
DA:66,2
DA:74,27
DA:75,27
DA:82,32
DA:83,6
DA:85,26
DA:86,26
DA:91,16
DA:94,4
DA:95,39
DA:97,39
DA:99,39
DA:100,7
DA:106,32
DA:107,16
DA:113,16
DA:114,4
DA:120,12
DA:121,12
DA:122,1
DA:128,11
DA:131,11
DA:140,11
DA:146,11
DA:159,0
DA:160,0
DA:164,4
DA:165,37
DA:167,37
DA:169,37
DA:170,37
DA:171,2
DA:180,35
DA:185,35
DA:187,35
DA:188,29
DA:189,29
DA:190,2
DA:198,27
DA:206,6
DA:207,1
DA:211,5
DA:213,5
DA:219,5
DA:232,0
DA:233,0
DA:237,4
DA:238,4
DA:239,4
DA:241,4
DA:242,4
DA:243,4
DA:244,1
DA:247,3
DA:248,3
DA:249,1
DA:252,2
DA:253,2
DA:254,2
DA:255,2
DA:257,2
DA:259,0
DA:263,4
DA:264,1
DA:267,4
LF:99
LH:92
BRDA:10,0,0,4
BRDA:10,0,1,4
BRDA:16,1,0,18
BRDA:16,1,1,19
BRDA:21,2,0,2
BRDA:21,2,1,17
BRDA:21,3,0,19
BRDA:21,3,1,3
BRDA:38,4,0,17
BRDA:38,4,1,17
BRDA:44,5,0,0
BRDA:44,5,1,34
BRDA:44,6,0,34
BRDA:44,6,1,1
BRDA:54,7,0,5
BRDA:54,7,1,29
BRDA:63,8,0,2
BRDA:63,8,1,27
BRDA:82,9,0,6
BRDA:82,9,1,26
BRDA:91,10,0,16
BRDA:91,10,1,16
BRDA:99,11,0,7
BRDA:99,11,1,32
BRDA:99,12,0,39
BRDA:99,12,1,36
BRDA:106,13,0,16
BRDA:106,13,1,16
BRDA:113,14,0,4
BRDA:113,14,1,12
BRDA:121,15,0,1
BRDA:121,15,1,11
BRDA:170,16,0,2
BRDA:170,16,1,35
BRDA:185,17,0,35
BRDA:185,17,1,29
BRDA:187,18,0,29
BRDA:187,18,1,6
BRDA:187,19,0,35
BRDA:187,19,1,29
BRDA:189,20,0,2
BRDA:189,20,1,27
BRDA:206,21,0,1
BRDA:206,21,1,5
BRDA:243,22,0,1
BRDA:243,22,1,3
BRDA:248,23,0,1
BRDA:248,23,1,2
BRF:48
BRH:47
end_of_record
TN:
SF:routes/events.js
FN:27,(anonymous_0)
FN:103,(anonymous_1)
FN:145,(anonymous_2)
FN:149,(anonymous_3)
FN:158,(anonymous_4)
FN:212,(anonymous_5)
FN:232,(anonymous_6)
FN:249,(anonymous_7)
FNF:8
FNH:0
FNDA:0,(anonymous_0)
FNDA:0,(anonymous_1)
FNDA:0,(anonymous_2)
FNDA:0,(anonymous_3)
FNDA:0,(anonymous_4)
FNDA:0,(anonymous_5)
FNDA:0,(anonymous_6)
FNDA:0,(anonymous_7)
DA:5,0
DA:6,0
DA:7,0
DA:8,0
DA:9,0
DA:15,0
DA:21,0
DA:24,0
DA:28,0
DA:29,0
DA:31,0
DA:34,0
DA:36,0
DA:37,0
DA:38,0
DA:39,0
DA:43,0
DA:44,0
DA:49,0
DA:50,0
DA:57,0
DA:88,0
DA:100,0
DA:104,0
DA:106,0
DA:133,0
DA:134,0
DA:137,0
DA:142,0
DA:146,0
DA:149,0
DA:151,0
DA:157,0
DA:159,0
DA:172,0
DA:176,0
DA:203,0
DA:208,0
DA:213,0
DA:214,0
DA:216,0
DA:218,0
DA:219,0
DA:222,0
DA:224,0
DA:229,0
DA:233,0
DA:235,0
DA:244,0
DA:245,0
DA:249,0
DA:250,0
DA:253,0
DA:254,0
DA:264,0
DA:266,0
DA:270,0
LF:57
LH:0
BRDA:34,0,0,0
BRDA:34,0,1,0
BRDA:43,1,0,0
BRDA:43,1,1,0
BRDA:49,2,0,0
BRDA:49,2,1,0
BRDA:133,3,0,0
BRDA:133,3,1,0
BRDA:218,4,0,0
BRDA:218,4,1,0
BRDA:244,5,0,0
BRDA:244,5,1,0
BRDA:253,6,0,0
BRDA:253,6,1,0
BRF:14
BRH:0
end_of_record
TN:
SF:routes/matches.js
FN:28,(anonymous_0)
FN:97,(anonymous_1)
FN:156,(anonymous_2)
FN:196,(anonymous_3)
FN:232,(anonymous_4)
FN:260,(anonymous_5)
FNF:6
FNH:0
FNDA:0,(anonymous_0)
FNDA:0,(anonymous_1)
FNDA:0,(anonymous_2)
FNDA:0,(anonymous_3)
FNDA:0,(anonymous_4)
FNDA:0,(anonymous_5)
DA:5,0
DA:6,0
DA:7,0
DA:8,0
DA:9,0
DA:15,0
DA:21,0
DA:22,0
DA:25,0
DA:29,0
DA:30,0
DA:32,0
DA:34,0
DA:35,0
DA:38,0
DA:39,0
DA:42,0
DA:43,0
DA:50,0
DA:51,0
DA:52,0
DA:53,0
DA:55,0
DA:63,0
DA:97,0
DA:141,0
DA:153,0
DA:157,0
DA:159,0
DA:184,0
DA:185,0
DA:188,0
DA:193,0
DA:197,0
DA:200,0
DA:201,0
DA:202,0
DA:206,0
DA:207,0
DA:209,0
DA:210,0
DA:213,0
DA:215,0
DA:223,0
DA:228,0
DA:233,0
DA:234,0
DA:236,0
DA:238,0
DA:239,0
DA:242,0
DA:244,0
DA:252,0
DA:257,0
DA:261,0
DA:263,0
DA:265,0
DA:266,0
DA:270,0
DA:271,0
DA:280,0
DA:282,0
DA:286,0
LF:63
LH:0
BRDA:34,0,0,0
BRDA:34,0,1,0
BRDA:38,1,0,0
BRDA:38,1,1,0
BRDA:42,2,0,0
BRDA:42,2,1,0
BRDA:50,3,0,0
BRDA:50,3,1,0
BRDA:184,4,0,0
BRDA:184,4,1,0
BRDA:201,5,0,0
BRDA:201,5,1,0
BRDA:209,6,0,0
BRDA:209,6,1,0
BRDA:209,7,0,0
BRDA:209,7,1,0
BRDA:238,8,0,0
BRDA:238,8,1,0
BRDA:265,9,0,0
BRDA:265,9,1,0
BRDA:270,10,0,0
BRDA:270,10,1,0
BRF:22
BRH:0
end_of_record
TN:
SF:routes/players.js
FN:28,(anonymous_0)
FN:63,(anonymous_1)
FN:83,(anonymous_2)
FN:113,(anonymous_3)
FN:135,(anonymous_4)
FN:155,(anonymous_5)
FNF:6
FNH:0
FNDA:0,(anonymous_0)
FNDA:0,(anonymous_1)
FNDA:0,(anonymous_2)
FNDA:0,(anonymous_3)
FNDA:0,(anonymous_4)
FNDA:0,(anonymous_5)
DA:5,0
DA:6,0
DA:7,0
DA:8,0
DA:9,0
DA:15,0
DA:21,0
DA:22,0
DA:25,0
DA:29,0
DA:30,0
DA:32,0
DA:35,0
DA:36,0
DA:39,0
DA:40,0
DA:48,0
DA:63,0
DA:68,0
DA:80,0
DA:84,0
DA:86,0
DA:96,0
DA:97,0
DA:100,0
DA:105,0
DA:110,0
DA:114,0
DA:117,0
DA:118,0
DA:121,0
DA:124,0
DA:126,0
DA:131,0
DA:136,0
DA:137,0
DA:139,0
DA:141,0
DA:142,0
DA:145,0
DA:147,0
DA:152,0
DA:156,0
DA:158,0
DA:165,0
DA:166,0
DA:170,0
DA:171,0
DA:180,0
DA:182,0
DA:186,0
LF:51
LH:0
BRDA:35,0,0,0
BRDA:35,0,1,0
BRDA:39,1,0,0
BRDA:39,1,1,0
BRDA:96,2,0,0
BRDA:96,2,1,0
BRDA:118,3,0,0
BRDA:118,3,1,0
BRDA:141,4,0,0
BRDA:141,4,1,0
BRDA:165,5,0,0
BRDA:165,5,1,0
BRDA:170,6,0,0
BRDA:170,6,1,0
BRDA:170,7,0,0
BRDA:170,7,1,0
BRF:16
BRH:0
end_of_record
TN:
SF:routes/pools.js
FN:27,(anonymous_0)
FN:55,(anonymous_1)
FN:77,(anonymous_2)
FN:105,(anonymous_3)
FN:118,(anonymous_4)
FN:155,(anonymous_5)
FN:244,(anonymous_6)
FNF:7
FNH:0
FNDA:0,(anonymous_0)
FNDA:0,(anonymous_1)
FNDA:0,(anonymous_2)
FNDA:0,(anonymous_3)
FNDA:0,(anonymous_4)
FNDA:0,(anonymous_5)
FNDA:0,(anonymous_6)
DA:5,0
DA:6,0
DA:7,0
DA:8,0
DA:9,0
DA:15,0
DA:21,0
DA:24,0
DA:28,0
DA:30,0
DA:55,0
DA:62,0
DA:74,0
DA:78,0
DA:80,0
DA:93,0
DA:94,0
DA:97,0
DA:102,0
DA:106,0
DA:109,0
DA:113,0
DA:114,0
DA:118,0
DA:119,0
DA:120,0
DA:124,0
DA:127,0
DA:133,0
DA:146,0
DA:151,0
DA:156,0
DA:157,0
DA:159,0
DA:178,0
DA:179,0
DA:183,0
DA:184,0
DA:185,0
DA:186,0
DA:187,0
DA:188,0
DA:193,0
DA:194,0
DA:204,0
DA:205,0
DA:209,0
DA:211,0
DA:217,0
DA:223,0
DA:236,0
DA:241,0
DA:245,0
DA:247,0
DA:266,0
DA:267,0
DA:271,0
DA:272,0
DA:273,0
DA:274,0
DA:275,0
DA:276,0
DA:281,0
DA:282,0
DA:292,0
DA:297,0
DA:299,0
DA:303,0
LF:68
LH:0
BRDA:58,0,0,0
BRDA:58,0,1,0
BRDA:59,1,0,0
BRDA:59,1,1,0
BRDA:93,2,0,0
BRDA:93,2,1,0
BRDA:113,3,0,0
BRDA:113,3,1,0
BRDA:119,4,0,0
BRDA:119,4,1,0
BRDA:178,5,0,0
BRDA:178,5,1,0
BRDA:184,6,0,0
BRDA:184,6,1,0
BRDA:186,7,0,0
BRDA:186,7,1,0
BRDA:186,8,0,0
BRDA:186,8,1,0
BRDA:193,9,0,0
BRDA:193,9,1,0
BRDA:204,10,0,0
BRDA:204,10,1,0
BRDA:209,11,0,0
BRDA:209,11,1,0
BRDA:266,12,0,0
BRDA:266,12,1,0
BRDA:272,13,0,0
BRDA:272,13,1,0
BRDA:274,14,0,0
BRDA:274,14,1,0
BRDA:274,15,0,0
BRDA:274,15,1,0
BRDA:281,16,0,0
BRDA:281,16,1,0
BRF:34
BRH:0
end_of_record
TN:
SF:routes/profile.js
FN:14,(anonymous_0)
FN:43,(anonymous_1)
FN:59,(anonymous_2)
FN:73,(anonymous_3)
FNF:4
FNH:0
FNDA:0,(anonymous_0)
FNDA:0,(anonymous_1)
FNDA:0,(anonymous_2)
FNDA:0,(anonymous_3)
DA:5,0
DA:6,0
DA:7,0
DA:8,0
DA:9,0
DA:12,0
DA:19,0
DA:36,0
DA:41,0
DA:47,0
DA:52,0
DA:57,0
DA:66,0
DA:71,0
DA:78,0
DA:82,0
LF:16
LH:0
BRF:0
BRH:0
end_of_record
TN:
SF:routes/results.js
FN:15,(anonymous_0)
FN:43,(anonymous_1)
FN:64,(anonymous_2)
FN:95,(anonymous_3)
FN:96,(anonymous_4)
FN:104,(anonymous_5)
FN:138,(anonymous_6)
FN:142,(anonymous_7)
FNF:8
FNH:0
FNDA:0,(anonymous_0)
FNDA:0,(anonymous_1)
FNDA:0,(anonymous_2)
FNDA:0,(anonymous_3)
FNDA:0,(anonymous_4)
FNDA:0,(anonymous_5)
FNDA:0,(anonymous_6)
FNDA:0,(anonymous_7)
DA:5,0
DA:6,0
DA:7,0
DA:8,0
DA:9,0
DA:10,0
DA:13,0
DA:26,0
DA:36,0
DA:41,0
DA:45,0
DA:62,0
DA:64,0
DA:65,0
DA:66,0
DA:69,0
DA:70,0
DA:81,0
DA:82,0
DA:94,0
DA:95,0
DA:96,0
DA:98,0
DA:99,0
DA:100,0
DA:101,0
DA:104,0
DA:105,0
DA:106,0
DA:108,0
DA:109,0
DA:111,0
DA:112,0
DA:115,0
DA:116,0
DA:119,0
DA:120,0
DA:121,0
DA:122,0
DA:124,0
DA:125,0
DA:126,0
DA:129,0
DA:130,0
DA:131,0
DA:132,0
DA:137,0
DA:139,0
DA:140,0
DA:142,0
DA:147,0
DA:151,0
LF:52
LH:0
BRDA:69,0,0,0
BRDA:69,0,1,0
BRDA:81,1,0,0
BRDA:81,1,1,0
BRDA:94,2,0,0
BRDA:94,2,1,0
BRDA:94,3,0,0
BRDA:94,3,1,0
BRDA:111,4,0,0
BRDA:111,4,1,0
BRDA:119,5,0,0
BRDA:119,5,1,0
BRDA:139,6,0,0
BRDA:139,6,1,0
BRF:14
BRH:0
end_of_record
TN:
SF:routes/teams.js
FN:27,(anonymous_0)
FN:66,(anonymous_1)
FN:80,(anonymous_2)
FN:99,(anonymous_3)
FN:138,(anonymous_4)
FN:150,(anonymous_5)
FN:218,(anonymous_6)
FN:263,(anonymous_7)
FNF:8
FNH:0
FNDA:0,(anonymous_0)
FNDA:0,(anonymous_1)
FNDA:0,(anonymous_2)
FNDA:0,(anonymous_3)
FNDA:0,(anonymous_4)
FNDA:0,(anonymous_5)
FNDA:0,(anonymous_6)
FNDA:0,(anonymous_7)
DA:5,0
DA:6,0
DA:7,0
DA:8,0
DA:9,0
DA:15,0
DA:21,0
DA:24,0
DA:28,0
DA:29,0
DA:31,0
DA:33,0
DA:34,0
DA:37,0
DA:38,0
DA:41,0
DA:66,0
DA:80,0
DA:84,0
DA:96,0
DA:100,0
DA:102,0
DA:119,0
DA:120,0
DA:124,0
DA:138,0
DA:142,0
DA:147,0
DA:151,0
DA:154,0
DA:155,0
DA:157,0
DA:158,0
DA:162,0
DA:163,0
DA:167,0
DA:176,0
DA:185,0
DA:186,0
DA:189,0
DA:190,0
DA:194,0
DA:202,0
DA:209,0
DA:214,0
DA:219,0
DA:220,0
DA:222,0
DA:229,0
DA:230,0
DA:234,0
DA:236,0
DA:237,0
DA:246,0
DA:248,0
DA:255,0
DA:260,0
DA:264,0
DA:266,0
DA:273,0
DA:274,0
DA:278,0
DA:280,0
DA:281,0
DA:290,0
DA:292,0
DA:296,0
LF:67
LH:0
BRDA:33,0,0,0
BRDA:33,0,1,0
BRDA:37,1,0,0
BRDA:37,1,1,0
BRDA:70,2,0,0
BRDA:70,2,1,0
BRDA:75,3,0,0
BRDA:75,3,1,0
BRDA:81,4,0,0
BRDA:81,4,1,0
BRDA:119,5,0,0
BRDA:119,5,1,0
BRDA:128,6,0,0
BRDA:128,6,1,0
BRDA:133,7,0,0
BRDA:133,7,1,0
BRDA:139,8,0,0
BRDA:139,8,1,0
BRDA:157,9,0,0
BRDA:157,9,1,0
BRDA:157,10,0,0
BRDA:157,10,1,0
BRDA:162,11,0,0
BRDA:162,11,1,0
BRDA:162,12,0,0
BRDA:162,12,1,0
BRDA:185,13,0,0
BRDA:185,13,1,0
BRDA:189,14,0,0
BRDA:189,14,1,0
BRDA:229,15,0,0
BRDA:229,15,1,0
BRDA:234,16,0,0
BRDA:234,16,1,0
BRDA:236,17,0,0
BRDA:236,17,1,0
BRDA:273,18,0,0
BRDA:273,18,1,0
BRDA:278,19,0,0
BRDA:278,19,1,0
BRDA:280,20,0,0
BRDA:280,20,1,0
BRF:42
BRH:0
end_of_record
